[ 2013-03-30T18:08:09+08:00 ] 127.0.0.1 /tiaozao/htm/
INFO: [ app_begin ] --START--
INFO: Run ReadHtmlCache Behavior [ RunTime:0.001262s ]
INFO: [ app_begin ] --END-- [ RunTime:0.002018s ]
INFO: [ view_template ] --START--
INFO: Run LocationTemplate Behavior [ RunTime:0.001520s ]
INFO: [ view_template ] --END-- [ RunTime:0.001673s ]
INFO: [ view_parse ] --START--
INFO: Run ParseTemplate Behavior [ RunTime:0.023583s ]
INFO: [ view_parse ] --END-- [ RunTime:0.024132s ]
INFO: [ view_filter ] --START--
INFO: Run ContentReplace Behavior [ RunTime:0.002341s ]
INFO: Run TokenBuild Behavior [ RunTime:0.001294s ]
INFO: Run WriteHtmlCache Behavior [ RunTime:0.000572s ]
INFO: Run ShowRuntime Behavior [ RunTime:0.000674s ]
INFO: [ view_filter ] --END-- [ RunTime:0.005235s ]
INFO: [ view_end ] --START--

[ 2013-03-30T18:10:01+08:00 ] 127.0.0.1 /tiaozao/htm/
INFO: [ app_begin ] --START--
INFO: Run ReadHtmlCache Behavior [ RunTime:0.000811s ]
INFO: [ app_begin ] --END-- [ RunTime:0.000905s ]
INFO: [ view_template ] --START--
INFO: Run LocationTemplate Behavior [ RunTime:0.001695s ]
INFO: [ view_template ] --END-- [ RunTime:0.001820s ]
INFO: [ view_parse ] --START--
INFO: Run ParseTemplate Behavior [ RunTime:0.013991s ]
INFO: [ view_parse ] --END-- [ RunTime:0.014082s ]
INFO: [ view_filter ] --START--
INFO: Run ContentReplace Behavior [ RunTime:0.000808s ]
INFO: Run TokenBuild Behavior [ RunTime:0.001306s ]
INFO: Run WriteHtmlCache Behavior [ RunTime:0.000676s ]
INFO: Run ShowRuntime Behavior [ RunTime:0.000691s ]
INFO: [ view_filter ] --END-- [ RunTime:0.003721s ]
INFO: [ view_end ] --START--

[ 2013-03-30T18:10:11+08:00 ] 127.0.0.1 /tiaozao/htm/
INFO: [ app_begin ] --START--
INFO: Run ReadHtmlCache Behavior [ RunTime:0.001133s ]
INFO: [ app_begin ] --END-- [ RunTime:0.001246s ]
INFO: [ view_template ] --START--
INFO: Run LocationTemplate Behavior [ RunTime:0.001521s ]
INFO: [ view_template ] --END-- [ RunTime:0.001695s ]
INFO: [ view_parse ] --START--
INFO: Run ParseTemplate Behavior [ RunTime:0.013620s ]
INFO: [ view_parse ] --END-- [ RunTime:0.013722s ]
INFO: [ view_filter ] --START--
INFO: Run ContentReplace Behavior [ RunTime:0.000833s ]
INFO: Run TokenBuild Behavior [ RunTime:0.000737s ]
INFO: Run WriteHtmlCache Behavior [ RunTime:0.000613s ]
INFO: Run ShowRuntime Behavior [ RunTime:0.000700s ]
INFO: [ view_filter ] --END-- [ RunTime:0.003104s ]
INFO: [ view_end ] --START--

[ 2013-03-30T18:11:10+08:00 ] 127.0.0.1 /tiaozao/htm/
INFO: [ app_begin ] --START--
INFO: Run ReadHtmlCache Behavior [ RunTime:0.001054s ]
INFO: [ app_begin ] --END-- [ RunTime:0.001236s ]
INFO: [ view_template ] --START--
INFO: Run LocationTemplate Behavior [ RunTime:0.001245s ]
INFO: [ view_template ] --END-- [ RunTime:0.001381s ]
INFO: [ view_parse ] --START--
INFO: Run ParseTemplate Behavior [ RunTime:0.012154s ]
INFO: [ view_parse ] --END-- [ RunTime:0.012236s ]
INFO: [ view_filter ] --START--
INFO: Run ContentReplace Behavior [ RunTime:0.000721s ]
INFO: Run TokenBuild Behavior [ RunTime:0.000541s ]
INFO: Run WriteHtmlCache Behavior [ RunTime:0.000470s ]
INFO: Run ShowRuntime Behavior [ RunTime:0.000606s ]
INFO: [ view_filter ] --END-- [ RunTime:0.002487s ]
INFO: [ view_end ] --START--

[ 2013-03-30T18:11:43+08:00 ] 127.0.0.1 /tiaozao/htm/
INFO: [ app_begin ] --START--
INFO: Run ReadHtmlCache Behavior [ RunTime:0.001026s ]
INFO: [ app_begin ] --END-- [ RunTime:0.001123s ]
INFO: [ view_template ] --START--
INFO: Run LocationTemplate Behavior [ RunTime:0.001107s ]
INFO: [ view_template ] --END-- [ RunTime:0.001191s ]
INFO: [ view_parse ] --START--
INFO: Run ParseTemplate Behavior [ RunTime:0.013155s ]
INFO: [ view_parse ] --END-- [ RunTime:0.013259s ]
INFO: [ view_filter ] --START--
INFO: Run ContentReplace Behavior [ RunTime:0.000895s ]
INFO: Run TokenBuild Behavior [ RunTime:0.000662s ]
INFO: Run WriteHtmlCache Behavior [ RunTime:0.000531s ]
INFO: Run ShowRuntime Behavior [ RunTime:0.000646s ]
INFO: [ view_filter ] --END-- [ RunTime:0.002924s ]
INFO: [ view_end ] --START--

[ 2013-03-30T18:11:49+08:00 ] 127.0.0.1 /tiaozao/htm/
INFO: [ app_begin ] --START--
INFO: Run ReadHtmlCache Behavior [ RunTime:0.000972s ]
INFO: [ app_begin ] --END-- [ RunTime:0.001092s ]
INFO: [ view_template ] --START--
INFO: Run LocationTemplate Behavior [ RunTime:0.001207s ]
INFO: [ view_template ] --END-- [ RunTime:0.001409s ]
INFO: [ view_parse ] --START--
INFO: Run ParseTemplate Behavior [ RunTime:0.016221s ]
INFO: [ view_parse ] --END-- [ RunTime:0.016318s ]
INFO: [ view_filter ] --START--
INFO: Run ContentReplace Behavior [ RunTime:0.000902s ]
INFO: Run TokenBuild Behavior [ RunTime:0.000682s ]
INFO: Run WriteHtmlCache Behavior [ RunTime:0.000509s ]
INFO: Run ShowRuntime Behavior [ RunTime:0.000665s ]
INFO: [ view_filter ] --END-- [ RunTime:0.002937s ]
INFO: [ view_end ] --START--

[ 2013-03-30T18:11:54+08:00 ] 127.0.0.1 /tiaozao/htm/
INFO: [ app_begin ] --START--
INFO: Run ReadHtmlCache Behavior [ RunTime:0.000749s ]
INFO: [ app_begin ] --END-- [ RunTime:0.000836s ]
INFO: [ view_template ] --START--
INFO: Run LocationTemplate Behavior [ RunTime:0.001102s ]
INFO: [ view_template ] --END-- [ RunTime:0.001208s ]
INFO: [ view_parse ] --START--
INFO: Run ParseTemplate Behavior [ RunTime:0.013582s ]
INFO: [ view_parse ] --END-- [ RunTime:0.013738s ]
INFO: [ view_filter ] --START--
INFO: Run ContentReplace Behavior [ RunTime:0.001341s ]
INFO: Run TokenBuild Behavior [ RunTime:0.000855s ]
INFO: Run WriteHtmlCache Behavior [ RunTime:0.000684s ]
INFO: Run ShowRuntime Behavior [ RunTime:0.000625s ]
INFO: [ view_filter ] --END-- [ RunTime:0.003763s ]
INFO: [ view_end ] --START--

[ 2013-03-30T18:12:39+08:00 ] 127.0.0.1 /tiaozao/htm/
INFO: [ app_begin ] --START--
INFO: Run ReadHtmlCache Behavior [ RunTime:0.000774s ]
INFO: [ app_begin ] --END-- [ RunTime:0.000865s ]
INFO: [ view_template ] --START--
INFO: Run LocationTemplate Behavior [ RunTime:0.001117s ]
INFO: [ view_template ] --END-- [ RunTime:0.001209s ]
INFO: [ view_parse ] --START--
INFO: Run ParseTemplate Behavior [ RunTime:0.013974s ]
INFO: [ view_parse ] --END-- [ RunTime:0.014059s ]
INFO: [ view_filter ] --START--
INFO: Run ContentReplace Behavior [ RunTime:0.000715s ]
INFO: Run TokenBuild Behavior [ RunTime:0.000592s ]
INFO: Run WriteHtmlCache Behavior [ RunTime:0.000469s ]
INFO: Run ShowRuntime Behavior [ RunTime:0.000647s ]
INFO: [ view_filter ] --END-- [ RunTime:0.002588s ]
INFO: [ view_end ] --START--

[ 2013-03-30T18:13:40+08:00 ] 127.0.0.1 /tiaozao/htm/
INFO: [ app_begin ] --START--
INFO: Run ReadHtmlCache Behavior [ RunTime:0.000716s ]
INFO: [ app_begin ] --END-- [ RunTime:0.000798s ]
INFO: [ view_template ] --START--
INFO: Run LocationTemplate Behavior [ RunTime:0.001017s ]
INFO: [ view_template ] --END-- [ RunTime:0.001098s ]
INFO: [ view_parse ] --START--
INFO: Run ParseTemplate Behavior [ RunTime:0.012966s ]
INFO: [ view_parse ] --END-- [ RunTime:0.013050s ]
INFO: [ view_filter ] --START--
INFO: Run ContentReplace Behavior [ RunTime:0.000701s ]
INFO: Run TokenBuild Behavior [ RunTime:0.000547s ]
INFO: Run WriteHtmlCache Behavior [ RunTime:0.000475s ]
INFO: Run ShowRuntime Behavior [ RunTime:0.000912s ]
INFO: [ view_filter ] --END-- [ RunTime:0.002800s ]
INFO: [ view_end ] --START--

[ 2013-03-30T18:13:46+08:00 ] 127.0.0.1 /tiaozao/htm/
INFO: [ app_begin ] --START--
INFO: Run ReadHtmlCache Behavior [ RunTime:0.001167s ]
INFO: [ app_begin ] --END-- [ RunTime:0.001299s ]
INFO: [ view_template ] --START--
INFO: Run LocationTemplate Behavior [ RunTime:0.001707s ]
INFO: [ view_template ] --END-- [ RunTime:0.001847s ]
INFO: [ view_parse ] --START--
INFO: Run ParseTemplate Behavior [ RunTime:0.013398s ]
INFO: [ view_parse ] --END-- [ RunTime:0.013496s ]
INFO: [ view_filter ] --START--
INFO: Run ContentReplace Behavior [ RunTime:0.000740s ]
INFO: Run TokenBuild Behavior [ RunTime:0.000598s ]
INFO: Run WriteHtmlCache Behavior [ RunTime:0.000536s ]
INFO: Run ShowRuntime Behavior [ RunTime:0.001454s ]
INFO: [ view_filter ] --END-- [ RunTime:0.003538s ]
INFO: [ view_end ] --START--

[ 2013-03-30T18:14:59+08:00 ] 127.0.0.1 /tiaozao/htm/
INFO: [ app_begin ] --START--
INFO: Run ReadHtmlCache Behavior [ RunTime:0.000841s ]
INFO: [ app_begin ] --END-- [ RunTime:0.000938s ]
INFO: [ view_template ] --START--
INFO: Run LocationTemplate Behavior [ RunTime:0.002795s ]
INFO: [ view_template ] --END-- [ RunTime:0.002925s ]
INFO: [ view_parse ] --START--
INFO: Run ParseTemplate Behavior [ RunTime:0.016409s ]
INFO: [ view_parse ] --END-- [ RunTime:0.016577s ]
INFO: [ view_filter ] --START--
INFO: Run ContentReplace Behavior [ RunTime:0.001869s ]
INFO: Run TokenBuild Behavior [ RunTime:0.001769s ]
INFO: Run WriteHtmlCache Behavior [ RunTime:0.001100s ]
INFO: Run ShowRuntime Behavior [ RunTime:0.000941s ]
INFO: [ view_filter ] --END-- [ RunTime:0.006143s ]
INFO: [ view_end ] --START--

[ 2013-03-30T18:15:07+08:00 ] 127.0.0.1 /tiaozao/htm/
INFO: [ app_begin ] --START--
INFO: Run ReadHtmlCache Behavior [ RunTime:0.001162s ]
INFO: [ app_begin ] --END-- [ RunTime:0.001259s ]
INFO: [ view_template ] --START--
INFO: Run LocationTemplate Behavior [ RunTime:0.001626s ]
INFO: [ view_template ] --END-- [ RunTime:0.001793s ]
INFO: [ view_parse ] --START--
INFO: Run ParseTemplate Behavior [ RunTime:0.020396s ]
INFO: [ view_parse ] --END-- [ RunTime:0.020548s ]
INFO: [ view_filter ] --START--
INFO: Run ContentReplace Behavior [ RunTime:0.001356s ]
INFO: Run TokenBuild Behavior [ RunTime:0.001012s ]
INFO: Run WriteHtmlCache Behavior [ RunTime:0.000564s ]
INFO: Run ShowRuntime Behavior [ RunTime:0.000779s ]
INFO: [ view_filter ] --END-- [ RunTime:0.003944s ]
INFO: [ view_end ] --START--

[ 2013-03-30T18:15:40+08:00 ] 127.0.0.1 /tiaozao/htm/
INFO: [ app_begin ] --START--
INFO: Run ReadHtmlCache Behavior [ RunTime:0.001131s ]
INFO: [ app_begin ] --END-- [ RunTime:0.001241s ]
INFO: [ view_template ] --START--
INFO: Run LocationTemplate Behavior [ RunTime:0.001475s ]
INFO: [ view_template ] --END-- [ RunTime:0.001587s ]
INFO: [ view_parse ] --START--
INFO: Run ParseTemplate Behavior [ RunTime:0.013588s ]
INFO: [ view_parse ] --END-- [ RunTime:0.013680s ]
INFO: [ view_filter ] --START--
INFO: Run ContentReplace Behavior [ RunTime:0.000737s ]
INFO: Run TokenBuild Behavior [ RunTime:0.000719s ]
INFO: Run WriteHtmlCache Behavior [ RunTime:0.000602s ]
INFO: Run ShowRuntime Behavior [ RunTime:0.000806s ]
INFO: [ view_filter ] --END-- [ RunTime:0.003074s ]
INFO: [ view_end ] --START--

[ 2013-03-30T18:20:22+08:00 ] 127.0.0.1 /tiaozao/htm/
INFO: [ app_begin ] --START--
INFO: Run ReadHtmlCache Behavior [ RunTime:0.000882s ]
INFO: [ app_begin ] --END-- [ RunTime:0.000974s ]
INFO: [ view_template ] --START--
INFO: Run LocationTemplate Behavior [ RunTime:0.001343s ]
INFO: [ view_template ] --END-- [ RunTime:0.001435s ]
INFO: [ view_parse ] --START--
INFO: Run ParseTemplate Behavior [ RunTime:0.012845s ]
INFO: [ view_parse ] --END-- [ RunTime:0.012932s ]
INFO: [ view_filter ] --START--
INFO: Run ContentReplace Behavior [ RunTime:0.000707s ]
INFO: Run TokenBuild Behavior [ RunTime:0.000608s ]
INFO: Run WriteHtmlCache Behavior [ RunTime:0.000489s ]
INFO: Run ShowRuntime Behavior [ RunTime:0.000649s ]
INFO: [ view_filter ] --END-- [ RunTime:0.002605s ]
INFO: [ view_end ] --START--

[ 2013-03-30T18:20:26+08:00 ] 127.0.0.1 /tiaozao/htm/
INFO: [ app_begin ] --START--
INFO: Run ReadHtmlCache Behavior [ RunTime:0.000702s ]
INFO: [ app_begin ] --END-- [ RunTime:0.000785s ]
INFO: [ view_template ] --START--
INFO: Run LocationTemplate Behavior [ RunTime:0.001087s ]
INFO: [ view_template ] --END-- [ RunTime:0.001174s ]
INFO: [ view_parse ] --START--
INFO: Run ParseTemplate Behavior [ RunTime:0.012034s ]
INFO: [ view_parse ] --END-- [ RunTime:0.012117s ]
INFO: [ view_filter ] --START--
INFO: Run ContentReplace Behavior [ RunTime:0.000715s ]
INFO: Run TokenBuild Behavior [ RunTime:0.000548s ]
INFO: Run WriteHtmlCache Behavior [ RunTime:0.000487s ]
INFO: Run ShowRuntime Behavior [ RunTime:0.000669s ]
INFO: [ view_filter ] --END-- [ RunTime:0.002608s ]
INFO: [ view_end ] --START--

[ 2013-03-30T18:20:32+08:00 ] 127.0.0.1 /tiaozao/htm/
INFO: [ app_begin ] --START--
INFO: Run ReadHtmlCache Behavior [ RunTime:0.001312s ]
INFO: [ app_begin ] --END-- [ RunTime:0.001440s ]
INFO: [ view_template ] --START--
INFO: Run LocationTemplate Behavior [ RunTime:0.001731s ]
INFO: [ view_template ] --END-- [ RunTime:0.001919s ]
INFO: [ view_parse ] --START--
INFO: Run ParseTemplate Behavior [ RunTime:0.019711s ]
INFO: [ view_parse ] --END-- [ RunTime:0.020086s ]
INFO: [ view_filter ] --START--
INFO: Run ContentReplace Behavior [ RunTime:0.001778s ]
INFO: Run TokenBuild Behavior [ RunTime:0.001436s ]
INFO: Run WriteHtmlCache Behavior [ RunTime:0.001688s ]
INFO: Run ShowRuntime Behavior [ RunTime:0.000952s ]
INFO: [ view_filter ] --END-- [ RunTime:0.006280s ]
INFO: [ view_end ] --START--

[ 2013-03-30T18:21:05+08:00 ] 127.0.0.1 /tiaozao/htm/
INFO: [ app_begin ] --START--
INFO: Run ReadHtmlCache Behavior [ RunTime:0.000808s ]
INFO: [ app_begin ] --END-- [ RunTime:0.000918s ]
INFO: [ view_template ] --START--
INFO: Run LocationTemplate Behavior [ RunTime:0.001113s ]
INFO: [ view_template ] --END-- [ RunTime:0.001275s ]
INFO: [ view_parse ] --START--
INFO: Run ParseTemplate Behavior [ RunTime:0.012931s ]
INFO: [ view_parse ] --END-- [ RunTime:0.013031s ]
INFO: [ view_filter ] --START--
INFO: Run ContentReplace Behavior [ RunTime:0.000687s ]
INFO: Run TokenBuild Behavior [ RunTime:0.000538s ]
INFO: Run WriteHtmlCache Behavior [ RunTime:0.000468s ]
INFO: Run ShowRuntime Behavior [ RunTime:0.000601s ]
INFO: [ view_filter ] --END-- [ RunTime:0.002441s ]
INFO: [ view_end ] --START--

[ 2013-03-30T18:22:41+08:00 ] 127.0.0.1 /tiaozao/htm/
INFO: [ app_begin ] --START--
INFO: Run ReadHtmlCache Behavior [ RunTime:0.000978s ]
INFO: [ app_begin ] --END-- [ RunTime:0.001110s ]
INFO: [ view_template ] --START--
INFO: Run LocationTemplate Behavior [ RunTime:0.001233s ]
INFO: [ view_template ] --END-- [ RunTime:0.001330s ]
INFO: [ view_parse ] --START--
INFO: Run ParseTemplate Behavior [ RunTime:0.012095s ]
INFO: [ view_parse ] --END-- [ RunTime:0.012176s ]
INFO: [ view_filter ] --START--
INFO: Run ContentReplace Behavior [ RunTime:0.000813s ]
INFO: Run TokenBuild Behavior [ RunTime:0.000643s ]
INFO: Run WriteHtmlCache Behavior [ RunTime:0.000485s ]
INFO: Run ShowRuntime Behavior [ RunTime:0.001089s ]
INFO: [ view_filter ] --END-- [ RunTime:0.003212s ]
INFO: [ view_end ] --START--

[ 2013-03-30T18:23:11+08:00 ] 127.0.0.1 /tiaozao/htm/
INFO: [ app_begin ] --START--
INFO: Run ReadHtmlCache Behavior [ RunTime:0.001235s ]
INFO: [ app_begin ] --END-- [ RunTime:0.001326s ]
INFO: [ view_template ] --START--
INFO: Run LocationTemplate Behavior [ RunTime:0.001833s ]
INFO: [ view_template ] --END-- [ RunTime:0.001990s ]
INFO: [ view_parse ] --START--
INFO: Run ParseTemplate Behavior [ RunTime:0.012208s ]
INFO: [ view_parse ] --END-- [ RunTime:0.012493s ]
INFO: [ view_filter ] --START--
INFO: Run ContentReplace Behavior [ RunTime:0.001655s ]
INFO: Run TokenBuild Behavior [ RunTime:0.000859s ]
INFO: Run WriteHtmlCache Behavior [ RunTime:0.000612s ]
INFO: Run ShowRuntime Behavior [ RunTime:0.000722s ]
INFO: [ view_filter ] --END-- [ RunTime:0.004082s ]
INFO: [ view_end ] --START--

[ 2013-03-30T18:23:30+08:00 ] 127.0.0.1 /tiaozao/htm/
INFO: [ app_begin ] --START--
INFO: Run ReadHtmlCache Behavior [ RunTime:0.000724s ]
INFO: [ app_begin ] --END-- [ RunTime:0.000803s ]
INFO: [ view_template ] --START--
INFO: Run LocationTemplate Behavior [ RunTime:0.001026s ]
INFO: [ view_template ] --END-- [ RunTime:0.001104s ]
INFO: [ view_parse ] --START--
INFO: Run ParseTemplate Behavior [ RunTime:0.011448s ]
INFO: [ view_parse ] --END-- [ RunTime:0.011528s ]
INFO: [ view_filter ] --START--
INFO: Run ContentReplace Behavior [ RunTime:0.000699s ]
INFO: Run TokenBuild Behavior [ RunTime:0.000547s ]
INFO: Run WriteHtmlCache Behavior [ RunTime:0.000472s ]
INFO: Run ShowRuntime Behavior [ RunTime:0.000614s ]
INFO: [ view_filter ] --END-- [ RunTime:0.002481s ]
INFO: [ view_end ] --START--

[ 2013-03-30T18:24:19+08:00 ] 127.0.0.1 /tiaozao/htm/
INFO: [ app_begin ] --START--
INFO: Run ReadHtmlCache Behavior [ RunTime:0.001248s ]
INFO: [ app_begin ] --END-- [ RunTime:0.001382s ]
INFO: [ view_template ] --START--
INFO: Run LocationTemplate Behavior [ RunTime:0.001739s ]
INFO: [ view_template ] --END-- [ RunTime:0.001871s ]
INFO: [ view_parse ] --START--
INFO: Run ParseTemplate Behavior [ RunTime:0.013162s ]
INFO: [ view_parse ] --END-- [ RunTime:0.013259s ]
INFO: [ view_filter ] --START--
INFO: Run ContentReplace Behavior [ RunTime:0.000754s ]
INFO: Run TokenBuild Behavior [ RunTime:0.000593s ]
INFO: Run WriteHtmlCache Behavior [ RunTime:0.000481s ]
INFO: Run ShowRuntime Behavior [ RunTime:0.000629s ]
INFO: [ view_filter ] --END-- [ RunTime:0.002618s ]
INFO: [ view_end ] --START--

[ 2013-03-30T18:30:24+08:00 ] 127.0.0.1 /tiaozao/htm/
INFO: [ app_begin ] --START--
INFO: Run ReadHtmlCache Behavior [ RunTime:0.001110s ]
INFO: [ app_begin ] --END-- [ RunTime:0.001241s ]
INFO: [ view_template ] --START--
INFO: Run LocationTemplate Behavior [ RunTime:0.001579s ]
INFO: [ view_template ] --END-- [ RunTime:0.001765s ]
INFO: [ view_parse ] --START--
INFO: Run ParseTemplate Behavior [ RunTime:0.017762s ]
INFO: [ view_parse ] --END-- [ RunTime:0.018020s ]
INFO: [ view_filter ] --START--
INFO: Run ContentReplace Behavior [ RunTime:0.001373s ]
INFO: Run TokenBuild Behavior [ RunTime:0.001029s ]
INFO: Run WriteHtmlCache Behavior [ RunTime:0.002905s ]
INFO: Run ShowRuntime Behavior [ RunTime:0.004235s ]
INFO: [ view_filter ] --END-- [ RunTime:0.010013s ]
INFO: [ view_end ] --START--

[ 2013-03-30T18:38:48+08:00 ] 127.0.0.1 /tiaozao/htm/
INFO: [ app_begin ] --START--
INFO: Run ReadHtmlCache Behavior [ RunTime:0.000816s ]
INFO: [ app_begin ] --END-- [ RunTime:0.000900s ]
INFO: [ view_template ] --START--
INFO: Run LocationTemplate Behavior [ RunTime:0.001141s ]
INFO: [ view_template ] --END-- [ RunTime:0.001227s ]
INFO: [ view_parse ] --START--
NOTIC: [8] Undefined variable: THINK F:\web\tiaozao\runtime\cache\home\8963d41e970bc617693f8fedcf2106bf.php 第 281 行.
INFO: Run ParseTemplate Behavior [ RunTime:0.012956s ]
INFO: [ view_parse ] --END-- [ RunTime:0.013020s ]
INFO: [ view_filter ] --START--
INFO: Run ContentReplace Behavior [ RunTime:0.000785s ]
INFO: Run TokenBuild Behavior [ RunTime:0.000840s ]
INFO: Run WriteHtmlCache Behavior [ RunTime:0.000554s ]
INFO: Run ShowRuntime Behavior [ RunTime:0.000727s ]
INFO: [ view_filter ] --END-- [ RunTime:0.003112s ]
INFO: [ view_end ] --START--

[ 2013-03-30T18:38:52+08:00 ] 127.0.0.1 /tiaozao/htm/
INFO: [ app_begin ] --START--
INFO: Run ReadHtmlCache Behavior [ RunTime:0.001197s ]
INFO: [ app_begin ] --END-- [ RunTime:0.001389s ]
INFO: [ view_template ] --START--
INFO: Run LocationTemplate Behavior [ RunTime:0.001801s ]
INFO: [ view_template ] --END-- [ RunTime:0.002014s ]
INFO: [ view_parse ] --START--
NOTIC: [8] Undefined variable: THINK F:\web\tiaozao\runtime\cache\home\8963d41e970bc617693f8fedcf2106bf.php 第 281 行.
INFO: Run ParseTemplate Behavior [ RunTime:0.019728s ]
INFO: [ view_parse ] --END-- [ RunTime:0.019828s ]
INFO: [ view_filter ] --START--
INFO: Run ContentReplace Behavior [ RunTime:0.003371s ]
INFO: Run TokenBuild Behavior [ RunTime:0.001557s ]
INFO: Run WriteHtmlCache Behavior [ RunTime:0.001672s ]
INFO: Run ShowRuntime Behavior [ RunTime:0.001009s ]
INFO: [ view_filter ] --END-- [ RunTime:0.008490s ]
INFO: [ view_end ] --START--

[ 2013-03-30T18:39:34+08:00 ] 127.0.0.1 /tiaozao/htm/
INFO: [ app_begin ] --START--
INFO: Run ReadHtmlCache Behavior [ RunTime:0.000932s ]
INFO: [ app_begin ] --END-- [ RunTime:0.001100s ]
INFO: [ view_template ] --START--
INFO: Run LocationTemplate Behavior [ RunTime:0.001455s ]
INFO: [ view_template ] --END-- [ RunTime:0.001583s ]
INFO: [ view_parse ] --START--
NOTIC: [8] Undefined variable: THINK F:\web\tiaozao\runtime\cache\home\8963d41e970bc617693f8fedcf2106bf.php 第 281 行.
INFO: Run ParseTemplate Behavior [ RunTime:0.024441s ]
INFO: [ view_parse ] --END-- [ RunTime:0.024536s ]
INFO: [ view_filter ] --START--
INFO: Run ContentReplace Behavior [ RunTime:0.001237s ]
INFO: Run TokenBuild Behavior [ RunTime:0.001176s ]
INFO: Run WriteHtmlCache Behavior [ RunTime:0.001114s ]
INFO: Run ShowRuntime Behavior [ RunTime:0.001429s ]
INFO: [ view_filter ] --END-- [ RunTime:0.005449s ]
INFO: [ view_end ] --START--

[ 2013-03-30T18:39:54+08:00 ] 127.0.0.1 /tiaozao/htm/
INFO: [ app_begin ] --START--
INFO: Run ReadHtmlCache Behavior [ RunTime:0.000723s ]
INFO: [ app_begin ] --END-- [ RunTime:0.000802s ]
INFO: [ view_template ] --START--
INFO: Run LocationTemplate Behavior [ RunTime:0.001216s ]
INFO: [ view_template ] --END-- [ RunTime:0.001324s ]
INFO: [ view_parse ] --START--
INFO: Run ParseTemplate Behavior [ RunTime:0.011292s ]
INFO: [ view_parse ] --END-- [ RunTime:0.011391s ]
INFO: [ view_filter ] --START--
INFO: Run ContentReplace Behavior [ RunTime:0.000630s ]
INFO: Run TokenBuild Behavior [ RunTime:0.000538s ]
INFO: Run WriteHtmlCache Behavior [ RunTime:0.000472s ]
INFO: Run ShowRuntime Behavior [ RunTime:0.000851s ]
INFO: [ view_filter ] --END-- [ RunTime:0.002671s ]
INFO: [ view_end ] --START--

[ 2013-03-30T18:40:26+08:00 ] 127.0.0.1 /tiaozao/htm/
INFO: [ app_begin ] --START--
INFO: Run ReadHtmlCache Behavior [ RunTime:0.000904s ]
INFO: [ app_begin ] --END-- [ RunTime:0.001008s ]
INFO: [ view_template ] --START--
INFO: Run LocationTemplate Behavior [ RunTime:0.001034s ]
INFO: [ view_template ] --END-- [ RunTime:0.001122s ]
INFO: [ view_parse ] --START--
INFO: Run ParseTemplate Behavior [ RunTime:0.010895s ]
INFO: [ view_parse ] --END-- [ RunTime:0.011008s ]
INFO: [ view_filter ] --START--
INFO: Run ContentReplace Behavior [ RunTime:0.000955s ]
INFO: Run TokenBuild Behavior [ RunTime:0.000882s ]
INFO: Run WriteHtmlCache Behavior [ RunTime:0.000672s ]
INFO: Run ShowRuntime Behavior [ RunTime:0.000760s ]
INFO: [ view_filter ] --END-- [ RunTime:0.003534s ]
INFO: [ view_end ] --START--

[ 2013-03-30T18:40:41+08:00 ] 127.0.0.1 /tiaozao/htm/
INFO: [ app_begin ] --START--
INFO: Run ReadHtmlCache Behavior [ RunTime:0.000812s ]
INFO: [ app_begin ] --END-- [ RunTime:0.000908s ]
INFO: [ view_template ] --START--
INFO: Run LocationTemplate Behavior [ RunTime:0.001075s ]
INFO: [ view_template ] --END-- [ RunTime:0.001162s ]
INFO: [ view_parse ] --START--
INFO: Run ParseTemplate Behavior [ RunTime:0.011125s ]
INFO: [ view_parse ] --END-- [ RunTime:0.011220s ]
INFO: [ view_filter ] --START--
INFO: Run ContentReplace Behavior [ RunTime:0.000619s ]
INFO: Run TokenBuild Behavior [ RunTime:0.000636s ]
INFO: Run WriteHtmlCache Behavior [ RunTime:0.000486s ]
INFO: Run ShowRuntime Behavior [ RunTime:0.000600s ]
INFO: [ view_filter ] --END-- [ RunTime:0.002503s ]
INFO: [ view_end ] --START--

[ 2013-03-30T18:41:09+08:00 ] 127.0.0.1 /tiaozao/htm/
INFO: [ app_begin ] --START--
INFO: Run ReadHtmlCache Behavior [ RunTime:0.002027s ]
INFO: [ app_begin ] --END-- [ RunTime:0.002280s ]
INFO: [ view_template ] --START--
INFO: Run LocationTemplate Behavior [ RunTime:0.001673s ]
INFO: [ view_template ] --END-- [ RunTime:0.001836s ]
INFO: [ view_parse ] --START--
INFO: Run ParseTemplate Behavior [ RunTime:0.014228s ]
INFO: [ view_parse ] --END-- [ RunTime:0.014358s ]
INFO: [ view_filter ] --START--
INFO: Run ContentReplace Behavior [ RunTime:0.000827s ]
INFO: Run TokenBuild Behavior [ RunTime:0.000614s ]
INFO: Run WriteHtmlCache Behavior [ RunTime:0.000482s ]
INFO: Run ShowRuntime Behavior [ RunTime:0.000678s ]
INFO: [ view_filter ] --END-- [ RunTime:0.002791s ]
INFO: [ view_end ] --START--

[ 2013-03-30T18:41:45+08:00 ] 127.0.0.1 /tiaozao/htm/
INFO: [ app_begin ] --START--
INFO: Run ReadHtmlCache Behavior [ RunTime:0.000865s ]
INFO: [ app_begin ] --END-- [ RunTime:0.000968s ]
INFO: [ view_template ] --START--
INFO: Run LocationTemplate Behavior [ RunTime:0.001843s ]
INFO: [ view_template ] --END-- [ RunTime:0.002079s ]
INFO: [ view_parse ] --START--
INFO: Run ParseTemplate Behavior [ RunTime:0.012912s ]
INFO: [ view_parse ] --END-- [ RunTime:0.013030s ]
INFO: [ view_filter ] --START--
INFO: Run ContentReplace Behavior [ RunTime:0.001364s ]
INFO: Run TokenBuild Behavior [ RunTime:0.001297s ]
INFO: Run WriteHtmlCache Behavior [ RunTime:0.000599s ]
INFO: Run ShowRuntime Behavior [ RunTime:0.000780s ]
INFO: [ view_filter ] --END-- [ RunTime:0.004333s ]
INFO: [ view_end ] --START--

[ 2013-03-30T18:43:45+08:00 ] 127.0.0.1 /tiaozao/htm/
INFO: [ app_begin ] --START--
INFO: Run ReadHtmlCache Behavior [ RunTime:0.001011s ]
INFO: [ app_begin ] --END-- [ RunTime:0.001132s ]
INFO: [ view_template ] --START--
INFO: Run LocationTemplate Behavior [ RunTime:0.001351s ]
INFO: [ view_template ] --END-- [ RunTime:0.001458s ]
INFO: [ view_parse ] --START--
INFO: Run ParseTemplate Behavior [ RunTime:0.020773s ]
INFO: [ view_parse ] --END-- [ RunTime:0.020945s ]
INFO: [ view_filter ] --START--
INFO: Run ContentReplace Behavior [ RunTime:0.002665s ]
INFO: Run TokenBuild Behavior [ RunTime:0.001623s ]
INFO: Run WriteHtmlCache Behavior [ RunTime:0.001016s ]
INFO: Run ShowRuntime Behavior [ RunTime:0.000934s ]
INFO: [ view_filter ] --END-- [ RunTime:0.006795s ]
INFO: [ view_end ] --START--

[ 2013-03-30T18:43:51+08:00 ] 127.0.0.1 /tiaozao/htm/
INFO: [ app_begin ] --START--
INFO: Run ReadHtmlCache Behavior [ RunTime:0.001072s ]
INFO: [ app_begin ] --END-- [ RunTime:0.001219s ]
INFO: [ view_template ] --START--
INFO: Run LocationTemplate Behavior [ RunTime:0.001182s ]
INFO: [ view_template ] --END-- [ RunTime:0.001323s ]
INFO: [ view_parse ] --START--
INFO: Run ParseTemplate Behavior [ RunTime:0.019720s ]
INFO: [ view_parse ] --END-- [ RunTime:0.019892s ]
INFO: [ view_filter ] --START--
INFO: Run ContentReplace Behavior [ RunTime:0.005269s ]
INFO: Run TokenBuild Behavior [ RunTime:0.001179s ]
INFO: Run WriteHtmlCache Behavior [ RunTime:0.000874s ]
INFO: Run ShowRuntime Behavior [ RunTime:0.001095s ]
INFO: [ view_filter ] --END-- [ RunTime:0.008803s ]
INFO: [ view_end ] --START--

[ 2013-03-30T18:46:44+08:00 ] 127.0.0.1 /tiaozao/htm/
INFO: [ app_begin ] --START--
INFO: Run ReadHtmlCache Behavior [ RunTime:0.000809s ]
INFO: [ app_begin ] --END-- [ RunTime:0.000896s ]
INFO: [ view_template ] --START--
INFO: Run LocationTemplate Behavior [ RunTime:0.001248s ]
INFO: [ view_template ] --END-- [ RunTime:0.001337s ]
INFO: [ view_parse ] --START--
INFO: Run ParseTemplate Behavior [ RunTime:0.013281s ]
INFO: [ view_parse ] --END-- [ RunTime:0.013369s ]
INFO: [ view_filter ] --START--
INFO: Run ContentReplace Behavior [ RunTime:0.000692s ]
INFO: Run TokenBuild Behavior [ RunTime:0.000566s ]
INFO: Run WriteHtmlCache Behavior [ RunTime:0.000468s ]
INFO: Run ShowRuntime Behavior [ RunTime:0.000628s ]
INFO: [ view_filter ] --END-- [ RunTime:0.002503s ]
INFO: [ view_end ] --START--

[ 2013-03-30T18:47:25+08:00 ] 127.0.0.1 /tiaozao/htm/
INFO: [ app_begin ] --START--
INFO: Run ReadHtmlCache Behavior [ RunTime:0.000981s ]
INFO: [ app_begin ] --END-- [ RunTime:0.001157s ]
INFO: [ view_template ] --START--
INFO: Run LocationTemplate Behavior [ RunTime:0.001213s ]
INFO: [ view_template ] --END-- [ RunTime:0.001337s ]
INFO: [ view_parse ] --START--
INFO: Run ParseTemplate Behavior [ RunTime:0.012142s ]
INFO: [ view_parse ] --END-- [ RunTime:0.012235s ]
INFO: [ view_filter ] --START--
INFO: Run ContentReplace Behavior [ RunTime:0.000700s ]
INFO: Run TokenBuild Behavior [ RunTime:0.000530s ]
INFO: Run WriteHtmlCache Behavior [ RunTime:0.000464s ]
INFO: Run ShowRuntime Behavior [ RunTime:0.000620s ]
INFO: [ view_filter ] --END-- [ RunTime:0.002488s ]
INFO: [ view_end ] --START--

[ 2013-03-30T18:47:38+08:00 ] 127.0.0.1 /tiaozao/htm/
INFO: [ app_begin ] --START--
INFO: Run ReadHtmlCache Behavior [ RunTime:0.001002s ]
INFO: [ app_begin ] --END-- [ RunTime:0.001121s ]
INFO: [ view_template ] --START--
INFO: Run LocationTemplate Behavior [ RunTime:0.001696s ]
INFO: [ view_template ] --END-- [ RunTime:0.001824s ]
INFO: [ view_parse ] --START--
INFO: Run ParseTemplate Behavior [ RunTime:0.012465s ]
INFO: [ view_parse ] --END-- [ RunTime:0.012740s ]
INFO: [ view_filter ] --START--
INFO: Run ContentReplace Behavior [ RunTime:0.001966s ]
INFO: Run TokenBuild Behavior [ RunTime:0.002253s ]
INFO: Run WriteHtmlCache Behavior [ RunTime:0.000663s ]
INFO: Run ShowRuntime Behavior [ RunTime:0.000716s ]
INFO: [ view_filter ] --END-- [ RunTime:0.006031s ]
INFO: [ view_end ] --START--

[ 2013-03-30T18:47:58+08:00 ] 127.0.0.1 /tiaozao/htm/
INFO: [ app_begin ] --START--
INFO: Run ReadHtmlCache Behavior [ RunTime:0.000989s ]
INFO: [ app_begin ] --END-- [ RunTime:0.001092s ]
INFO: [ view_template ] --START--
INFO: Run LocationTemplate Behavior [ RunTime:0.001419s ]
INFO: [ view_template ] --END-- [ RunTime:0.001585s ]
INFO: [ view_parse ] --START--
INFO: Run ParseTemplate Behavior [ RunTime:0.013174s ]
INFO: [ view_parse ] --END-- [ RunTime:0.013266s ]
INFO: [ view_filter ] --START--
INFO: Run ContentReplace Behavior [ RunTime:0.000778s ]
INFO: Run TokenBuild Behavior [ RunTime:0.000616s ]
INFO: Run WriteHtmlCache Behavior [ RunTime:0.000476s ]
INFO: Run ShowRuntime Behavior [ RunTime:0.000602s ]
INFO: [ view_filter ] --END-- [ RunTime:0.002643s ]
INFO: [ view_end ] --START--

[ 2013-03-30T18:49:24+08:00 ] 127.0.0.1 /tiaozao/htm/
INFO: [ app_begin ] --START--
INFO: Run ReadHtmlCache Behavior [ RunTime:0.000805s ]
INFO: [ app_begin ] --END-- [ RunTime:0.000891s ]
INFO: [ view_template ] --START--
INFO: Run LocationTemplate Behavior [ RunTime:0.001264s ]
INFO: [ view_template ] --END-- [ RunTime:0.001354s ]
INFO: [ view_parse ] --START--
INFO: Run ParseTemplate Behavior [ RunTime:0.012050s ]
INFO: [ view_parse ] --END-- [ RunTime:0.012136s ]
INFO: [ view_filter ] --START--
INFO: Run ContentReplace Behavior [ RunTime:0.000648s ]
INFO: Run TokenBuild Behavior [ RunTime:0.000633s ]
INFO: Run WriteHtmlCache Behavior [ RunTime:0.000518s ]
INFO: Run ShowRuntime Behavior [ RunTime:0.000653s ]
INFO: [ view_filter ] --END-- [ RunTime:0.002609s ]
INFO: [ view_end ] --START--

[ 2013-03-30T18:53:00+08:00 ] 127.0.0.1 /tiaozao/htm/
INFO: [ app_begin ] --START--
INFO: Run ReadHtmlCache Behavior [ RunTime:0.000908s ]
INFO: [ app_begin ] --END-- [ RunTime:0.001003s ]
INFO: [ view_template ] --START--
INFO: Run LocationTemplate Behavior [ RunTime:0.001303s ]
INFO: [ view_template ] --END-- [ RunTime:0.001421s ]
INFO: [ view_parse ] --START--
INFO: Run ParseTemplate Behavior [ RunTime:0.016062s ]
INFO: [ view_parse ] --END-- [ RunTime:0.016160s ]
INFO: [ view_filter ] --START--
INFO: Run ContentReplace Behavior [ RunTime:0.000772s ]
INFO: Run TokenBuild Behavior [ RunTime:0.000752s ]
INFO: Run WriteHtmlCache Behavior [ RunTime:0.000950s ]
INFO: Run ShowRuntime Behavior [ RunTime:0.003357s ]
INFO: [ view_filter ] --END-- [ RunTime:0.006117s ]
INFO: [ view_end ] --START--

[ 2013-03-30T18:54:11+08:00 ] 127.0.0.1 /tiaozao/htm/
INFO: [ app_begin ] --START--
INFO: Run ReadHtmlCache Behavior [ RunTime:0.000709s ]
INFO: [ app_begin ] --END-- [ RunTime:0.000787s ]
INFO: [ view_template ] --START--
INFO: Run LocationTemplate Behavior [ RunTime:0.001198s ]
INFO: [ view_template ] --END-- [ RunTime:0.001371s ]
INFO: [ view_parse ] --START--
INFO: Run ParseTemplate Behavior [ RunTime:0.012676s ]
INFO: [ view_parse ] --END-- [ RunTime:0.012770s ]
INFO: [ view_filter ] --START--
INFO: Run ContentReplace Behavior [ RunTime:0.000636s ]
INFO: Run TokenBuild Behavior [ RunTime:0.000534s ]
INFO: Run WriteHtmlCache Behavior [ RunTime:0.000477s ]
INFO: Run ShowRuntime Behavior [ RunTime:0.000676s ]
INFO: [ view_filter ] --END-- [ RunTime:0.002488s ]
INFO: [ view_end ] --START--

[ 2013-03-30T18:55:24+08:00 ] 127.0.0.1 /tiaozao/htm/
INFO: [ app_begin ] --START--
INFO: Run ReadHtmlCache Behavior [ RunTime:0.000983s ]
INFO: [ app_begin ] --END-- [ RunTime:0.001091s ]
INFO: [ view_template ] --START--
INFO: Run LocationTemplate Behavior [ RunTime:0.001873s ]
INFO: [ view_template ] --END-- [ RunTime:0.002005s ]
INFO: [ view_parse ] --START--
INFO: Run ParseTemplate Behavior [ RunTime:0.013042s ]
INFO: [ view_parse ] --END-- [ RunTime:0.013142s ]
INFO: [ view_filter ] --START--
INFO: Run ContentReplace Behavior [ RunTime:0.000647s ]
INFO: Run TokenBuild Behavior [ RunTime:0.000589s ]
INFO: Run WriteHtmlCache Behavior [ RunTime:0.000476s ]
INFO: Run ShowRuntime Behavior [ RunTime:0.000668s ]
INFO: [ view_filter ] --END-- [ RunTime:0.002535s ]
INFO: [ view_end ] --START--

[ 2013-03-30T19:01:05+08:00 ] 127.0.0.1 /tiaozao/htm/
INFO: [ app_begin ] --START--
INFO: Run ReadHtmlCache Behavior [ RunTime:0.001092s ]
INFO: [ app_begin ] --END-- [ RunTime:0.001267s ]
INFO: [ view_template ] --START--
INFO: Run LocationTemplate Behavior [ RunTime:0.001351s ]
INFO: [ view_template ] --END-- [ RunTime:0.001477s ]
INFO: [ view_parse ] --START--
INFO: Run ParseTemplate Behavior [ RunTime:0.014496s ]
INFO: [ view_parse ] --END-- [ RunTime:0.014584s ]
INFO: [ view_filter ] --START--
INFO: Run ContentReplace Behavior [ RunTime:0.000646s ]
INFO: Run TokenBuild Behavior [ RunTime:0.000760s ]
INFO: Run WriteHtmlCache Behavior [ RunTime:0.000564s ]
INFO: Run ShowRuntime Behavior [ RunTime:0.000748s ]
INFO: [ view_filter ] --END-- [ RunTime:0.002897s ]
INFO: [ view_end ] --START--

[ 2013-03-30T19:01:15+08:00 ] 127.0.0.1 /tiaozao/htm/
INFO: [ app_begin ] --START--
INFO: Run ReadHtmlCache Behavior [ RunTime:0.000929s ]
INFO: [ app_begin ] --END-- [ RunTime:0.001013s ]
INFO: [ view_template ] --START--
INFO: Run LocationTemplate Behavior [ RunTime:0.001371s ]
INFO: [ view_template ] --END-- [ RunTime:0.001490s ]
INFO: [ view_parse ] --START--
INFO: Run ParseTemplate Behavior [ RunTime:0.015422s ]
INFO: [ view_parse ] --END-- [ RunTime:0.015561s ]
INFO: [ view_filter ] --START--
INFO: Run ContentReplace Behavior [ RunTime:0.000794s ]
INFO: Run TokenBuild Behavior [ RunTime:0.000730s ]
INFO: Run WriteHtmlCache Behavior [ RunTime:0.000579s ]
INFO: Run ShowRuntime Behavior [ RunTime:0.002316s ]
INFO: [ view_filter ] --END-- [ RunTime:0.005544s ]
INFO: [ view_end ] --START--

[ 2013-03-30T19:02:12+08:00 ] 127.0.0.1 /tiaozao/htm/
INFO: [ app_begin ] --START--
INFO: Run ReadHtmlCache Behavior [ RunTime:0.000716s ]
INFO: [ app_begin ] --END-- [ RunTime:0.000797s ]
INFO: [ view_template ] --START--
INFO: Run LocationTemplate Behavior [ RunTime:0.001226s ]
INFO: [ view_template ] --END-- [ RunTime:0.001348s ]
INFO: [ view_parse ] --START--
INFO: Run ParseTemplate Behavior [ RunTime:0.013158s ]
INFO: [ view_parse ] --END-- [ RunTime:0.013247s ]
INFO: [ view_filter ] --START--
INFO: Run ContentReplace Behavior [ RunTime:0.000678s ]
INFO: Run TokenBuild Behavior [ RunTime:0.000535s ]
INFO: Run WriteHtmlCache Behavior [ RunTime:0.000712s ]
INFO: Run ShowRuntime Behavior [ RunTime:0.000728s ]
INFO: [ view_filter ] --END-- [ RunTime:0.002832s ]
INFO: [ view_end ] --START--

[ 2013-03-30T19:02:19+08:00 ] 127.0.0.1 /tiaozao/htm/
INFO: [ app_begin ] --START--
INFO: Run ReadHtmlCache Behavior [ RunTime:0.000833s ]
INFO: [ app_begin ] --END-- [ RunTime:0.000934s ]
INFO: [ view_template ] --START--
INFO: Run LocationTemplate Behavior [ RunTime:0.001104s ]
INFO: [ view_template ] --END-- [ RunTime:0.001201s ]
INFO: [ view_parse ] --START--
INFO: Run ParseTemplate Behavior [ RunTime:0.013778s ]
INFO: [ view_parse ] --END-- [ RunTime:0.013866s ]
INFO: [ view_filter ] --START--
INFO: Run ContentReplace Behavior [ RunTime:0.000710s ]
INFO: Run TokenBuild Behavior [ RunTime:0.000546s ]
INFO: Run WriteHtmlCache Behavior [ RunTime:0.000472s ]
INFO: Run ShowRuntime Behavior [ RunTime:0.000621s ]
INFO: [ view_filter ] --END-- [ RunTime:0.002505s ]
INFO: [ view_end ] --START--

[ 2013-03-30T19:08:09+08:00 ] 127.0.0.1 /tiaozao/htm/
INFO: [ app_begin ] --START--
INFO: Run ReadHtmlCache Behavior [ RunTime:0.000990s ]
INFO: [ app_begin ] --END-- [ RunTime:0.001107s ]
INFO: [ view_template ] --START--
INFO: Run LocationTemplate Behavior [ RunTime:0.001262s ]
INFO: [ view_template ] --END-- [ RunTime:0.001352s ]
INFO: [ view_parse ] --START--
INFO: Run ParseTemplate Behavior [ RunTime:0.014704s ]
INFO: [ view_parse ] --END-- [ RunTime:0.014791s ]
INFO: [ view_filter ] --START--
INFO: Run ContentReplace Behavior [ RunTime:0.000711s ]
INFO: Run TokenBuild Behavior [ RunTime:0.000662s ]
INFO: Run WriteHtmlCache Behavior [ RunTime:0.000581s ]
INFO: Run ShowRuntime Behavior [ RunTime:0.000668s ]
INFO: [ view_filter ] --END-- [ RunTime:0.002795s ]
INFO: [ view_end ] --START--

[ 2013-03-30T19:10:34+08:00 ] 127.0.0.1 /tiaozao/htm/
INFO: [ app_begin ] --START--
INFO: Run ReadHtmlCache Behavior [ RunTime:0.000859s ]
INFO: [ app_begin ] --END-- [ RunTime:0.000963s ]
INFO: [ view_template ] --START--
INFO: Run LocationTemplate Behavior [ RunTime:0.001302s ]
INFO: [ view_template ] --END-- [ RunTime:0.001432s ]
INFO: [ view_parse ] --START--
INFO: Run ParseTemplate Behavior [ RunTime:0.013832s ]
INFO: [ view_parse ] --END-- [ RunTime:0.013998s ]
INFO: [ view_filter ] --START--
INFO: Run ContentReplace Behavior [ RunTime:0.000895s ]
INFO: Run TokenBuild Behavior [ RunTime:0.000692s ]
INFO: Run WriteHtmlCache Behavior [ RunTime:0.000529s ]
INFO: Run ShowRuntime Behavior [ RunTime:0.001137s ]
INFO: [ view_filter ] --END-- [ RunTime:0.003477s ]
INFO: [ view_end ] --START--

[ 2013-03-30T19:11:03+08:00 ] 127.0.0.1 /tiaozao/htm/
INFO: [ app_begin ] --START--
INFO: Run ReadHtmlCache Behavior [ RunTime:0.000979s ]
INFO: [ app_begin ] --END-- [ RunTime:0.001103s ]
INFO: [ view_template ] --START--
INFO: Run LocationTemplate Behavior [ RunTime:0.001511s ]
INFO: [ view_template ] --END-- [ RunTime:0.002397s ]
INFO: [ view_parse ] --START--
INFO: Run ParseTemplate Behavior [ RunTime:0.014813s ]
INFO: [ view_parse ] --END-- [ RunTime:0.014901s ]
INFO: [ view_filter ] --START--
INFO: Run ContentReplace Behavior [ RunTime:0.000701s ]
INFO: Run TokenBuild Behavior [ RunTime:0.000788s ]
INFO: Run WriteHtmlCache Behavior [ RunTime:0.000786s ]
INFO: Run ShowRuntime Behavior [ RunTime:0.001007s ]
INFO: [ view_filter ] --END-- [ RunTime:0.003545s ]
INFO: [ view_end ] --START--

[ 2013-03-30T19:15:23+08:00 ] 127.0.0.1 /tiaozao/htm/
INFO: [ app_begin ] --START--
INFO: Run ReadHtmlCache Behavior [ RunTime:0.001027s ]
INFO: [ app_begin ] --END-- [ RunTime:0.001154s ]
INFO: [ view_template ] --START--
INFO: Run LocationTemplate Behavior [ RunTime:0.001142s ]
INFO: [ view_template ] --END-- [ RunTime:0.001229s ]
INFO: [ view_parse ] --START--
INFO: Run ParseTemplate Behavior [ RunTime:0.013487s ]
INFO: [ view_parse ] --END-- [ RunTime:0.013665s ]
INFO: [ view_filter ] --START--
INFO: Run ContentReplace Behavior [ RunTime:0.000968s ]
INFO: Run TokenBuild Behavior [ RunTime:0.000696s ]
INFO: Run WriteHtmlCache Behavior [ RunTime:0.000625s ]
INFO: Run ShowRuntime Behavior [ RunTime:0.000684s ]
INFO: [ view_filter ] --END-- [ RunTime:0.003200s ]
INFO: [ view_end ] --START--

[ 2013-03-30T19:17:06+08:00 ] 127.0.0.1 /tiaozao/htm/
INFO: [ app_begin ] --START--
INFO: Run ReadHtmlCache Behavior [ RunTime:0.001411s ]
INFO: [ app_begin ] --END-- [ RunTime:0.001572s ]
INFO: [ view_template ] --START--
INFO: Run LocationTemplate Behavior [ RunTime:0.001467s ]
INFO: [ view_template ] --END-- [ RunTime:0.001629s ]
INFO: [ view_parse ] --START--
INFO: Run ParseTemplate Behavior [ RunTime:0.015705s ]
INFO: [ view_parse ] --END-- [ RunTime:0.015795s ]
INFO: [ view_filter ] --START--
INFO: Run ContentReplace Behavior [ RunTime:0.000641s ]
INFO: Run TokenBuild Behavior [ RunTime:0.000544s ]
INFO: Run WriteHtmlCache Behavior [ RunTime:0.000485s ]
INFO: Run ShowRuntime Behavior [ RunTime:0.000606s ]
INFO: [ view_filter ] --END-- [ RunTime:0.002426s ]
INFO: [ view_end ] --START--

[ 2013-03-30T19:20:28+08:00 ] 127.0.0.1 /tiaozao/htm/
INFO: [ app_begin ] --START--
INFO: Run ReadHtmlCache Behavior [ RunTime:0.000777s ]
INFO: [ app_begin ] --END-- [ RunTime:0.000861s ]
INFO: [ view_template ] --START--
INFO: Run LocationTemplate Behavior [ RunTime:0.001478s ]
INFO: [ view_template ] --END-- [ RunTime:0.001589s ]
INFO: [ view_parse ] --START--
INFO: Run ParseTemplate Behavior [ RunTime:0.017702s ]
INFO: [ view_parse ] --END-- [ RunTime:0.017818s ]
INFO: [ view_filter ] --START--
INFO: Run ContentReplace Behavior [ RunTime:0.000813s ]
INFO: Run TokenBuild Behavior [ RunTime:0.000712s ]
INFO: Run WriteHtmlCache Behavior [ RunTime:0.000616s ]
INFO: Run ShowRuntime Behavior [ RunTime:0.000690s ]
INFO: [ view_filter ] --END-- [ RunTime:0.003031s ]
INFO: [ view_end ] --START--

[ 2013-03-30T19:20:56+08:00 ] 127.0.0.1 /tiaozao/htm/
INFO: [ app_begin ] --START--
INFO: Run ReadHtmlCache Behavior [ RunTime:0.001010s ]
INFO: [ app_begin ] --END-- [ RunTime:0.001121s ]
INFO: [ view_template ] --START--
INFO: Run LocationTemplate Behavior [ RunTime:0.001071s ]
INFO: [ view_template ] --END-- [ RunTime:0.001162s ]
INFO: [ view_parse ] --START--
INFO: Run ParseTemplate Behavior [ RunTime:0.014313s ]
INFO: [ view_parse ] --END-- [ RunTime:0.014405s ]
INFO: [ view_filter ] --START--
INFO: Run ContentReplace Behavior [ RunTime:0.000709s ]
INFO: Run TokenBuild Behavior [ RunTime:0.000582s ]
INFO: Run WriteHtmlCache Behavior [ RunTime:0.000488s ]
INFO: Run ShowRuntime Behavior [ RunTime:0.000600s ]
INFO: [ view_filter ] --END-- [ RunTime:0.002539s ]
INFO: [ view_end ] --START--

[ 2013-03-30T19:21:21+08:00 ] 127.0.0.1 /tiaozao/htm/
INFO: [ app_begin ] --START--
INFO: Run ReadHtmlCache Behavior [ RunTime:0.000743s ]
INFO: [ app_begin ] --END-- [ RunTime:0.000826s ]
INFO: [ view_template ] --START--
INFO: Run LocationTemplate Behavior [ RunTime:0.001129s ]
INFO: [ view_template ] --END-- [ RunTime:0.001240s ]
INFO: [ view_parse ] --START--
INFO: Run ParseTemplate Behavior [ RunTime:0.013990s ]
INFO: [ view_parse ] --END-- [ RunTime:0.014093s ]
INFO: [ view_filter ] --START--
INFO: Run ContentReplace Behavior [ RunTime:0.000678s ]
INFO: Run TokenBuild Behavior [ RunTime:0.000534s ]
INFO: Run WriteHtmlCache Behavior [ RunTime:0.000465s ]
INFO: Run ShowRuntime Behavior [ RunTime:0.000656s ]
INFO: [ view_filter ] --END-- [ RunTime:0.002486s ]
INFO: [ view_end ] --START--

[ 2013-03-30T19:22:04+08:00 ] 127.0.0.1 /tiaozao/htm/
INFO: [ app_begin ] --START--
INFO: Run ReadHtmlCache Behavior [ RunTime:0.000781s ]
INFO: [ app_begin ] --END-- [ RunTime:0.000873s ]
INFO: [ view_template ] --START--
INFO: Run LocationTemplate Behavior [ RunTime:0.001122s ]
INFO: [ view_template ] --END-- [ RunTime:0.001219s ]
INFO: [ view_parse ] --START--
INFO: Run ParseTemplate Behavior [ RunTime:0.013647s ]
INFO: [ view_parse ] --END-- [ RunTime:0.013762s ]
INFO: [ view_filter ] --START--
INFO: Run ContentReplace Behavior [ RunTime:0.000722s ]
INFO: Run TokenBuild Behavior [ RunTime:0.000595s ]
INFO: Run WriteHtmlCache Behavior [ RunTime:0.000485s ]
INFO: Run ShowRuntime Behavior [ RunTime:0.000625s ]
INFO: [ view_filter ] --END-- [ RunTime:0.002581s ]
INFO: [ view_end ] --START--

[ 2013-03-30T19:23:42+08:00 ] 127.0.0.1 /tiaozao/htm/
INFO: [ app_begin ] --START--
INFO: Run ReadHtmlCache Behavior [ RunTime:0.001327s ]
INFO: [ app_begin ] --END-- [ RunTime:0.001499s ]
INFO: [ view_template ] --START--
INFO: Run LocationTemplate Behavior [ RunTime:0.001376s ]
INFO: [ view_template ] --END-- [ RunTime:0.001487s ]
INFO: [ view_parse ] --START--
INFO: Run ParseTemplate Behavior [ RunTime:0.013205s ]
INFO: [ view_parse ] --END-- [ RunTime:0.013291s ]
INFO: [ view_filter ] --START--
INFO: Run ContentReplace Behavior [ RunTime:0.000669s ]
INFO: Run TokenBuild Behavior [ RunTime:0.000567s ]
INFO: Run WriteHtmlCache Behavior [ RunTime:0.000468s ]
INFO: Run ShowRuntime Behavior [ RunTime:0.000738s ]
INFO: [ view_filter ] --END-- [ RunTime:0.002628s ]
INFO: [ view_end ] --START--

[ 2013-03-30T19:23:49+08:00 ] 127.0.0.1 /tiaozao/htm/
INFO: [ app_begin ] --START--
INFO: Run ReadHtmlCache Behavior [ RunTime:0.000742s ]
INFO: [ app_begin ] --END-- [ RunTime:0.000822s ]
INFO: [ view_template ] --START--
INFO: Run LocationTemplate Behavior [ RunTime:0.001036s ]
INFO: [ view_template ] --END-- [ RunTime:0.001122s ]
INFO: [ view_parse ] --START--
INFO: Run ParseTemplate Behavior [ RunTime:0.013933s ]
INFO: [ view_parse ] --END-- [ RunTime:0.014015s ]
INFO: [ view_filter ] --START--
INFO: Run ContentReplace Behavior [ RunTime:0.000662s ]
INFO: Run TokenBuild Behavior [ RunTime:0.000539s ]
INFO: Run WriteHtmlCache Behavior [ RunTime:0.000572s ]
INFO: Run ShowRuntime Behavior [ RunTime:0.000619s ]
INFO: [ view_filter ] --END-- [ RunTime:0.002551s ]
INFO: [ view_end ] --START--

[ 2013-03-30T19:24:55+08:00 ] 127.0.0.1 /tiaozao/htm/
INFO: [ app_begin ] --START--
INFO: Run ReadHtmlCache Behavior [ RunTime:0.001101s ]
INFO: [ app_begin ] --END-- [ RunTime:0.001207s ]
INFO: [ view_template ] --START--
INFO: Run LocationTemplate Behavior [ RunTime:0.001346s ]
INFO: [ view_template ] --END-- [ RunTime:0.001459s ]
INFO: [ view_parse ] --START--
INFO: Run ParseTemplate Behavior [ RunTime:0.016489s ]
INFO: [ view_parse ] --END-- [ RunTime:0.016706s ]
INFO: [ view_filter ] --START--
INFO: Run ContentReplace Behavior [ RunTime:0.002088s ]
INFO: Run TokenBuild Behavior [ RunTime:0.000677s ]
INFO: Run WriteHtmlCache Behavior [ RunTime:0.000503s ]
INFO: Run ShowRuntime Behavior [ RunTime:0.000602s ]
INFO: [ view_filter ] --END-- [ RunTime:0.004084s ]
INFO: [ view_end ] --START--

[ 2013-03-30T19:26:30+08:00 ] 127.0.0.1 /tiaozao/htm/
INFO: [ app_begin ] --START--
INFO: Run ReadHtmlCache Behavior [ RunTime:0.000833s ]
INFO: [ app_begin ] --END-- [ RunTime:0.000929s ]
INFO: [ view_template ] --START--
INFO: Run LocationTemplate Behavior [ RunTime:0.001134s ]
INFO: [ view_template ] --END-- [ RunTime:0.001223s ]
INFO: [ view_parse ] --START--
INFO: Run ParseTemplate Behavior [ RunTime:0.012802s ]
INFO: [ view_parse ] --END-- [ RunTime:0.012890s ]
INFO: [ view_filter ] --START--
INFO: Run ContentReplace Behavior [ RunTime:0.000771s ]
INFO: Run TokenBuild Behavior [ RunTime:0.000740s ]
INFO: Run WriteHtmlCache Behavior [ RunTime:0.000717s ]
INFO: Run ShowRuntime Behavior [ RunTime:0.000760s ]
INFO: [ view_filter ] --END-- [ RunTime:0.003181s ]
INFO: [ view_end ] --START--

[ 2013-03-30T19:30:13+08:00 ] 127.0.0.1 /tiaozao/htm/
INFO: [ app_begin ] --START--
INFO: Run ReadHtmlCache Behavior [ RunTime:0.001027s ]
INFO: [ app_begin ] --END-- [ RunTime:0.001150s ]
INFO: [ view_template ] --START--
INFO: Run LocationTemplate Behavior [ RunTime:0.001338s ]
INFO: [ view_template ] --END-- [ RunTime:0.001456s ]
INFO: [ view_parse ] --START--
INFO: Run ParseTemplate Behavior [ RunTime:0.013456s ]
INFO: [ view_parse ] --END-- [ RunTime:0.013554s ]
INFO: [ view_filter ] --START--
INFO: Run ContentReplace Behavior [ RunTime:0.000766s ]
INFO: Run TokenBuild Behavior [ RunTime:0.000617s ]
INFO: Run WriteHtmlCache Behavior [ RunTime:0.000470s ]
INFO: Run ShowRuntime Behavior [ RunTime:0.000729s ]
INFO: [ view_filter ] --END-- [ RunTime:0.002777s ]
INFO: [ view_end ] --START--

[ 2013-03-30T19:30:29+08:00 ] 127.0.0.1 /tiaozao/htm/
INFO: [ app_begin ] --START--
INFO: Run ReadHtmlCache Behavior [ RunTime:0.000891s ]
INFO: [ app_begin ] --END-- [ RunTime:0.000990s ]
INFO: [ view_template ] --START--
INFO: Run LocationTemplate Behavior [ RunTime:0.001134s ]
INFO: [ view_template ] --END-- [ RunTime:0.001231s ]
INFO: [ view_parse ] --START--
INFO: Run ParseTemplate Behavior [ RunTime:0.013575s ]
INFO: [ view_parse ] --END-- [ RunTime:0.013692s ]
INFO: [ view_filter ] --START--
INFO: Run ContentReplace Behavior [ RunTime:0.000688s ]
INFO: Run TokenBuild Behavior [ RunTime:0.000547s ]
INFO: Run WriteHtmlCache Behavior [ RunTime:0.000476s ]
INFO: Run ShowRuntime Behavior [ RunTime:0.000637s ]
INFO: [ view_filter ] --END-- [ RunTime:0.002505s ]
INFO: [ view_end ] --START--

[ 2013-03-30T19:30:40+08:00 ] 127.0.0.1 /tiaozao/htm/
INFO: [ app_begin ] --START--
INFO: Run ReadHtmlCache Behavior [ RunTime:0.000744s ]
INFO: [ app_begin ] --END-- [ RunTime:0.000827s ]
INFO: [ view_template ] --START--
INFO: Run LocationTemplate Behavior [ RunTime:0.001032s ]
INFO: [ view_template ] --END-- [ RunTime:0.001114s ]
INFO: [ view_parse ] --START--
INFO: Run ParseTemplate Behavior [ RunTime:0.015821s ]
INFO: [ view_parse ] --END-- [ RunTime:0.015925s ]
INFO: [ view_filter ] --START--
INFO: Run ContentReplace Behavior [ RunTime:0.000701s ]
INFO: Run TokenBuild Behavior [ RunTime:0.000547s ]
INFO: Run WriteHtmlCache Behavior [ RunTime:0.000477s ]
INFO: Run ShowRuntime Behavior [ RunTime:0.000713s ]
INFO: [ view_filter ] --END-- [ RunTime:0.002601s ]
INFO: [ view_end ] --START--

[ 2013-03-30T19:32:13+08:00 ] 127.0.0.1 /tiaozao/htm/
INFO: [ app_begin ] --START--
INFO: Run ReadHtmlCache Behavior [ RunTime:0.001043s ]
INFO: [ app_begin ] --END-- [ RunTime:0.001172s ]
INFO: [ view_template ] --START--
INFO: Run LocationTemplate Behavior [ RunTime:0.001024s ]
INFO: [ view_template ] --END-- [ RunTime:0.001109s ]
INFO: [ view_parse ] --START--
INFO: Run ParseTemplate Behavior [ RunTime:0.013078s ]
INFO: [ view_parse ] --END-- [ RunTime:0.013194s ]
INFO: [ view_filter ] --START--
INFO: Run ContentReplace Behavior [ RunTime:0.000753s ]
INFO: Run TokenBuild Behavior [ RunTime:0.000561s ]
INFO: Run WriteHtmlCache Behavior [ RunTime:0.000467s ]
INFO: Run ShowRuntime Behavior [ RunTime:0.000968s ]
INFO: [ view_filter ] --END-- [ RunTime:0.002935s ]
INFO: [ view_end ] --START--

[ 2013-03-30T19:33:30+08:00 ] 127.0.0.1 /tiaozao/htm/
INFO: [ app_begin ] --START--
INFO: Run ReadHtmlCache Behavior [ RunTime:0.000916s ]
INFO: [ app_begin ] --END-- [ RunTime:0.001030s ]
INFO: [ view_template ] --START--
INFO: Run LocationTemplate Behavior [ RunTime:0.001748s ]
INFO: [ view_template ] --END-- [ RunTime:0.001965s ]
INFO: [ view_parse ] --START--
INFO: Run ParseTemplate Behavior [ RunTime:0.016941s ]
INFO: [ view_parse ] --END-- [ RunTime:0.017079s ]
INFO: [ view_filter ] --START--
INFO: Run ContentReplace Behavior [ RunTime:0.000924s ]
INFO: Run TokenBuild Behavior [ RunTime:0.000609s ]
INFO: Run WriteHtmlCache Behavior [ RunTime:0.000482s ]
INFO: Run ShowRuntime Behavior [ RunTime:0.000629s ]
INFO: [ view_filter ] --END-- [ RunTime:0.002805s ]
INFO: [ view_end ] --START--

[ 2013-03-30T19:33:58+08:00 ] 127.0.0.1 /tiaozao/htm/
INFO: [ app_begin ] --START--
INFO: Run ReadHtmlCache Behavior [ RunTime:0.000981s ]
INFO: [ app_begin ] --END-- [ RunTime:0.001142s ]
INFO: [ view_template ] --START--
INFO: Run LocationTemplate Behavior [ RunTime:0.001165s ]
INFO: [ view_template ] --END-- [ RunTime:0.001275s ]
INFO: [ view_parse ] --START--
INFO: Run ParseTemplate Behavior [ RunTime:0.015068s ]
INFO: [ view_parse ] --END-- [ RunTime:0.015156s ]
INFO: [ view_filter ] --START--
INFO: Run ContentReplace Behavior [ RunTime:0.000776s ]
INFO: Run TokenBuild Behavior [ RunTime:0.000669s ]
INFO: Run WriteHtmlCache Behavior [ RunTime:0.000557s ]
INFO: Run ShowRuntime Behavior [ RunTime:0.000689s ]
INFO: [ view_filter ] --END-- [ RunTime:0.002896s ]
INFO: [ view_end ] --START--

[ 2013-03-30T19:34:38+08:00 ] 127.0.0.1 /tiaozao/htm/
INFO: [ app_begin ] --START--
INFO: Run ReadHtmlCache Behavior [ RunTime:0.000765s ]
INFO: [ app_begin ] --END-- [ RunTime:0.000849s ]
INFO: [ view_template ] --START--
INFO: Run LocationTemplate Behavior [ RunTime:0.001054s ]
INFO: [ view_template ] --END-- [ RunTime:0.001147s ]
INFO: [ view_parse ] --START--
INFO: Run ParseTemplate Behavior [ RunTime:0.014444s ]
INFO: [ view_parse ] --END-- [ RunTime:0.014527s ]
INFO: [ view_filter ] --START--
INFO: Run ContentReplace Behavior [ RunTime:0.000671s ]
INFO: Run TokenBuild Behavior [ RunTime:0.000557s ]
INFO: Run WriteHtmlCache Behavior [ RunTime:0.000476s ]
INFO: Run ShowRuntime Behavior [ RunTime:0.000597s ]
INFO: [ view_filter ] --END-- [ RunTime:0.002455s ]
INFO: [ view_end ] --START--

[ 2013-03-30T19:35:09+08:00 ] 127.0.0.1 /tiaozao/htm/
INFO: [ app_begin ] --START--
INFO: Run ReadHtmlCache Behavior [ RunTime:0.000964s ]
INFO: [ app_begin ] --END-- [ RunTime:0.001072s ]
INFO: [ view_template ] --START--
INFO: Run LocationTemplate Behavior [ RunTime:0.001190s ]
INFO: [ view_template ] --END-- [ RunTime:0.001317s ]
INFO: [ view_parse ] --START--
INFO: Run ParseTemplate Behavior [ RunTime:0.014156s ]
INFO: [ view_parse ] --END-- [ RunTime:0.014268s ]
INFO: [ view_filter ] --START--
INFO: Run ContentReplace Behavior [ RunTime:0.000685s ]
INFO: Run TokenBuild Behavior [ RunTime:0.000552s ]
INFO: Run WriteHtmlCache Behavior [ RunTime:0.000480s ]
INFO: Run ShowRuntime Behavior [ RunTime:0.000602s ]
INFO: [ view_filter ] --END-- [ RunTime:0.002470s ]
INFO: [ view_end ] --START--

[ 2013-03-30T19:35:37+08:00 ] 127.0.0.1 /tiaozao/htm/
INFO: [ app_begin ] --START--
INFO: Run ReadHtmlCache Behavior [ RunTime:0.000774s ]
INFO: [ app_begin ] --END-- [ RunTime:0.000861s ]
INFO: [ view_template ] --START--
INFO: Run LocationTemplate Behavior [ RunTime:0.001178s ]
INFO: [ view_template ] --END-- [ RunTime:0.001270s ]
INFO: [ view_parse ] --START--
INFO: Run ParseTemplate Behavior [ RunTime:0.017139s ]
INFO: [ view_parse ] --END-- [ RunTime:0.017222s ]
INFO: [ view_filter ] --START--
INFO: Run ContentReplace Behavior [ RunTime:0.000672s ]
INFO: Run TokenBuild Behavior [ RunTime:0.000613s ]
INFO: Run WriteHtmlCache Behavior [ RunTime:0.000579s ]
INFO: Run ShowRuntime Behavior [ RunTime:0.000878s ]
INFO: [ view_filter ] --END-- [ RunTime:0.002921s ]
INFO: [ view_end ] --START--

[ 2013-03-30T19:35:39+08:00 ] 127.0.0.1 /tiaozao/htm/
INFO: [ app_begin ] --START--
INFO: Run ReadHtmlCache Behavior [ RunTime:0.000922s ]
INFO: [ app_begin ] --END-- [ RunTime:0.001050s ]
INFO: [ view_template ] --START--
INFO: Run LocationTemplate Behavior [ RunTime:0.001065s ]
INFO: [ view_template ] --END-- [ RunTime:0.001172s ]
INFO: [ view_parse ] --START--
INFO: Run ParseTemplate Behavior [ RunTime:0.014509s ]
INFO: [ view_parse ] --END-- [ RunTime:0.014636s ]
INFO: [ view_filter ] --START--
INFO: Run ContentReplace Behavior [ RunTime:0.000940s ]
INFO: Run TokenBuild Behavior [ RunTime:0.000857s ]
INFO: Run WriteHtmlCache Behavior [ RunTime:0.000780s ]
INFO: Run ShowRuntime Behavior [ RunTime:0.000974s ]
INFO: [ view_filter ] --END-- [ RunTime:0.003831s ]
INFO: [ view_end ] --START--

[ 2013-03-30T19:37:07+08:00 ] 127.0.0.1 /tiaozao/htm/
INFO: [ app_begin ] --START--
INFO: Run ReadHtmlCache Behavior [ RunTime:0.000964s ]
INFO: [ app_begin ] --END-- [ RunTime:0.001073s ]
INFO: [ view_template ] --START--
INFO: Run LocationTemplate Behavior [ RunTime:0.001100s ]
INFO: [ view_template ] --END-- [ RunTime:0.001199s ]
INFO: [ view_parse ] --START--
INFO: Run ParseTemplate Behavior [ RunTime:0.018974s ]
INFO: [ view_parse ] --END-- [ RunTime:0.019070s ]
INFO: [ view_filter ] --START--
INFO: Run ContentReplace Behavior [ RunTime:0.002554s ]
INFO: Run TokenBuild Behavior [ RunTime:0.000913s ]
INFO: Run WriteHtmlCache Behavior [ RunTime:0.000572s ]
INFO: Run ShowRuntime Behavior [ RunTime:0.000721s ]
INFO: [ view_filter ] --END-- [ RunTime:0.004999s ]
INFO: [ view_end ] --START--

[ 2013-03-30T19:37:35+08:00 ] 127.0.0.1 /tiaozao/htm/
INFO: [ app_begin ] --START--
INFO: Run ReadHtmlCache Behavior [ RunTime:0.001012s ]
INFO: [ app_begin ] --END-- [ RunTime:0.001114s ]
INFO: [ view_template ] --START--
INFO: Run LocationTemplate Behavior [ RunTime:0.001562s ]
INFO: [ view_template ] --END-- [ RunTime:0.001680s ]
INFO: [ view_parse ] --START--
INFO: Run ParseTemplate Behavior [ RunTime:0.018139s ]
INFO: [ view_parse ] --END-- [ RunTime:0.018363s ]
INFO: [ view_filter ] --START--
INFO: Run ContentReplace Behavior [ RunTime:0.001292s ]
INFO: Run TokenBuild Behavior [ RunTime:0.000813s ]
INFO: Run WriteHtmlCache Behavior [ RunTime:0.000603s ]
INFO: Run ShowRuntime Behavior [ RunTime:0.000699s ]
INFO: [ view_filter ] --END-- [ RunTime:0.003638s ]
INFO: [ view_end ] --START--

[ 2013-03-30T19:38:10+08:00 ] 127.0.0.1 /tiaozao/htm/
INFO: [ app_begin ] --START--
INFO: Run ReadHtmlCache Behavior [ RunTime:0.000722s ]
INFO: [ app_begin ] --END-- [ RunTime:0.000801s ]
INFO: [ view_template ] --START--
INFO: Run LocationTemplate Behavior [ RunTime:0.001197s ]
INFO: [ view_template ] --END-- [ RunTime:0.001281s ]
INFO: [ view_parse ] --START--
INFO: Run ParseTemplate Behavior [ RunTime:0.013864s ]
INFO: [ view_parse ] --END-- [ RunTime:0.013947s ]
INFO: [ view_filter ] --START--
INFO: Run ContentReplace Behavior [ RunTime:0.000654s ]
INFO: Run TokenBuild Behavior [ RunTime:0.000579s ]
INFO: Run WriteHtmlCache Behavior [ RunTime:0.000470s ]
INFO: Run ShowRuntime Behavior [ RunTime:0.000694s ]
INFO: [ view_filter ] --END-- [ RunTime:0.002547s ]
INFO: [ view_end ] --START--

[ 2013-03-30T19:38:18+08:00 ] 127.0.0.1 /tiaozao/htm/
INFO: [ app_begin ] --START--
INFO: Run ReadHtmlCache Behavior [ RunTime:0.000752s ]
INFO: [ app_begin ] --END-- [ RunTime:0.000836s ]
INFO: [ view_template ] --START--
INFO: Run LocationTemplate Behavior [ RunTime:0.001260s ]
INFO: [ view_template ] --END-- [ RunTime:0.001368s ]
INFO: [ view_parse ] --START--
INFO: Run ParseTemplate Behavior [ RunTime:0.015488s ]
INFO: [ view_parse ] --END-- [ RunTime:0.015590s ]
INFO: [ view_filter ] --START--
INFO: Run ContentReplace Behavior [ RunTime:0.000726s ]
INFO: Run TokenBuild Behavior [ RunTime:0.000542s ]
INFO: Run WriteHtmlCache Behavior [ RunTime:0.000513s ]
INFO: Run ShowRuntime Behavior [ RunTime:0.000597s ]
INFO: [ view_filter ] --END-- [ RunTime:0.002527s ]
INFO: [ view_end ] --START--

[ 2013-03-30T19:38:38+08:00 ] 127.0.0.1 /tiaozao/htm/
INFO: [ app_begin ] --START--
INFO: Run ReadHtmlCache Behavior [ RunTime:0.000759s ]
INFO: [ app_begin ] --END-- [ RunTime:0.000844s ]
INFO: [ view_template ] --START--
INFO: Run LocationTemplate Behavior [ RunTime:0.001311s ]
INFO: [ view_template ] --END-- [ RunTime:0.001434s ]
INFO: [ view_parse ] --START--
INFO: Run ParseTemplate Behavior [ RunTime:0.013099s ]
INFO: [ view_parse ] --END-- [ RunTime:0.013186s ]
INFO: [ view_filter ] --START--
INFO: Run ContentReplace Behavior [ RunTime:0.000637s ]
INFO: Run TokenBuild Behavior [ RunTime:0.000532s ]
INFO: Run WriteHtmlCache Behavior [ RunTime:0.000474s ]
INFO: Run ShowRuntime Behavior [ RunTime:0.000594s ]
INFO: [ view_filter ] --END-- [ RunTime:0.002384s ]
INFO: [ view_end ] --START--

[ 2013-03-30T19:39:01+08:00 ] 127.0.0.1 /tiaozao/htm/
INFO: [ app_begin ] --START--
INFO: Run ReadHtmlCache Behavior [ RunTime:0.001194s ]
INFO: [ app_begin ] --END-- [ RunTime:0.001335s ]
INFO: [ view_template ] --START--
INFO: Run LocationTemplate Behavior [ RunTime:0.001414s ]
INFO: [ view_template ] --END-- [ RunTime:0.001532s ]
INFO: [ view_parse ] --START--
INFO: Run ParseTemplate Behavior [ RunTime:0.013810s ]
INFO: [ view_parse ] --END-- [ RunTime:0.013909s ]
INFO: [ view_filter ] --START--
INFO: Run ContentReplace Behavior [ RunTime:0.000860s ]
INFO: Run TokenBuild Behavior [ RunTime:0.000943s ]
INFO: Run WriteHtmlCache Behavior [ RunTime:0.000776s ]
INFO: Run ShowRuntime Behavior [ RunTime:0.000839s ]
INFO: [ view_filter ] --END-- [ RunTime:0.003671s ]
INFO: [ view_end ] --START--

[ 2013-03-30T19:40:09+08:00 ] 127.0.0.1 /tiaozao/htm/
INFO: [ app_begin ] --START--
INFO: Run ReadHtmlCache Behavior [ RunTime:0.000894s ]
INFO: [ app_begin ] --END-- [ RunTime:0.000983s ]
INFO: [ view_template ] --START--
INFO: Run LocationTemplate Behavior [ RunTime:0.001670s ]
INFO: [ view_template ] --END-- [ RunTime:0.001863s ]
INFO: [ view_parse ] --START--
INFO: Run ParseTemplate Behavior [ RunTime:0.013650s ]
INFO: [ view_parse ] --END-- [ RunTime:0.013884s ]
INFO: [ view_filter ] --START--
INFO: Run ContentReplace Behavior [ RunTime:0.000982s ]
INFO: Run TokenBuild Behavior [ RunTime:0.000739s ]
INFO: Run WriteHtmlCache Behavior [ RunTime:0.000502s ]
INFO: Run ShowRuntime Behavior [ RunTime:0.000597s ]
INFO: [ view_filter ] --END-- [ RunTime:0.003001s ]
INFO: [ view_end ] --START--

[ 2013-03-30T19:41:00+08:00 ] 127.0.0.1 /tiaozao/htm/
INFO: [ app_begin ] --START--
INFO: Run ReadHtmlCache Behavior [ RunTime:0.000841s ]
INFO: [ app_begin ] --END-- [ RunTime:0.000972s ]
INFO: [ view_template ] --START--
INFO: Run LocationTemplate Behavior [ RunTime:0.001333s ]
INFO: [ view_template ] --END-- [ RunTime:0.001481s ]
INFO: [ view_parse ] --START--
INFO: Run ParseTemplate Behavior [ RunTime:0.018200s ]
INFO: [ view_parse ] --END-- [ RunTime:0.018307s ]
INFO: [ view_filter ] --START--
INFO: Run ContentReplace Behavior [ RunTime:0.000783s ]
INFO: Run TokenBuild Behavior [ RunTime:0.000748s ]
INFO: Run WriteHtmlCache Behavior [ RunTime:0.000662s ]
INFO: Run ShowRuntime Behavior [ RunTime:0.003285s ]
INFO: [ view_filter ] --END-- [ RunTime:0.005748s ]
INFO: [ view_end ] --START--

[ 2013-03-30T19:41:20+08:00 ] 127.0.0.1 /tiaozao/htm/
INFO: [ app_begin ] --START--
INFO: Run ReadHtmlCache Behavior [ RunTime:0.000700s ]
INFO: [ app_begin ] --END-- [ RunTime:0.000778s ]
INFO: [ view_template ] --START--
INFO: Run LocationTemplate Behavior [ RunTime:0.001087s ]
INFO: [ view_template ] --END-- [ RunTime:0.001186s ]
INFO: [ view_parse ] --START--
INFO: Run ParseTemplate Behavior [ RunTime:0.013580s ]
INFO: [ view_parse ] --END-- [ RunTime:0.013762s ]
INFO: [ view_filter ] --START--
INFO: Run ContentReplace Behavior [ RunTime:0.000905s ]
INFO: Run TokenBuild Behavior [ RunTime:0.000871s ]
INFO: Run WriteHtmlCache Behavior [ RunTime:0.001670s ]
INFO: Run ShowRuntime Behavior [ RunTime:0.001158s ]
INFO: [ view_filter ] --END-- [ RunTime:0.004846s ]
INFO: [ view_end ] --START--

