[ 2013-03-25T00:07:29+08:00 ] ERR: (ThinkException) Unknown database 'tiaozao'
[ 2013-03-25T00:07:29+08:00 ] 127.0.0.1 /tiaozao/htm/
INFO: [ app_begin ] --START--
INFO: Run ReadHtmlCache Behavior [ RunTime:0.036958s ]
INFO: [ app_begin ] --END-- [ RunTime:0.110151s ]
NOTIC: [8] Undefined index: class F:\localhost\tiaozao\common\ThinkPHP\Lib\Core\ThinkException.class.php 第 63 行.
NOTIC: [8] Undefined index: type F:\localhost\tiaozao\common\ThinkPHP\Lib\Core\ThinkException.class.php 第 63 行.
NOTIC: [8] Undefined index: file F:\localhost\tiaozao\common\ThinkPHP\Lib\Core\ThinkException.class.php 第 62 行.
NOTIC: [8] Undefined index: line F:\localhost\tiaozao\common\ThinkPHP\Lib\Core\ThinkException.class.php 第 62 行.
NOTIC: [4096] Object of class IndexAction could not be converted to string F:\localhost\tiaozao\common\ThinkPHP\Lib\Core\ThinkException.class.php 第 64 行.
NOTIC: [8] Undefined index: class F:\localhost\tiaozao\common\ThinkPHP\Lib\Core\ThinkException.class.php 第 63 行.
NOTIC: [8] Undefined index: type F:\localhost\tiaozao\common\ThinkPHP\Lib\Core\ThinkException.class.php 第 63 行.

[ 2013-03-25T22:22:20+08:00 ] 127.0.0.1 /tiaozao/htm/
INFO: [ app_begin ] --START--
INFO: Run ReadHtmlCache Behavior [ RunTime:0.001254s ]
INFO: [ app_begin ] --END-- [ RunTime:0.001398s ]
INFO: [ view_template ] --START--
INFO: Run LocationTemplate Behavior [ RunTime:0.001612s ]
INFO: [ view_template ] --END-- [ RunTime:0.001708s ]
INFO: [ view_parse ] --START--
INFO: Run ParseTemplate Behavior [ RunTime:0.015321s ]
INFO: [ view_parse ] --END-- [ RunTime:0.015419s ]
INFO: [ view_filter ] --START--
INFO: Run ContentReplace Behavior [ RunTime:0.000977s ]
INFO: Run TokenBuild Behavior [ RunTime:0.001047s ]
INFO: Run WriteHtmlCache Behavior [ RunTime:0.000829s ]
INFO: Run ShowRuntime Behavior [ RunTime:0.000970s ]
INFO: [ view_filter ] --END-- [ RunTime:0.004043s ]
INFO: [ view_end ] --START--

[ 2013-03-25T22:28:11+08:00 ] 127.0.0.1 /tiaozao/htm/
INFO: [ app_begin ] --START--
INFO: Run ReadHtmlCache Behavior [ RunTime:0.001420s ]
INFO: [ app_begin ] --END-- [ RunTime:0.001515s ]
INFO: [ view_template ] --START--
INFO: Run LocationTemplate Behavior [ RunTime:0.001557s ]
INFO: [ view_template ] --END-- [ RunTime:0.001645s ]
INFO: [ view_parse ] --START--
INFO: Run ParseTemplate Behavior [ RunTime:0.024109s ]
INFO: [ view_parse ] --END-- [ RunTime:0.024195s ]
INFO: [ view_filter ] --START--
INFO: Run ContentReplace Behavior [ RunTime:0.000805s ]
INFO: Run TokenBuild Behavior [ RunTime:0.000801s ]
INFO: Run WriteHtmlCache Behavior [ RunTime:0.000672s ]
INFO: Run ShowRuntime Behavior [ RunTime:0.001033s ]
INFO: [ view_filter ] --END-- [ RunTime:0.003488s ]
INFO: [ view_end ] --START--

[ 2013-03-25T22:31:53+08:00 ] 127.0.0.1 /tiaozao/htm/
INFO: [ app_begin ] --START--
INFO: Run ReadHtmlCache Behavior [ RunTime:0.001379s ]
INFO: [ app_begin ] --END-- [ RunTime:0.001489s ]
INFO: [ view_template ] --START--
INFO: Run LocationTemplate Behavior [ RunTime:0.001678s ]
INFO: [ view_template ] --END-- [ RunTime:0.001802s ]
INFO: [ view_parse ] --START--
INFO: Run ParseTemplate Behavior [ RunTime:0.011684s ]
INFO: [ view_parse ] --END-- [ RunTime:0.011769s ]
INFO: [ view_filter ] --START--
INFO: Run ContentReplace Behavior [ RunTime:0.000844s ]
INFO: Run TokenBuild Behavior [ RunTime:0.000897s ]
INFO: Run WriteHtmlCache Behavior [ RunTime:0.001009s ]
INFO: Run ShowRuntime Behavior [ RunTime:0.000977s ]
INFO: [ view_filter ] --END-- [ RunTime:0.003931s ]
INFO: [ view_end ] --START--

[ 2013-03-25T22:44:28+08:00 ] ERR: [1] Call to undefined function p() F:\localhost\tiaozao\app\action\home\IndexAction.class.php 第 9 行.
[ 2013-03-25T22:46:06+08:00 ] 127.0.0.1 /tiaozao/htm/
INFO: [ app_begin ] --START--
INFO: Run ReadHtmlCache Behavior [ RunTime:0.001121s ]
INFO: [ app_begin ] --END-- [ RunTime:0.001206s ]
INFO: [ view_template ] --START--
INFO: Run LocationTemplate Behavior [ RunTime:0.003880s ]
INFO: [ view_template ] --END-- [ RunTime:0.004029s ]
INFO: [ view_parse ] --START--
INFO: Run ParseTemplate Behavior [ RunTime:0.020677s ]
INFO: [ view_parse ] --END-- [ RunTime:0.020791s ]
INFO: [ view_filter ] --START--
INFO: Run ContentReplace Behavior [ RunTime:0.000834s ]
INFO: Run TokenBuild Behavior [ RunTime:0.000775s ]
INFO: Run WriteHtmlCache Behavior [ RunTime:0.000823s ]
INFO: Run ShowRuntime Behavior [ RunTime:0.001043s ]
INFO: [ view_filter ] --END-- [ RunTime:0.003672s ]
INFO: [ view_end ] --START--

[ 2013-03-25T22:46:30+08:00 ] 127.0.0.1 /tiaozao/htm/
INFO: [ app_begin ] --START--
INFO: Run ReadHtmlCache Behavior [ RunTime:0.001123s ]
INFO: [ app_begin ] --END-- [ RunTime:0.001214s ]
INFO: [ view_template ] --START--
INFO: Run LocationTemplate Behavior [ RunTime:0.001617s ]
INFO: [ view_template ] --END-- [ RunTime:0.001698s ]
INFO: [ view_parse ] --START--
INFO: Run ParseTemplate Behavior [ RunTime:0.031361s ]
INFO: [ view_parse ] --END-- [ RunTime:0.031467s ]
INFO: [ view_filter ] --START--
INFO: Run ContentReplace Behavior [ RunTime:0.000898s ]
INFO: Run TokenBuild Behavior [ RunTime:0.000804s ]
INFO: Run WriteHtmlCache Behavior [ RunTime:0.001847s ]
INFO: Run ShowRuntime Behavior [ RunTime:0.001184s ]
INFO: [ view_filter ] --END-- [ RunTime:0.004954s ]
INFO: [ view_end ] --START--

[ 2013-03-25T22:51:31+08:00 ] 127.0.0.1 /tiaozao/htm/
INFO: [ app_begin ] --START--
INFO: Run ReadHtmlCache Behavior [ RunTime:0.001239s ]
INFO: [ app_begin ] --END-- [ RunTime:0.001335s ]
INFO: [ view_template ] --START--
INFO: Run LocationTemplate Behavior [ RunTime:0.002149s ]
INFO: [ view_template ] --END-- [ RunTime:0.002226s ]
INFO: [ view_parse ] --START--
INFO: Run ParseTemplate Behavior [ RunTime:0.013741s ]
INFO: [ view_parse ] --END-- [ RunTime:0.013827s ]
INFO: [ view_filter ] --START--
INFO: Run ContentReplace Behavior [ RunTime:0.001006s ]
INFO: Run TokenBuild Behavior [ RunTime:0.001069s ]
INFO: Run WriteHtmlCache Behavior [ RunTime:0.000993s ]
INFO: Run ShowRuntime Behavior [ RunTime:0.001073s ]
INFO: [ view_filter ] --END-- [ RunTime:0.004356s ]
INFO: [ view_end ] --START--

