[ 2013-03-27T23:01:22+08:00 ] 127.0.0.1 /tiaozao/htm/
INFO: [ app_begin ] --START--
INFO: Run ReadHtmlCache Behavior [ RunTime:0.001405s ]
INFO: [ app_begin ] --END-- [ RunTime:0.001561s ]
INFO: [ view_template ] --START--
INFO: Run LocationTemplate Behavior [ RunTime:0.002275s ]
INFO: [ view_template ] --END-- [ RunTime:0.002388s ]
INFO: [ view_parse ] --START--
INFO: Run ParseTemplate Behavior [ RunTime:0.013948s ]
INFO: [ view_parse ] --END-- [ RunTime:0.014064s ]
INFO: [ view_filter ] --START--
INFO: Run ContentReplace Behavior [ RunTime:0.000850s ]
INFO: Run TokenBuild Behavior [ RunTime:0.000952s ]
INFO: Run WriteHtmlCache Behavior [ RunTime:0.000867s ]
INFO: Run ShowRuntime Behavior [ RunTime:0.004555s ]
INFO: [ view_filter ] --END-- [ RunTime:0.008523s ]
INFO: [ view_end ] --START--

[ 2013-03-27T23:03:29+08:00 ] 127.0.0.1 /tiaozao/htm/
INFO: [ app_begin ] --START--
INFO: Run ReadHtmlCache Behavior [ RunTime:0.001381s ]
INFO: [ app_begin ] --END-- [ RunTime:0.001495s ]
INFO: [ view_template ] --START--
INFO: Run LocationTemplate Behavior [ RunTime:0.003903s ]
INFO: [ view_template ] --END-- [ RunTime:0.004040s ]
INFO: [ view_parse ] --START--
INFO: Run ParseTemplate Behavior [ RunTime:0.155091s ]
INFO: [ view_parse ] --END-- [ RunTime:0.155185s ]
INFO: [ view_filter ] --START--
INFO: Run ContentReplace Behavior [ RunTime:0.000974s ]
INFO: Run TokenBuild Behavior [ RunTime:0.000962s ]
INFO: Run WriteHtmlCache Behavior [ RunTime:0.000847s ]
INFO: Run ShowRuntime Behavior [ RunTime:0.001036s ]
INFO: [ view_filter ] --END-- [ RunTime:0.004000s ]
INFO: [ view_end ] --START--

[ 2013-03-27T23:03:36+08:00 ] 127.0.0.1 /tiaozao/htm/
INFO: [ app_begin ] --START--
INFO: Run ReadHtmlCache Behavior [ RunTime:0.000986s ]
INFO: [ app_begin ] --END-- [ RunTime:0.001067s ]
INFO: [ view_template ] --START--
INFO: Run LocationTemplate Behavior [ RunTime:0.002053s ]
INFO: [ view_template ] --END-- [ RunTime:0.002134s ]
INFO: [ view_parse ] --START--
INFO: Run ParseTemplate Behavior [ RunTime:0.013383s ]
INFO: [ view_parse ] --END-- [ RunTime:0.013471s ]
INFO: [ view_filter ] --START--
INFO: Run ContentReplace Behavior [ RunTime:0.000996s ]
INFO: Run TokenBuild Behavior [ RunTime:0.000974s ]
INFO: Run WriteHtmlCache Behavior [ RunTime:0.000873s ]
INFO: Run ShowRuntime Behavior [ RunTime:0.001040s ]
INFO: [ view_filter ] --END-- [ RunTime:0.004059s ]
INFO: [ view_end ] --START--

[ 2013-03-27T23:05:29+08:00 ] 127.0.0.1 /tiaozao/htm/
INFO: [ app_begin ] --START--
INFO: Run ReadHtmlCache Behavior [ RunTime:0.001295s ]
INFO: [ app_begin ] --END-- [ RunTime:0.001391s ]
INFO: [ view_template ] --START--
INFO: Run LocationTemplate Behavior [ RunTime:0.002231s ]
INFO: [ view_template ] --END-- [ RunTime:0.002325s ]
INFO: [ view_parse ] --START--
INFO: Run ParseTemplate Behavior [ RunTime:0.014148s ]
INFO: [ view_parse ] --END-- [ RunTime:0.014238s ]
INFO: [ view_filter ] --START--
INFO: Run ContentReplace Behavior [ RunTime:0.000998s ]
INFO: Run TokenBuild Behavior [ RunTime:0.001125s ]
INFO: Run WriteHtmlCache Behavior [ RunTime:0.000881s ]
INFO: Run ShowRuntime Behavior [ RunTime:0.001138s ]
INFO: [ view_filter ] --END-- [ RunTime:0.004364s ]
INFO: [ view_end ] --START--

[ 2013-03-27T23:05:41+08:00 ] 127.0.0.1 /tiaozao/htm/
INFO: [ app_begin ] --START--
INFO: Run ReadHtmlCache Behavior [ RunTime:0.001650s ]
INFO: [ app_begin ] --END-- [ RunTime:0.001757s ]
INFO: [ view_template ] --START--
INFO: Run LocationTemplate Behavior [ RunTime:0.003145s ]
INFO: [ view_template ] --END-- [ RunTime:0.003239s ]
INFO: [ view_parse ] --START--
INFO: Run ParseTemplate Behavior [ RunTime:0.014373s ]
INFO: [ view_parse ] --END-- [ RunTime:0.014463s ]
INFO: [ view_filter ] --START--
INFO: Run ContentReplace Behavior [ RunTime:0.001018s ]
INFO: Run TokenBuild Behavior [ RunTime:0.000989s ]
INFO: Run WriteHtmlCache Behavior [ RunTime:0.000878s ]
INFO: Run ShowRuntime Behavior [ RunTime:0.001093s ]
INFO: [ view_filter ] --END-- [ RunTime:0.004160s ]
INFO: [ view_end ] --START--

[ 2013-03-27T23:05:57+08:00 ] 127.0.0.1 /tiaozao/htm/
INFO: [ app_begin ] --START--
INFO: Run ReadHtmlCache Behavior [ RunTime:0.001248s ]
INFO: [ app_begin ] --END-- [ RunTime:0.001342s ]
INFO: [ view_template ] --START--
INFO: Run LocationTemplate Behavior [ RunTime:0.001664s ]
INFO: [ view_template ] --END-- [ RunTime:0.001750s ]
INFO: [ view_parse ] --START--
INFO: Run ParseTemplate Behavior [ RunTime:0.011771s ]
INFO: [ view_parse ] --END-- [ RunTime:0.011869s ]
INFO: [ view_filter ] --START--
INFO: Run ContentReplace Behavior [ RunTime:0.000973s ]
INFO: Run TokenBuild Behavior [ RunTime:0.001008s ]
INFO: Run WriteHtmlCache Behavior [ RunTime:0.000847s ]
INFO: Run ShowRuntime Behavior [ RunTime:0.000955s ]
INFO: [ view_filter ] --END-- [ RunTime:0.003986s ]
INFO: [ view_end ] --START--

[ 2013-03-27T23:09:16+08:00 ] 127.0.0.1 /tiaozao/htm/
INFO: [ app_begin ] --START--
INFO: Run ReadHtmlCache Behavior [ RunTime:0.003093s ]
INFO: [ app_begin ] --END-- [ RunTime:0.003212s ]
INFO: [ view_template ] --START--
INFO: Run LocationTemplate Behavior [ RunTime:0.001865s ]
INFO: [ view_template ] --END-- [ RunTime:0.001970s ]
INFO: [ view_parse ] --START--
INFO: Run ParseTemplate Behavior [ RunTime:0.023305s ]
INFO: [ view_parse ] --END-- [ RunTime:0.023396s ]
INFO: [ view_filter ] --START--
INFO: Run ContentReplace Behavior [ RunTime:0.000896s ]
INFO: Run TokenBuild Behavior [ RunTime:0.001928s ]
INFO: Run WriteHtmlCache Behavior [ RunTime:0.000849s ]
INFO: Run ShowRuntime Behavior [ RunTime:0.001723s ]
INFO: [ view_filter ] --END-- [ RunTime:0.005612s ]
INFO: [ view_end ] --START--

[ 2013-03-27T23:09:59+08:00 ] 127.0.0.1 /tiaozao/htm/
INFO: [ app_begin ] --START--
INFO: Run ReadHtmlCache Behavior [ RunTime:0.001307s ]
INFO: [ app_begin ] --END-- [ RunTime:0.001404s ]
INFO: [ view_template ] --START--
INFO: Run LocationTemplate Behavior [ RunTime:0.000959s ]
INFO: [ view_template ] --END-- [ RunTime:0.001079s ]
INFO: [ view_parse ] --START--
INFO: Run ParseTemplate Behavior [ RunTime:0.013325s ]
INFO: [ view_parse ] --END-- [ RunTime:0.013417s ]
INFO: [ view_filter ] --START--
INFO: Run ContentReplace Behavior [ RunTime:0.000790s ]
INFO: Run TokenBuild Behavior [ RunTime:0.001116s ]
INFO: Run WriteHtmlCache Behavior [ RunTime:0.000664s ]
INFO: Run ShowRuntime Behavior [ RunTime:0.000824s ]
INFO: [ view_filter ] --END-- [ RunTime:0.003591s ]
INFO: [ view_end ] --START--

[ 2013-03-27T23:10:00+08:00 ] 127.0.0.1 /tiaozao/htm/
INFO: [ app_begin ] --START--
INFO: Run ReadHtmlCache Behavior [ RunTime:0.001259s ]
INFO: [ app_begin ] --END-- [ RunTime:0.001369s ]
INFO: [ view_template ] --START--
INFO: Run LocationTemplate Behavior [ RunTime:0.000928s ]
INFO: [ view_template ] --END-- [ RunTime:0.001016s ]
INFO: [ view_parse ] --START--
INFO: Run ParseTemplate Behavior [ RunTime:0.015612s ]
INFO: [ view_parse ] --END-- [ RunTime:0.015725s ]
INFO: [ view_filter ] --START--
INFO: Run ContentReplace Behavior [ RunTime:0.001054s ]
INFO: Run TokenBuild Behavior [ RunTime:0.001305s ]
INFO: Run WriteHtmlCache Behavior [ RunTime:0.001015s ]
INFO: Run ShowRuntime Behavior [ RunTime:0.001452s ]
INFO: [ view_filter ] --END-- [ RunTime:0.005108s ]
INFO: [ view_end ] --START--

[ 2013-03-27T23:12:21+08:00 ] 127.0.0.1 /tiaozao/htm/
INFO: [ app_begin ] --START--
INFO: Run ReadHtmlCache Behavior [ RunTime:0.001246s ]
INFO: [ app_begin ] --END-- [ RunTime:0.001354s ]
INFO: [ view_template ] --START--
INFO: Run LocationTemplate Behavior [ RunTime:0.001628s ]
INFO: [ view_template ] --END-- [ RunTime:0.001720s ]
INFO: [ view_parse ] --START--
INFO: Run ParseTemplate Behavior [ RunTime:0.013309s ]
INFO: [ view_parse ] --END-- [ RunTime:0.013403s ]
INFO: [ view_filter ] --START--
INFO: Run ContentReplace Behavior [ RunTime:0.001138s ]
INFO: Run TokenBuild Behavior [ RunTime:0.000855s ]
INFO: Run WriteHtmlCache Behavior [ RunTime:0.000804s ]
INFO: Run ShowRuntime Behavior [ RunTime:0.000963s ]
INFO: [ view_filter ] --END-- [ RunTime:0.003957s ]
INFO: [ view_end ] --START--

[ 2013-03-27T23:20:11+08:00 ] 127.0.0.1 /tiaozao/htm/
INFO: [ app_begin ] --START--
INFO: Run ReadHtmlCache Behavior [ RunTime:0.001230s ]
INFO: [ app_begin ] --END-- [ RunTime:0.001320s ]
INFO: [ view_template ] --START--
INFO: Run LocationTemplate Behavior [ RunTime:0.001761s ]
INFO: [ view_template ] --END-- [ RunTime:0.001853s ]
INFO: [ view_parse ] --START--
INFO: Run ParseTemplate Behavior [ RunTime:0.013999s ]
INFO: [ view_parse ] --END-- [ RunTime:0.014088s ]
INFO: [ view_filter ] --START--
INFO: Run ContentReplace Behavior [ RunTime:0.001004s ]
INFO: Run TokenBuild Behavior [ RunTime:0.001077s ]
INFO: Run WriteHtmlCache Behavior [ RunTime:0.001026s ]
INFO: Run ShowRuntime Behavior [ RunTime:0.001138s ]
INFO: [ view_filter ] --END-- [ RunTime:0.004506s ]
INFO: [ view_end ] --START--

[ 2013-03-27T23:22:02+08:00 ] 127.0.0.1 /tiaozao/htm/
INFO: [ app_begin ] --START--
INFO: Run ReadHtmlCache Behavior [ RunTime:0.000891s ]
INFO: [ app_begin ] --END-- [ RunTime:0.001223s ]
INFO: [ view_template ] --START--
INFO: Run LocationTemplate Behavior [ RunTime:0.001313s ]
INFO: [ view_template ] --END-- [ RunTime:0.001388s ]
INFO: [ view_parse ] --START--
INFO: Run ParseTemplate Behavior [ RunTime:0.011955s ]
INFO: [ view_parse ] --END-- [ RunTime:0.012044s ]
INFO: [ view_filter ] --START--
INFO: Run ContentReplace Behavior [ RunTime:0.000974s ]
INFO: Run TokenBuild Behavior [ RunTime:0.000716s ]
INFO: Run WriteHtmlCache Behavior [ RunTime:0.001524s ]
INFO: Run ShowRuntime Behavior [ RunTime:0.001035s ]
INFO: [ view_filter ] --END-- [ RunTime:0.004522s ]
INFO: [ view_end ] --START--

[ 2013-03-27T23:25:17+08:00 ] 127.0.0.1 /tiaozao/htm/
INFO: [ app_begin ] --START--
INFO: Run ReadHtmlCache Behavior [ RunTime:0.001325s ]
INFO: [ app_begin ] --END-- [ RunTime:0.001429s ]
INFO: [ view_template ] --START--
INFO: Run LocationTemplate Behavior [ RunTime:0.001815s ]
INFO: [ view_template ] --END-- [ RunTime:0.001917s ]
INFO: [ view_parse ] --START--
INFO: Run ParseTemplate Behavior [ RunTime:0.014939s ]
INFO: [ view_parse ] --END-- [ RunTime:0.015028s ]
INFO: [ view_filter ] --START--
INFO: Run ContentReplace Behavior [ RunTime:0.000910s ]
INFO: Run TokenBuild Behavior [ RunTime:0.000893s ]
INFO: Run WriteHtmlCache Behavior [ RunTime:0.000719s ]
INFO: Run ShowRuntime Behavior [ RunTime:0.000950s ]
INFO: [ view_filter ] --END-- [ RunTime:0.003647s ]
INFO: [ view_end ] --START--

[ 2013-03-27T23:25:35+08:00 ] 127.0.0.1 /tiaozao/htm/
INFO: [ app_begin ] --START--
INFO: Run ReadHtmlCache Behavior [ RunTime:0.000892s ]
INFO: [ app_begin ] --END-- [ RunTime:0.000975s ]
INFO: [ view_template ] --START--
INFO: Run LocationTemplate Behavior [ RunTime:0.000917s ]
INFO: [ view_template ] --END-- [ RunTime:0.001001s ]
INFO: [ view_parse ] --START--
INFO: Run ParseTemplate Behavior [ RunTime:0.011174s ]
INFO: [ view_parse ] --END-- [ RunTime:0.011265s ]
INFO: [ view_filter ] --START--
INFO: Run ContentReplace Behavior [ RunTime:0.000704s ]
INFO: Run TokenBuild Behavior [ RunTime:0.000735s ]
INFO: Run WriteHtmlCache Behavior [ RunTime:0.000721s ]
INFO: Run ShowRuntime Behavior [ RunTime:0.001337s ]
INFO: [ view_filter ] --END-- [ RunTime:0.003692s ]
INFO: [ view_end ] --START--

[ 2013-03-27T23:31:31+08:00 ] 127.0.0.1 /tiaozao/htm/
INFO: [ app_begin ] --START--
INFO: Run ReadHtmlCache Behavior [ RunTime:0.001398s ]
INFO: [ app_begin ] --END-- [ RunTime:0.001502s ]
INFO: [ view_template ] --START--
INFO: Run LocationTemplate Behavior [ RunTime:0.001748s ]
INFO: [ view_template ] --END-- [ RunTime:0.001862s ]
INFO: [ view_parse ] --START--
INFO: Run ParseTemplate Behavior [ RunTime:0.016944s ]
INFO: [ view_parse ] --END-- [ RunTime:0.017034s ]
INFO: [ view_filter ] --START--
INFO: Run ContentReplace Behavior [ RunTime:0.000954s ]
INFO: Run TokenBuild Behavior [ RunTime:0.000924s ]
INFO: Run WriteHtmlCache Behavior [ RunTime:0.000858s ]
INFO: Run ShowRuntime Behavior [ RunTime:0.001016s ]
INFO: [ view_filter ] --END-- [ RunTime:0.003940s ]
INFO: [ view_end ] --START--

[ 2013-03-27T23:33:52+08:00 ] 127.0.0.1 /tiaozao/htm/
INFO: [ app_begin ] --START--
INFO: Run ReadHtmlCache Behavior [ RunTime:0.001342s ]
INFO: [ app_begin ] --END-- [ RunTime:0.001443s ]
INFO: [ view_template ] --START--
INFO: Run LocationTemplate Behavior [ RunTime:0.001729s ]
INFO: [ view_template ] --END-- [ RunTime:0.001820s ]
INFO: [ view_parse ] --START--
INFO: Run ParseTemplate Behavior [ RunTime:0.011851s ]
INFO: [ view_parse ] --END-- [ RunTime:0.011939s ]
INFO: [ view_filter ] --START--
INFO: Run ContentReplace Behavior [ RunTime:0.001244s ]
INFO: Run TokenBuild Behavior [ RunTime:0.002077s ]
INFO: Run WriteHtmlCache Behavior [ RunTime:0.000991s ]
INFO: Run ShowRuntime Behavior [ RunTime:0.001158s ]
INFO: [ view_filter ] --END-- [ RunTime:0.005694s ]
INFO: [ view_end ] --START--

[ 2013-03-27T23:38:04+08:00 ] 127.0.0.1 /tiaozao/htm/
INFO: [ app_begin ] --START--
INFO: Run ReadHtmlCache Behavior [ RunTime:0.001274s ]
INFO: [ app_begin ] --END-- [ RunTime:0.001367s ]
INFO: [ view_template ] --START--
INFO: Run LocationTemplate Behavior [ RunTime:0.001680s ]
INFO: [ view_template ] --END-- [ RunTime:0.001798s ]
INFO: [ view_parse ] --START--
INFO: Run ParseTemplate Behavior [ RunTime:0.013346s ]
INFO: [ view_parse ] --END-- [ RunTime:0.013437s ]
INFO: [ view_filter ] --START--
INFO: Run ContentReplace Behavior [ RunTime:0.000945s ]
INFO: Run TokenBuild Behavior [ RunTime:0.002692s ]
INFO: Run WriteHtmlCache Behavior [ RunTime:0.000928s ]
INFO: Run ShowRuntime Behavior [ RunTime:0.001003s ]
INFO: [ view_filter ] --END-- [ RunTime:0.005775s ]
INFO: [ view_end ] --START--

[ 2013-03-27T23:39:14+08:00 ] 127.0.0.1 /tiaozao/htm/
INFO: [ app_begin ] --START--
INFO: Run ReadHtmlCache Behavior [ RunTime:0.001527s ]
INFO: [ app_begin ] --END-- [ RunTime:0.001642s ]
INFO: [ view_template ] --START--
INFO: Run LocationTemplate Behavior [ RunTime:0.002105s ]
INFO: [ view_template ] --END-- [ RunTime:0.002199s ]
INFO: [ view_parse ] --START--
INFO: Run ParseTemplate Behavior [ RunTime:0.016658s ]
INFO: [ view_parse ] --END-- [ RunTime:0.016751s ]
INFO: [ view_filter ] --START--
INFO: Run ContentReplace Behavior [ RunTime:0.001001s ]
INFO: Run TokenBuild Behavior [ RunTime:0.001285s ]
INFO: Run WriteHtmlCache Behavior [ RunTime:0.000893s ]
INFO: Run ShowRuntime Behavior [ RunTime:0.000970s ]
INFO: [ view_filter ] --END-- [ RunTime:0.004358s ]
INFO: [ view_end ] --START--

[ 2013-03-27T23:39:38+08:00 ] 127.0.0.1 /tiaozao/htm/
INFO: [ app_begin ] --START--
INFO: Run ReadHtmlCache Behavior [ RunTime:0.004284s ]
INFO: [ app_begin ] --END-- [ RunTime:0.004515s ]
INFO: [ view_template ] --START--
INFO: Run LocationTemplate Behavior [ RunTime:0.002123s ]
INFO: [ view_template ] --END-- [ RunTime:0.002207s ]
INFO: [ view_parse ] --START--
INFO: Run ParseTemplate Behavior [ RunTime:0.014999s ]
INFO: [ view_parse ] --END-- [ RunTime:0.015087s ]
INFO: [ view_filter ] --START--
INFO: Run ContentReplace Behavior [ RunTime:0.001032s ]
INFO: Run TokenBuild Behavior [ RunTime:0.001025s ]
INFO: Run WriteHtmlCache Behavior [ RunTime:0.000845s ]
INFO: Run ShowRuntime Behavior [ RunTime:0.001145s ]
INFO: [ view_filter ] --END-- [ RunTime:0.004275s ]
INFO: [ view_end ] --START--

[ 2013-03-27T23:44:03+08:00 ] 127.0.0.1 /tiaozao/htm/
INFO: [ app_begin ] --START--
INFO: Run ReadHtmlCache Behavior [ RunTime:0.001506s ]
INFO: [ app_begin ] --END-- [ RunTime:0.001609s ]
INFO: [ view_template ] --START--
INFO: Run LocationTemplate Behavior [ RunTime:0.001585s ]
INFO: [ view_template ] --END-- [ RunTime:0.001667s ]
INFO: [ view_parse ] --START--
INFO: Run ParseTemplate Behavior [ RunTime:0.011908s ]
INFO: [ view_parse ] --END-- [ RunTime:0.012019s ]
INFO: [ view_filter ] --START--
INFO: Run ContentReplace Behavior [ RunTime:0.001237s ]
INFO: Run TokenBuild Behavior [ RunTime:0.000923s ]
INFO: Run WriteHtmlCache Behavior [ RunTime:0.000776s ]
INFO: Run ShowRuntime Behavior [ RunTime:0.000946s ]
INFO: [ view_filter ] --END-- [ RunTime:0.004070s ]
INFO: [ view_end ] --START--

[ 2013-03-27T23:44:34+08:00 ] 127.0.0.1 /tiaozao/htm/
INFO: [ app_begin ] --START--
INFO: Run ReadHtmlCache Behavior [ RunTime:0.001268s ]
INFO: [ app_begin ] --END-- [ RunTime:0.001375s ]
INFO: [ view_template ] --START--
INFO: Run LocationTemplate Behavior [ RunTime:0.000884s ]
INFO: [ view_template ] --END-- [ RunTime:0.001038s ]
INFO: [ view_parse ] --START--
INFO: Run ParseTemplate Behavior [ RunTime:0.017579s ]
INFO: [ view_parse ] --END-- [ RunTime:0.017680s ]
INFO: [ view_filter ] --START--
INFO: Run ContentReplace Behavior [ RunTime:0.000948s ]
INFO: Run TokenBuild Behavior [ RunTime:0.000913s ]
INFO: Run WriteHtmlCache Behavior [ RunTime:0.000813s ]
INFO: Run ShowRuntime Behavior [ RunTime:0.001073s ]
INFO: [ view_filter ] --END-- [ RunTime:0.003978s ]
INFO: [ view_end ] --START--

[ 2013-03-27T23:45:22+08:00 ] 127.0.0.1 /tiaozao/htm/
INFO: [ app_begin ] --START--
INFO: Run ReadHtmlCache Behavior [ RunTime:0.001272s ]
INFO: [ app_begin ] --END-- [ RunTime:0.001358s ]
INFO: [ view_template ] --START--
INFO: Run LocationTemplate Behavior [ RunTime:0.002344s ]
INFO: [ view_template ] --END-- [ RunTime:0.003282s ]
INFO: [ view_parse ] --START--
INFO: Run ParseTemplate Behavior [ RunTime:0.015199s ]
INFO: [ view_parse ] --END-- [ RunTime:0.015283s ]
INFO: [ view_filter ] --START--
INFO: Run ContentReplace Behavior [ RunTime:0.001150s ]
INFO: Run TokenBuild Behavior [ RunTime:0.001219s ]
INFO: Run WriteHtmlCache Behavior [ RunTime:0.001344s ]
INFO: Run ShowRuntime Behavior [ RunTime:0.001231s ]
INFO: [ view_filter ] --END-- [ RunTime:0.005178s ]
INFO: [ view_end ] --START--

[ 2013-03-27T23:45:51+08:00 ] 127.0.0.1 /tiaozao/htm/
INFO: [ app_begin ] --START--
INFO: Run ReadHtmlCache Behavior [ RunTime:0.001208s ]
INFO: [ app_begin ] --END-- [ RunTime:0.001311s ]
INFO: [ view_template ] --START--
INFO: Run LocationTemplate Behavior [ RunTime:0.002387s ]
INFO: [ view_template ] --END-- [ RunTime:0.002552s ]
INFO: [ view_parse ] --START--
INFO: Run ParseTemplate Behavior [ RunTime:0.015362s ]
INFO: [ view_parse ] --END-- [ RunTime:0.015449s ]
INFO: [ view_filter ] --START--
INFO: Run ContentReplace Behavior [ RunTime:0.001153s ]
INFO: Run TokenBuild Behavior [ RunTime:0.001205s ]
INFO: Run WriteHtmlCache Behavior [ RunTime:0.001197s ]
INFO: Run ShowRuntime Behavior [ RunTime:0.001850s ]
INFO: [ view_filter ] --END-- [ RunTime:0.005638s ]
INFO: [ view_end ] --START--

[ 2013-03-27T23:46:53+08:00 ] 127.0.0.1 /tiaozao/htm/
INFO: [ app_begin ] --START--
INFO: Run ReadHtmlCache Behavior [ RunTime:0.001804s ]
INFO: [ app_begin ] --END-- [ RunTime:0.001903s ]
INFO: [ view_template ] --START--
INFO: Run LocationTemplate Behavior [ RunTime:0.002346s ]
INFO: [ view_template ] --END-- [ RunTime:0.002440s ]
INFO: [ view_parse ] --START--
INFO: Run ParseTemplate Behavior [ RunTime:0.018155s ]
INFO: [ view_parse ] --END-- [ RunTime:0.018249s ]
INFO: [ view_filter ] --START--
INFO: Run ContentReplace Behavior [ RunTime:0.001196s ]
INFO: Run TokenBuild Behavior [ RunTime:0.001010s ]
INFO: Run WriteHtmlCache Behavior [ RunTime:0.000845s ]
INFO: Run ShowRuntime Behavior [ RunTime:0.001228s ]
INFO: [ view_filter ] --END-- [ RunTime:0.004469s ]
INFO: [ view_end ] --START--

[ 2013-03-27T23:48:08+08:00 ] 127.0.0.1 /tiaozao/htm/
INFO: [ app_begin ] --START--
INFO: Run ReadHtmlCache Behavior [ RunTime:0.001664s ]
INFO: [ app_begin ] --END-- [ RunTime:0.001763s ]
INFO: [ view_template ] --START--
INFO: Run LocationTemplate Behavior [ RunTime:0.002640s ]
INFO: [ view_template ] --END-- [ RunTime:0.002734s ]
INFO: [ view_parse ] --START--
INFO: Run ParseTemplate Behavior [ RunTime:0.018011s ]
INFO: [ view_parse ] --END-- [ RunTime:0.018103s ]
INFO: [ view_filter ] --START--
INFO: Run ContentReplace Behavior [ RunTime:0.001125s ]
INFO: Run TokenBuild Behavior [ RunTime:0.001168s ]
INFO: Run WriteHtmlCache Behavior [ RunTime:0.000974s ]
INFO: Run ShowRuntime Behavior [ RunTime:0.001207s ]
INFO: [ view_filter ] --END-- [ RunTime:0.004746s ]
INFO: [ view_end ] --START--

[ 2013-03-27T23:50:46+08:00 ] 127.0.0.1 /tiaozao/htm/
INFO: [ app_begin ] --START--
INFO: Run ReadHtmlCache Behavior [ RunTime:0.001326s ]
INFO: [ app_begin ] --END-- [ RunTime:0.001426s ]
INFO: [ view_template ] --START--
INFO: Run LocationTemplate Behavior [ RunTime:0.002342s ]
INFO: [ view_template ] --END-- [ RunTime:0.002456s ]
INFO: [ view_parse ] --START--
INFO: Run ParseTemplate Behavior [ RunTime:0.016344s ]
INFO: [ view_parse ] --END-- [ RunTime:0.016489s ]
INFO: [ view_filter ] --START--
INFO: Run ContentReplace Behavior [ RunTime:0.001152s ]
INFO: Run TokenBuild Behavior [ RunTime:0.000994s ]
INFO: Run WriteHtmlCache Behavior [ RunTime:0.000901s ]
INFO: Run ShowRuntime Behavior [ RunTime:0.001291s ]
INFO: [ view_filter ] --END-- [ RunTime:0.004542s ]
INFO: [ view_end ] --START--

[ 2013-03-27T23:51:42+08:00 ] 127.0.0.1 /tiaozao/htm/
INFO: [ app_begin ] --START--
INFO: Run ReadHtmlCache Behavior [ RunTime:0.001171s ]
INFO: [ app_begin ] --END-- [ RunTime:0.001264s ]
INFO: [ view_template ] --START--
INFO: Run LocationTemplate Behavior [ RunTime:0.002063s ]
INFO: [ view_template ] --END-- [ RunTime:0.002149s ]
INFO: [ view_parse ] --START--
INFO: Run ParseTemplate Behavior [ RunTime:0.015000s ]
INFO: [ view_parse ] --END-- [ RunTime:0.015086s ]
INFO: [ view_filter ] --START--
INFO: Run ContentReplace Behavior [ RunTime:0.001028s ]
INFO: Run TokenBuild Behavior [ RunTime:0.001284s ]
INFO: Run WriteHtmlCache Behavior [ RunTime:0.001002s ]
INFO: Run ShowRuntime Behavior [ RunTime:0.001260s ]
INFO: [ view_filter ] --END-- [ RunTime:0.005317s ]
INFO: [ view_end ] --START--

[ 2013-03-27T23:52:08+08:00 ] 127.0.0.1 /tiaozao/htm/
INFO: [ app_begin ] --START--
INFO: Run ReadHtmlCache Behavior [ RunTime:0.001166s ]
INFO: [ app_begin ] --END-- [ RunTime:0.001263s ]
INFO: [ view_template ] --START--
INFO: Run LocationTemplate Behavior [ RunTime:0.002125s ]
INFO: [ view_template ] --END-- [ RunTime:0.002220s ]
INFO: [ view_parse ] --START--
INFO: Run ParseTemplate Behavior [ RunTime:0.016106s ]
INFO: [ view_parse ] --END-- [ RunTime:0.016200s ]
INFO: [ view_filter ] --START--
INFO: Run ContentReplace Behavior [ RunTime:0.001161s ]
INFO: Run TokenBuild Behavior [ RunTime:0.001364s ]
INFO: Run WriteHtmlCache Behavior [ RunTime:0.001761s ]
INFO: Run ShowRuntime Behavior [ RunTime:0.001190s ]
INFO: [ view_filter ] --END-- [ RunTime:0.005719s ]
INFO: [ view_end ] --START--

[ 2013-03-27T23:53:22+08:00 ] 127.0.0.1 /tiaozao/htm/
INFO: [ app_begin ] --START--
INFO: Run ReadHtmlCache Behavior [ RunTime:0.001735s ]
INFO: [ app_begin ] --END-- [ RunTime:0.001914s ]
INFO: [ view_template ] --START--
INFO: Run LocationTemplate Behavior [ RunTime:0.001925s ]
INFO: [ view_template ] --END-- [ RunTime:0.002034s ]
INFO: [ view_parse ] --START--
INFO: Run ParseTemplate Behavior [ RunTime:0.015591s ]
INFO: [ view_parse ] --END-- [ RunTime:0.015693s ]
INFO: [ view_filter ] --START--
INFO: Run ContentReplace Behavior [ RunTime:0.001129s ]
INFO: Run TokenBuild Behavior [ RunTime:0.001144s ]
INFO: Run WriteHtmlCache Behavior [ RunTime:0.000932s ]
INFO: Run ShowRuntime Behavior [ RunTime:0.001342s ]
INFO: [ view_filter ] --END-- [ RunTime:0.004778s ]
INFO: [ view_end ] --START--

[ 2013-03-27T23:53:33+08:00 ] 127.0.0.1 /tiaozao/htm/
INFO: [ app_begin ] --START--
INFO: Run ReadHtmlCache Behavior [ RunTime:0.001531s ]
INFO: [ app_begin ] --END-- [ RunTime:0.001641s ]
INFO: [ view_template ] --START--
INFO: Run LocationTemplate Behavior [ RunTime:0.002401s ]
INFO: [ view_template ] --END-- [ RunTime:0.002499s ]
INFO: [ view_parse ] --START--
INFO: Run ParseTemplate Behavior [ RunTime:0.017339s ]
INFO: [ view_parse ] --END-- [ RunTime:0.017439s ]
INFO: [ view_filter ] --START--
INFO: Run ContentReplace Behavior [ RunTime:0.001626s ]
INFO: Run TokenBuild Behavior [ RunTime:0.001262s ]
INFO: Run WriteHtmlCache Behavior [ RunTime:0.001170s ]
INFO: Run ShowRuntime Behavior [ RunTime:0.001195s ]
INFO: [ view_filter ] --END-- [ RunTime:0.005510s ]
INFO: [ view_end ] --START--

[ 2013-03-27T23:53:48+08:00 ] 127.0.0.1 /tiaozao/htm/
INFO: [ app_begin ] --START--
INFO: Run ReadHtmlCache Behavior [ RunTime:0.000933s ]
INFO: [ app_begin ] --END-- [ RunTime:0.001028s ]
INFO: [ view_template ] --START--
INFO: Run LocationTemplate Behavior [ RunTime:0.002616s ]
INFO: [ view_template ] --END-- [ RunTime:0.002715s ]
INFO: [ view_parse ] --START--
INFO: Run ParseTemplate Behavior [ RunTime:0.012878s ]
INFO: [ view_parse ] --END-- [ RunTime:0.012971s ]
INFO: [ view_filter ] --START--
INFO: Run ContentReplace Behavior [ RunTime:0.000743s ]
INFO: Run TokenBuild Behavior [ RunTime:0.000679s ]
INFO: Run WriteHtmlCache Behavior [ RunTime:0.000560s ]
INFO: Run ShowRuntime Behavior [ RunTime:0.000831s ]
INFO: [ view_filter ] --END-- [ RunTime:0.002992s ]
INFO: [ view_end ] --START--

[ 2013-03-27T23:55:24+08:00 ] 127.0.0.1 /tiaozao/htm/
INFO: [ app_begin ] --START--
INFO: Run ReadHtmlCache Behavior [ RunTime:0.001064s ]
INFO: [ app_begin ] --END-- [ RunTime:0.001152s ]
INFO: [ view_template ] --START--
INFO: Run LocationTemplate Behavior [ RunTime:0.002882s ]
INFO: [ view_template ] --END-- [ RunTime:0.002976s ]
INFO: [ view_parse ] --START--
INFO: Run ParseTemplate Behavior [ RunTime:0.018034s ]
INFO: [ view_parse ] --END-- [ RunTime:0.018134s ]
INFO: [ view_filter ] --START--
INFO: Run ContentReplace Behavior [ RunTime:0.001258s ]
INFO: Run TokenBuild Behavior [ RunTime:0.001152s ]
INFO: Run WriteHtmlCache Behavior [ RunTime:0.001182s ]
INFO: Run ShowRuntime Behavior [ RunTime:0.001326s ]
INFO: [ view_filter ] --END-- [ RunTime:0.005213s ]
INFO: [ view_end ] --START--

[ 2013-03-27T23:55:31+08:00 ] 127.0.0.1 /tiaozao/htm/
INFO: [ app_begin ] --START--
INFO: Run ReadHtmlCache Behavior [ RunTime:0.001446s ]
INFO: [ app_begin ] --END-- [ RunTime:0.001550s ]
INFO: [ view_template ] --START--
INFO: Run LocationTemplate Behavior [ RunTime:0.001925s ]
INFO: [ view_template ] --END-- [ RunTime:0.002035s ]
INFO: [ view_parse ] --START--
INFO: Run ParseTemplate Behavior [ RunTime:0.015959s ]
INFO: [ view_parse ] --END-- [ RunTime:0.016057s ]
INFO: [ view_filter ] --START--
INFO: Run ContentReplace Behavior [ RunTime:0.000966s ]
INFO: Run TokenBuild Behavior [ RunTime:0.000972s ]
INFO: Run WriteHtmlCache Behavior [ RunTime:0.000840s ]
INFO: Run ShowRuntime Behavior [ RunTime:0.000962s ]
INFO: [ view_filter ] --END-- [ RunTime:0.003947s ]
INFO: [ view_end ] --START--

[ 2013-03-27T23:55:55+08:00 ] 127.0.0.1 /tiaozao/htm/
INFO: [ app_begin ] --START--
INFO: Run ReadHtmlCache Behavior [ RunTime:0.001331s ]
INFO: [ app_begin ] --END-- [ RunTime:0.001431s ]
INFO: [ view_template ] --START--
INFO: Run LocationTemplate Behavior [ RunTime:0.004005s ]
INFO: [ view_template ] --END-- [ RunTime:0.004101s ]
INFO: [ view_parse ] --START--
INFO: Run ParseTemplate Behavior [ RunTime:0.019558s ]
INFO: [ view_parse ] --END-- [ RunTime:0.020244s ]
INFO: [ view_filter ] --START--
INFO: Run ContentReplace Behavior [ RunTime:0.001300s ]
INFO: Run TokenBuild Behavior [ RunTime:0.001233s ]
INFO: Run WriteHtmlCache Behavior [ RunTime:0.001072s ]
INFO: Run ShowRuntime Behavior [ RunTime:0.001347s ]
INFO: [ view_filter ] --END-- [ RunTime:0.005190s ]
INFO: [ view_end ] --START--

[ 2013-03-27T23:56:21+08:00 ] 127.0.0.1 /tiaozao/htm/
INFO: [ app_begin ] --START--
INFO: Run ReadHtmlCache Behavior [ RunTime:0.002259s ]
INFO: [ app_begin ] --END-- [ RunTime:0.002381s ]
INFO: [ view_template ] --START--
INFO: Run LocationTemplate Behavior [ RunTime:0.001081s ]
INFO: [ view_template ] --END-- [ RunTime:0.001176s ]
INFO: [ view_parse ] --START--
INFO: Run ParseTemplate Behavior [ RunTime:0.024530s ]
INFO: [ view_parse ] --END-- [ RunTime:0.024631s ]
INFO: [ view_filter ] --START--
INFO: Run ContentReplace Behavior [ RunTime:0.000891s ]
INFO: Run TokenBuild Behavior [ RunTime:0.000751s ]
INFO: Run WriteHtmlCache Behavior [ RunTime:0.001004s ]
INFO: Run ShowRuntime Behavior [ RunTime:0.001117s ]
INFO: [ view_filter ] --END-- [ RunTime:0.003985s ]
INFO: [ view_end ] --START--

[ 2013-03-27T23:57:01+08:00 ] 127.0.0.1 /tiaozao/htm/
INFO: [ app_begin ] --START--
INFO: Run ReadHtmlCache Behavior [ RunTime:0.001758s ]
INFO: [ app_begin ] --END-- [ RunTime:0.001866s ]
INFO: [ view_template ] --START--
INFO: Run LocationTemplate Behavior [ RunTime:0.002752s ]
INFO: [ view_template ] --END-- [ RunTime:0.002849s ]
INFO: [ view_parse ] --START--
INFO: Run ParseTemplate Behavior [ RunTime:0.029427s ]
INFO: [ view_parse ] --END-- [ RunTime:0.029669s ]
INFO: [ view_filter ] --START--
INFO: Run ContentReplace Behavior [ RunTime:0.001165s ]
INFO: Run TokenBuild Behavior [ RunTime:0.001046s ]
INFO: Run WriteHtmlCache Behavior [ RunTime:0.000804s ]
INFO: Run ShowRuntime Behavior [ RunTime:0.001101s ]
INFO: [ view_filter ] --END-- [ RunTime:0.004297s ]
INFO: [ view_end ] --START--

[ 2013-03-27T23:58:42+08:00 ] 127.0.0.1 /tiaozao/htm/
INFO: [ app_begin ] --START--
INFO: Run ReadHtmlCache Behavior [ RunTime:0.003991s ]
INFO: [ app_begin ] --END-- [ RunTime:0.004103s ]
INFO: [ view_template ] --START--
INFO: Run LocationTemplate Behavior [ RunTime:0.002062s ]
INFO: [ view_template ] --END-- [ RunTime:0.002166s ]
INFO: [ view_parse ] --START--
INFO: Run ParseTemplate Behavior [ RunTime:0.014784s ]
INFO: [ view_parse ] --END-- [ RunTime:0.014874s ]
INFO: [ view_filter ] --START--
INFO: Run ContentReplace Behavior [ RunTime:0.000920s ]
INFO: Run TokenBuild Behavior [ RunTime:0.000895s ]
INFO: Run WriteHtmlCache Behavior [ RunTime:0.000770s ]
INFO: Run ShowRuntime Behavior [ RunTime:0.000935s ]
INFO: [ view_filter ] --END-- [ RunTime:0.003697s ]
INFO: [ view_end ] --START--

[ 2013-03-27T23:59:35+08:00 ] 127.0.0.1 /tiaozao/htm/
INFO: [ app_begin ] --START--
INFO: Run ReadHtmlCache Behavior [ RunTime:0.003281s ]
INFO: [ app_begin ] --END-- [ RunTime:0.003383s ]
INFO: [ view_template ] --START--
INFO: Run LocationTemplate Behavior [ RunTime:0.003165s ]
INFO: [ view_template ] --END-- [ RunTime:0.003274s ]
INFO: [ view_parse ] --START--
INFO: Run ParseTemplate Behavior [ RunTime:0.018029s ]
INFO: [ view_parse ] --END-- [ RunTime:0.018246s ]
INFO: [ view_filter ] --START--
INFO: Run ContentReplace Behavior [ RunTime:0.001129s ]
INFO: Run TokenBuild Behavior [ RunTime:0.001448s ]
INFO: Run WriteHtmlCache Behavior [ RunTime:0.001184s ]
INFO: Run ShowRuntime Behavior [ RunTime:0.001355s ]
INFO: [ view_filter ] --END-- [ RunTime:0.006432s ]
INFO: [ view_end ] --START--

