[ 2013-03-21T00:05:45+08:00 ] ERR: (ThinkException) 无法加载模块:Index
[ 2013-03-21T00:06:14+08:00 ] ERR: (ThinkException) 无法加载模块:Index
[ 2013-03-21T00:06:15+08:00 ] ERR: (ThinkException) 无法加载模块:Index
[ 2013-03-21T00:06:38+08:00 ] 127.0.0.1 /tiaozao/htm/
NOTIC: [8] Use of undefined constant __GROUP__ - assumed '__GROUP__' F:\localhost\tiaozao\common\ThinkPHP\Lib\Core\Dispatcher.class.php 第 165 行.
NOTIC: [8] Constant THEME_NAME already defined F:\localhost\tiaozao\common\ThinkPHP\Lib\Core\App.class.php 第 93 行.
INFO: [ app_begin ] --START--
INFO: Run ReadHtmlCache Behavior [ RunTime:0.001010s ]
INFO: [ app_begin ] --END-- [ RunTime:0.001237s ]
NOTIC: [8] Undefined variable: model F:\localhost\tiaozao\common\ThinkPHP\Common\common.php 第 335 行.
NOTIC: [8] Undefined variable: model F:\localhost\tiaozao\common\ThinkPHP\Common\common.php 第 336 行.
INFO: [ view_parse ] --START--
INFO: Run ParseTemplate Behavior [ RunTime:0.002777s ]
INFO: [ view_parse ] --END-- [ RunTime:0.002872s ]
INFO: [ view_filter ] --START--
NOTIC: [8] Use of undefined constant __GROUP__ - assumed '__GROUP__' F:\localhost\tiaozao\common\ThinkPHP\Lib\Behavior\ContentReplaceBehavior.class.php 第 43 行.
INFO: Run ContentReplace Behavior [ RunTime:0.000909s ]
INFO: Run TokenBuild Behavior [ RunTime:0.000816s ]
INFO: Run WriteHtmlCache Behavior [ RunTime:0.000750s ]
INFO: Run ShowRuntime Behavior [ RunTime:0.000889s ]
INFO: [ view_filter ] --END-- [ RunTime:0.003754s ]
INFO: [ view_end ] --START--
INFO: Run ShowPageTrace Behavior [ RunTime:0.001045s ]
INFO: [ view_end ] --END-- [ RunTime:0.001108s ]

[ 2013-03-21T00:10:17+08:00 ] 127.0.0.1 /tiaozao/htm/
NOTIC: [8] Use of undefined constant __GROUP__ - assumed '__GROUP__' F:\localhost\tiaozao\common\ThinkPHP\Lib\Core\Dispatcher.class.php 第 165 行.
NOTIC: [8] Constant THEME_NAME already defined F:\localhost\tiaozao\common\ThinkPHP\Lib\Core\App.class.php 第 93 行.
INFO: [ app_begin ] --START--
INFO: Run ReadHtmlCache Behavior [ RunTime:0.001317s ]
INFO: [ app_begin ] --END-- [ RunTime:0.001413s ]
NOTIC: [8] Undefined variable: model F:\localhost\tiaozao\common\ThinkPHP\Common\common.php 第 335 行.
NOTIC: [8] Undefined variable: model F:\localhost\tiaozao\common\ThinkPHP\Common\common.php 第 336 行.
INFO: [ view_template ] --START--
INFO: Run LocationTemplate Behavior [ RunTime:0.031138s ]
INFO: [ view_template ] --END-- [ RunTime:0.031232s ]
INFO: [ view_parse ] --START--
INFO: Run ParseTemplate Behavior [ RunTime:0.275126s ]
INFO: [ view_parse ] --END-- [ RunTime:0.275260s ]
INFO: [ view_filter ] --START--
NOTIC: [8] Use of undefined constant __GROUP__ - assumed '__GROUP__' F:\localhost\tiaozao\common\ThinkPHP\Lib\Behavior\ContentReplaceBehavior.class.php 第 43 行.
INFO: Run ContentReplace Behavior [ RunTime:0.001240s ]
INFO: Run TokenBuild Behavior [ RunTime:0.001017s ]
INFO: Run WriteHtmlCache Behavior [ RunTime:0.001033s ]
INFO: Run ShowRuntime Behavior [ RunTime:0.001037s ]
INFO: [ view_filter ] --END-- [ RunTime:0.004536s ]
INFO: [ view_end ] --START--
INFO: Run ShowPageTrace Behavior [ RunTime:0.001989s ]
INFO: [ view_end ] --END-- [ RunTime:0.002067s ]
INFO: [ view_parse ] --START--
INFO: Run ParseTemplate Behavior [ RunTime:0.000786s ]
INFO: [ view_parse ] --END-- [ RunTime:-0.006841s ]
INFO: [ view_filter ] --START--
NOTIC: [8] Use of undefined constant __GROUP__ - assumed '__GROUP__' F:\localhost\tiaozao\common\ThinkPHP\Lib\Behavior\ContentReplaceBehavior.class.php 第 43 行.
INFO: Run ContentReplace Behavior [ RunTime:0.000107s ]
INFO: Run TokenBuild Behavior [ RunTime:0.000045s ]
INFO: Run WriteHtmlCache Behavior [ RunTime:0.000012s ]
INFO: Run ShowRuntime Behavior [ RunTime:0.000071s ]
INFO: [ view_filter ] --END-- [ RunTime:-0.003149s ]
INFO: [ view_end ] --START--
INFO: Run ShowPageTrace Behavior [ RunTime:0.000038s ]
INFO: [ view_end ] --END-- [ RunTime:-0.001430s ]

[ 2013-03-21T00:10:50+08:00 ] 127.0.0.1 /tiaozao/htm/
NOTIC: [8] Use of undefined constant __GROUP__ - assumed '__GROUP__' F:\localhost\tiaozao\common\ThinkPHP\Lib\Core\Dispatcher.class.php 第 165 行.
NOTIC: [8] Constant THEME_NAME already defined F:\localhost\tiaozao\common\ThinkPHP\Lib\Core\App.class.php 第 93 行.
INFO: [ app_begin ] --START--
INFO: Run ReadHtmlCache Behavior [ RunTime:0.002021s ]
INFO: [ app_begin ] --END-- [ RunTime:0.002113s ]
NOTIC: [8] Undefined variable: model F:\localhost\tiaozao\common\ThinkPHP\Common\common.php 第 335 行.
NOTIC: [8] Undefined variable: model F:\localhost\tiaozao\common\ThinkPHP\Common\common.php 第 336 行.

[ 2013-03-21T00:11:27+08:00 ] 127.0.0.1 /tiaozao/htm/
NOTIC: [8] Use of undefined constant __GROUP__ - assumed '__GROUP__' F:\localhost\tiaozao\common\ThinkPHP\Lib\Core\Dispatcher.class.php 第 165 行.
NOTIC: [8] Constant THEME_NAME already defined F:\localhost\tiaozao\common\ThinkPHP\Lib\Core\App.class.php 第 93 行.
INFO: [ app_begin ] --START--
INFO: Run ReadHtmlCache Behavior [ RunTime:0.001284s ]
INFO: [ app_begin ] --END-- [ RunTime:0.001373s ]
NOTIC: [8] Undefined variable: model F:\localhost\tiaozao\common\ThinkPHP\Common\common.php 第 335 行.
NOTIC: [8] Undefined variable: model F:\localhost\tiaozao\common\ThinkPHP\Common\common.php 第 336 行.

[ 2013-03-21T00:11:38+08:00 ] 127.0.0.1 /tiaozao/htm/
NOTIC: [8] Use of undefined constant __GROUP__ - assumed '__GROUP__' F:\localhost\tiaozao\common\ThinkPHP\Lib\Core\Dispatcher.class.php 第 165 行.
NOTIC: [8] Constant THEME_NAME already defined F:\localhost\tiaozao\common\ThinkPHP\Lib\Core\App.class.php 第 93 行.
INFO: [ app_begin ] --START--
INFO: Run ReadHtmlCache Behavior [ RunTime:0.001528s ]
INFO: [ app_begin ] --END-- [ RunTime:0.001639s ]
NOTIC: [8] Undefined variable: model F:\localhost\tiaozao\common\ThinkPHP\Common\common.php 第 335 行.
NOTIC: [8] Undefined variable: model F:\localhost\tiaozao\common\ThinkPHP\Common\common.php 第 336 行.

[ 2013-03-21T00:11:56+08:00 ] 127.0.0.1 /tiaozao/htm/
NOTIC: [8] Use of undefined constant __GROUP__ - assumed '__GROUP__' F:\localhost\tiaozao\common\ThinkPHP\Lib\Core\Dispatcher.class.php 第 165 行.
NOTIC: [8] Constant THEME_NAME already defined F:\localhost\tiaozao\common\ThinkPHP\Lib\Core\App.class.php 第 93 行.
INFO: [ app_begin ] --START--
INFO: Run ReadHtmlCache Behavior [ RunTime:0.000910s ]
INFO: [ app_begin ] --END-- [ RunTime:0.000987s ]
NOTIC: [8] Undefined variable: model F:\localhost\tiaozao\common\ThinkPHP\Common\common.php 第 335 行.
NOTIC: [8] Undefined variable: model F:\localhost\tiaozao\common\ThinkPHP\Common\common.php 第 336 行.
INFO: [ view_template ] --START--
INFO: Run LocationTemplate Behavior [ RunTime:0.001438s ]
INFO: [ view_template ] --END-- [ RunTime:0.001502s ]

[ 2013-03-21T00:16:40+08:00 ] 127.0.0.1 /tiaozao/htm/
NOTIC: [8] Use of undefined constant __GROUP__ - assumed '__GROUP__' F:\localhost\tiaozao\common\ThinkPHP\Lib\Core\Dispatcher.class.php 第 165 行.
NOTIC: [8] Constant THEME_NAME already defined F:\localhost\tiaozao\common\ThinkPHP\Lib\Core\App.class.php 第 93 行.
INFO: [ app_begin ] --START--
INFO: Run ReadHtmlCache Behavior [ RunTime:0.001385s ]
INFO: [ app_begin ] --END-- [ RunTime:0.001474s ]
NOTIC: [8] Array to string conversion F:\localhost\tiaozao\common\ThinkPHP\Common\common.php 第 517 行.
NOTIC: [8] Undefined variable: model F:\localhost\tiaozao\common\ThinkPHP\Common\common.php 第 335 行.
NOTIC: [8] Undefined variable: model F:\localhost\tiaozao\common\ThinkPHP\Common\common.php 第 336 行.
INFO: [ view_template ] --START--
INFO: Run LocationTemplate Behavior [ RunTime:0.001564s ]
INFO: [ view_template ] --END-- [ RunTime:0.001636s ]
NOTIC: [8] Array to string conversion F:\localhost\tiaozao\common\ThinkPHP\Common\common.php 第 517 行.
INFO: [ view_parse ] --START--
INFO: Run ParseTemplate Behavior [ RunTime:0.017144s ]
INFO: [ view_parse ] --END-- [ RunTime:0.017229s ]
INFO: [ view_filter ] --START--
NOTIC: [8] Use of undefined constant __GROUP__ - assumed '__GROUP__' F:\localhost\tiaozao\common\ThinkPHP\Lib\Behavior\ContentReplaceBehavior.class.php 第 43 行.
INFO: Run ContentReplace Behavior [ RunTime:0.000946s ]
INFO: Run TokenBuild Behavior [ RunTime:0.001451s ]
INFO: Run WriteHtmlCache Behavior [ RunTime:0.000957s ]
INFO: Run ShowRuntime Behavior [ RunTime:0.001151s ]
INFO: [ view_filter ] --END-- [ RunTime:0.004807s ]
INFO: [ view_end ] --START--
INFO: Run ShowPageTrace Behavior [ RunTime:0.001537s ]
INFO: [ view_end ] --END-- [ RunTime:0.001621s ]
NOTIC: [8] Array to string conversion F:\localhost\tiaozao\common\ThinkPHP\Common\common.php 第 517 行.
INFO: [ view_parse ] --START--
INFO: Run ParseTemplate Behavior [ RunTime:0.000818s ]
INFO: [ view_parse ] --END-- [ RunTime:-0.006738s ]
INFO: [ view_filter ] --START--
NOTIC: [8] Use of undefined constant __GROUP__ - assumed '__GROUP__' F:\localhost\tiaozao\common\ThinkPHP\Lib\Behavior\ContentReplaceBehavior.class.php 第 43 行.
INFO: Run ContentReplace Behavior [ RunTime:0.000091s ]
INFO: Run TokenBuild Behavior [ RunTime:0.000045s ]
INFO: Run WriteHtmlCache Behavior [ RunTime:0.000013s ]
INFO: Run ShowRuntime Behavior [ RunTime:0.000073s ]
INFO: [ view_filter ] --END-- [ RunTime:-0.002810s ]
INFO: [ view_end ] --START--
INFO: Run ShowPageTrace Behavior [ RunTime:0.000038s ]
INFO: [ view_end ] --END-- [ RunTime:-0.001570s ]

[ 2013-03-21T00:16:43+08:00 ] 127.0.0.1 /tiaozao/htm/
NOTIC: [8] Use of undefined constant __GROUP__ - assumed '__GROUP__' F:\localhost\tiaozao\common\ThinkPHP\Lib\Core\Dispatcher.class.php 第 165 行.
NOTIC: [8] Constant THEME_NAME already defined F:\localhost\tiaozao\common\ThinkPHP\Lib\Core\App.class.php 第 93 行.
INFO: [ app_begin ] --START--
INFO: Run ReadHtmlCache Behavior [ RunTime:0.000968s ]
INFO: [ app_begin ] --END-- [ RunTime:0.001109s ]
NOTIC: [8] Array to string conversion F:\localhost\tiaozao\common\ThinkPHP\Common\common.php 第 517 行.
NOTIC: [8] Undefined variable: model F:\localhost\tiaozao\common\ThinkPHP\Common\common.php 第 335 行.
NOTIC: [8] Undefined variable: model F:\localhost\tiaozao\common\ThinkPHP\Common\common.php 第 336 行.
INFO: [ view_template ] --START--
INFO: Run LocationTemplate Behavior [ RunTime:0.000716s ]
INFO: [ view_template ] --END-- [ RunTime:0.000782s ]
NOTIC: [8] Array to string conversion F:\localhost\tiaozao\common\ThinkPHP\Common\common.php 第 517 行.
INFO: [ view_parse ] --START--
INFO: Run ParseTemplate Behavior [ RunTime:0.010893s ]
INFO: [ view_parse ] --END-- [ RunTime:0.010984s ]
INFO: [ view_filter ] --START--
NOTIC: [8] Use of undefined constant __GROUP__ - assumed '__GROUP__' F:\localhost\tiaozao\common\ThinkPHP\Lib\Behavior\ContentReplaceBehavior.class.php 第 43 行.
INFO: Run ContentReplace Behavior [ RunTime:0.000838s ]
INFO: Run TokenBuild Behavior [ RunTime:0.000766s ]
INFO: Run WriteHtmlCache Behavior [ RunTime:0.000589s ]
INFO: Run ShowRuntime Behavior [ RunTime:0.000975s ]
INFO: [ view_filter ] --END-- [ RunTime:0.004827s ]
INFO: [ view_end ] --START--
INFO: Run ShowPageTrace Behavior [ RunTime:0.001013s ]
INFO: [ view_end ] --END-- [ RunTime:0.001078s ]
NOTIC: [8] Array to string conversion F:\localhost\tiaozao\common\ThinkPHP\Common\common.php 第 517 行.
INFO: [ view_parse ] --START--
INFO: Run ParseTemplate Behavior [ RunTime:0.000892s ]
INFO: [ view_parse ] --END-- [ RunTime:-0.006144s ]
INFO: [ view_filter ] --START--
NOTIC: [8] Use of undefined constant __GROUP__ - assumed '__GROUP__' F:\localhost\tiaozao\common\ThinkPHP\Lib\Behavior\ContentReplaceBehavior.class.php 第 43 行.
INFO: Run ContentReplace Behavior [ RunTime:0.000089s ]
INFO: Run TokenBuild Behavior [ RunTime:0.000046s ]
INFO: Run WriteHtmlCache Behavior [ RunTime:0.000014s ]
INFO: Run ShowRuntime Behavior [ RunTime:0.000074s ]
INFO: [ view_filter ] --END-- [ RunTime:-0.002276s ]
INFO: [ view_end ] --START--
INFO: Run ShowPageTrace Behavior [ RunTime:0.000038s ]
INFO: [ view_end ] --END-- [ RunTime:-0.001585s ]

[ 2013-03-21T00:16:51+08:00 ] 127.0.0.1 /tiaozao/htm/
NOTIC: [8] Use of undefined constant __GROUP__ - assumed '__GROUP__' F:\localhost\tiaozao\common\ThinkPHP\Lib\Core\Dispatcher.class.php 第 165 行.
NOTIC: [8] Constant THEME_NAME already defined F:\localhost\tiaozao\common\ThinkPHP\Lib\Core\App.class.php 第 93 行.
INFO: [ app_begin ] --START--
INFO: Run ReadHtmlCache Behavior [ RunTime:0.001227s ]
INFO: [ app_begin ] --END-- [ RunTime:0.001432s ]
NOTIC: [8] Undefined variable: model F:\localhost\tiaozao\common\ThinkPHP\Common\common.php 第 335 行.
NOTIC: [8] Undefined variable: model F:\localhost\tiaozao\common\ThinkPHP\Common\common.php 第 336 行.
INFO: [ view_template ] --START--
INFO: Run LocationTemplate Behavior [ RunTime:0.000831s ]
INFO: [ view_template ] --END-- [ RunTime:0.000899s ]
INFO: [ view_parse ] --START--
INFO: Run ParseTemplate Behavior [ RunTime:0.009957s ]
INFO: [ view_parse ] --END-- [ RunTime:0.010048s ]
INFO: [ view_filter ] --START--
NOTIC: [8] Use of undefined constant __GROUP__ - assumed '__GROUP__' F:\localhost\tiaozao\common\ThinkPHP\Lib\Behavior\ContentReplaceBehavior.class.php 第 43 行.
INFO: Run ContentReplace Behavior [ RunTime:0.001037s ]
INFO: Run TokenBuild Behavior [ RunTime:0.000751s ]
INFO: Run WriteHtmlCache Behavior [ RunTime:0.000566s ]
INFO: Run ShowRuntime Behavior [ RunTime:0.000724s ]
INFO: [ view_filter ] --END-- [ RunTime:0.003256s ]
INFO: [ view_end ] --START--
INFO: Run ShowPageTrace Behavior [ RunTime:0.000884s ]
INFO: [ view_end ] --END-- [ RunTime:0.000947s ]
INFO: [ view_parse ] --START--
INFO: Run ParseTemplate Behavior [ RunTime:0.000592s ]
INFO: [ view_parse ] --END-- [ RunTime:-0.004394s ]
INFO: [ view_filter ] --START--
NOTIC: [8] Use of undefined constant __GROUP__ - assumed '__GROUP__' F:\localhost\tiaozao\common\ThinkPHP\Lib\Behavior\ContentReplaceBehavior.class.php 第 43 行.
INFO: Run ContentReplace Behavior [ RunTime:0.000080s ]
INFO: Run TokenBuild Behavior [ RunTime:0.000043s ]
INFO: Run WriteHtmlCache Behavior [ RunTime:0.000012s ]
INFO: Run ShowRuntime Behavior [ RunTime:0.000965s ]
INFO: [ view_filter ] --END-- [ RunTime:-0.001782s ]
INFO: [ view_end ] --START--
INFO: Run ShowPageTrace Behavior [ RunTime:0.000041s ]
INFO: [ view_end ] --END-- [ RunTime:-0.002102s ]

[ 2013-03-21T00:18:28+08:00 ] 127.0.0.1 /tiaozao/htm/
NOTIC: [8] Use of undefined constant __GROUP__ - assumed '__GROUP__' F:\localhost\tiaozao\common\ThinkPHP\Lib\Core\Dispatcher.class.php 第 165 行.
NOTIC: [8] Constant THEME_NAME already defined F:\localhost\tiaozao\common\ThinkPHP\Lib\Core\App.class.php 第 93 行.
INFO: [ app_begin ] --START--
INFO: Run ReadHtmlCache Behavior [ RunTime:0.000856s ]
INFO: [ app_begin ] --END-- [ RunTime:0.000929s ]
NOTIC: [8] Undefined variable: model F:\localhost\tiaozao\common\ThinkPHP\Common\common.php 第 335 行.
NOTIC: [8] Undefined variable: model F:\localhost\tiaozao\common\ThinkPHP\Common\common.php 第 336 行.
INFO: [ view_template ] --START--
INFO: Run LocationTemplate Behavior [ RunTime:0.000856s ]
INFO: [ view_template ] --END-- [ RunTime:0.000927s ]
INFO: [ view_parse ] --START--
INFO: Run ParseTemplate Behavior [ RunTime:0.010304s ]
INFO: [ view_parse ] --END-- [ RunTime:0.010426s ]
INFO: [ view_filter ] --START--
NOTIC: [8] Use of undefined constant __GROUP__ - assumed '__GROUP__' F:\localhost\tiaozao\common\ThinkPHP\Lib\Behavior\ContentReplaceBehavior.class.php 第 43 行.
INFO: Run ContentReplace Behavior [ RunTime:0.000802s ]
INFO: Run TokenBuild Behavior [ RunTime:0.000675s ]
INFO: Run WriteHtmlCache Behavior [ RunTime:0.000559s ]
INFO: Run ShowRuntime Behavior [ RunTime:0.000978s ]
INFO: [ view_filter ] --END-- [ RunTime:0.003204s ]
INFO: [ view_end ] --START--
INFO: Run ShowPageTrace Behavior [ RunTime:0.001014s ]
INFO: [ view_end ] --END-- [ RunTime:0.001081s ]
INFO: [ view_parse ] --START--
INFO: Run ParseTemplate Behavior [ RunTime:0.000673s ]
INFO: [ view_parse ] --END-- [ RunTime:-0.004472s ]
INFO: [ view_filter ] --START--
NOTIC: [8] Use of undefined constant __GROUP__ - assumed '__GROUP__' F:\localhost\tiaozao\common\ThinkPHP\Lib\Behavior\ContentReplaceBehavior.class.php 第 43 行.
INFO: Run ContentReplace Behavior [ RunTime:0.000084s ]
INFO: Run TokenBuild Behavior [ RunTime:0.000046s ]
INFO: Run WriteHtmlCache Behavior [ RunTime:0.000012s ]
INFO: Run ShowRuntime Behavior [ RunTime:0.000069s ]
INFO: [ view_filter ] --END-- [ RunTime:-0.001998s ]
INFO: [ view_end ] --START--
INFO: Run ShowPageTrace Behavior [ RunTime:0.000039s ]
INFO: [ view_end ] --END-- [ RunTime:-0.001292s ]

[ 2013-03-21T00:19:27+08:00 ] 127.0.0.1 /tiaozao/htm/
NOTIC: [8] Use of undefined constant __GROUP__ - assumed '__GROUP__' F:\localhost\tiaozao\common\ThinkPHP\Lib\Core\Dispatcher.class.php 第 165 行.
NOTIC: [8] Constant THEME_NAME already defined F:\localhost\tiaozao\common\ThinkPHP\Lib\Core\App.class.php 第 93 行.
INFO: [ app_begin ] --START--
INFO: Run ReadHtmlCache Behavior [ RunTime:0.001223s ]
INFO: [ app_begin ] --END-- [ RunTime:0.001301s ]
NOTIC: [8] Undefined variable: model F:\localhost\tiaozao\common\ThinkPHP\Common\common.php 第 335 行.
NOTIC: [8] Undefined variable: model F:\localhost\tiaozao\common\ThinkPHP\Common\common.php 第 336 行.
INFO: [ view_template ] --START--
INFO: Run LocationTemplate Behavior [ RunTime:0.001752s ]
INFO: [ view_template ] --END-- [ RunTime:0.001829s ]
INFO: [ view_parse ] --START--
INFO: Run ParseTemplate Behavior [ RunTime:0.011931s ]
INFO: [ view_parse ] --END-- [ RunTime:0.012021s ]
INFO: [ view_filter ] --START--
NOTIC: [8] Use of undefined constant __GROUP__ - assumed '__GROUP__' F:\localhost\tiaozao\common\ThinkPHP\Lib\Behavior\ContentReplaceBehavior.class.php 第 43 行.
INFO: Run ContentReplace Behavior [ RunTime:0.000949s ]
INFO: Run TokenBuild Behavior [ RunTime:0.000866s ]
INFO: Run WriteHtmlCache Behavior [ RunTime:0.000758s ]
INFO: Run ShowRuntime Behavior [ RunTime:0.000923s ]
INFO: [ view_filter ] --END-- [ RunTime:0.003682s ]
INFO: [ view_end ] --START--
INFO: Run ShowPageTrace Behavior [ RunTime:0.002173s ]
INFO: [ view_end ] --END-- [ RunTime:0.002254s ]
INFO: [ view_parse ] --START--
INFO: Run ParseTemplate Behavior [ RunTime:0.002021s ]
INFO: [ view_parse ] --END-- [ RunTime:-0.006132s ]
INFO: [ view_filter ] --START--
NOTIC: [8] Use of undefined constant __GROUP__ - assumed '__GROUP__' F:\localhost\tiaozao\common\ThinkPHP\Lib\Behavior\ContentReplaceBehavior.class.php 第 43 行.
INFO: Run ContentReplace Behavior [ RunTime:0.000100s ]
INFO: Run TokenBuild Behavior [ RunTime:0.000047s ]
INFO: Run WriteHtmlCache Behavior [ RunTime:0.000011s ]
INFO: Run ShowRuntime Behavior [ RunTime:0.000071s ]
INFO: [ view_filter ] --END-- [ RunTime:-0.004608s ]
INFO: [ view_end ] --START--
INFO: Run ShowPageTrace Behavior [ RunTime:0.000038s ]
INFO: [ view_end ] --END-- [ RunTime:-0.002743s ]

[ 2013-03-21T00:22:36+08:00 ] 127.0.0.1 /tiaozao/htm/
NOTIC: [8] Use of undefined constant __GROUP__ - assumed '__GROUP__' F:\localhost\tiaozao\common\ThinkPHP\Lib\Core\Dispatcher.class.php 第 165 行.
NOTIC: [8] Constant THEME_NAME already defined F:\localhost\tiaozao\common\ThinkPHP\Lib\Core\App.class.php 第 93 行.
INFO: [ app_begin ] --START--
INFO: Run ReadHtmlCache Behavior [ RunTime:0.001869s ]
INFO: [ app_begin ] --END-- [ RunTime:0.001959s ]
NOTIC: [8] Undefined variable: model F:\localhost\tiaozao\common\ThinkPHP\Common\common.php 第 335 行.
NOTIC: [8] Undefined variable: model F:\localhost\tiaozao\common\ThinkPHP\Common\common.php 第 336 行.
NOTIC: [8] Array to string conversion F:\localhost\tiaozao\common\ThinkPHP\Common\common.php 第 518 行.
INFO: [ view_template ] --START--
INFO: Run LocationTemplate Behavior [ RunTime:0.001684s ]
INFO: [ view_template ] --END-- [ RunTime:0.001756s ]
INFO: [ view_parse ] --START--
INFO: Run ParseTemplate Behavior [ RunTime:0.013846s ]
INFO: [ view_parse ] --END-- [ RunTime:0.013938s ]
INFO: [ view_filter ] --START--
NOTIC: [8] Use of undefined constant __GROUP__ - assumed '__GROUP__' F:\localhost\tiaozao\common\ThinkPHP\Lib\Behavior\ContentReplaceBehavior.class.php 第 43 行.
INFO: Run ContentReplace Behavior [ RunTime:0.000918s ]
INFO: Run TokenBuild Behavior [ RunTime:0.000825s ]
INFO: Run WriteHtmlCache Behavior [ RunTime:0.000713s ]
INFO: Run ShowRuntime Behavior [ RunTime:0.001118s ]
INFO: [ view_filter ] --END-- [ RunTime:0.003757s ]
INFO: [ view_end ] --START--
INFO: Run ShowPageTrace Behavior [ RunTime:0.001352s ]
INFO: [ view_end ] --END-- [ RunTime:0.001427s ]
INFO: [ view_parse ] --START--
INFO: Run ParseTemplate Behavior [ RunTime:0.000883s ]
INFO: [ view_parse ] --END-- [ RunTime:-0.005370s ]
INFO: [ view_filter ] --START--
NOTIC: [8] Use of undefined constant __GROUP__ - assumed '__GROUP__' F:\localhost\tiaozao\common\ThinkPHP\Lib\Behavior\ContentReplaceBehavior.class.php 第 43 行.
INFO: Run ContentReplace Behavior [ RunTime:0.000087s ]
INFO: Run TokenBuild Behavior [ RunTime:0.000047s ]
INFO: Run WriteHtmlCache Behavior [ RunTime:0.000012s ]
INFO: Run ShowRuntime Behavior [ RunTime:0.000070s ]
INFO: [ view_filter ] --END-- [ RunTime:-0.002553s ]
INFO: [ view_end ] --START--
INFO: Run ShowPageTrace Behavior [ RunTime:0.000037s ]
INFO: [ view_end ] --END-- [ RunTime:-0.001529s ]

[ 2013-03-21T00:27:22+08:00 ] 127.0.0.1 /tiaozao/htm/
NOTIC: [8] Use of undefined constant __GROUP__ - assumed '__GROUP__' F:\localhost\tiaozao\common\ThinkPHP\Lib\Core\Dispatcher.class.php 第 165 行.
NOTIC: [8] Constant THEME_NAME already defined F:\localhost\tiaozao\common\ThinkPHP\Lib\Core\App.class.php 第 93 行.
INFO: [ app_begin ] --START--
INFO: Run ReadHtmlCache Behavior [ RunTime:0.001364s ]
INFO: [ app_begin ] --END-- [ RunTime:0.001457s ]
NOTIC: [8] Undefined variable: model F:\localhost\tiaozao\common\ThinkPHP\Common\common.php 第 335 行.
NOTIC: [8] Undefined variable: model F:\localhost\tiaozao\common\ThinkPHP\Common\common.php 第 336 行.
INFO: [ view_template ] --START--
INFO: Run LocationTemplate Behavior [ RunTime:0.001724s ]
INFO: [ view_template ] --END-- [ RunTime:0.001823s ]
INFO: [ view_parse ] --START--
INFO: Run ParseTemplate Behavior [ RunTime:0.015479s ]
INFO: [ view_parse ] --END-- [ RunTime:0.015574s ]
INFO: [ view_filter ] --START--
NOTIC: [8] Use of undefined constant __GROUP__ - assumed '__GROUP__' F:\localhost\tiaozao\common\ThinkPHP\Lib\Behavior\ContentReplaceBehavior.class.php 第 43 行.
INFO: Run ContentReplace Behavior [ RunTime:0.000924s ]
INFO: Run TokenBuild Behavior [ RunTime:0.000810s ]
INFO: Run WriteHtmlCache Behavior [ RunTime:0.000749s ]
INFO: Run ShowRuntime Behavior [ RunTime:0.000908s ]
INFO: [ view_filter ] --END-- [ RunTime:0.003563s ]
INFO: [ view_end ] --START--
INFO: Run ShowPageTrace Behavior [ RunTime:0.001067s ]
INFO: [ view_end ] --END-- [ RunTime:0.001131s ]
INFO: [ view_parse ] --START--
INFO: Run ParseTemplate Behavior [ RunTime:0.000924s ]
INFO: [ view_parse ] --END-- [ RunTime:-0.004879s ]
INFO: [ view_filter ] --START--
NOTIC: [8] Use of undefined constant __GROUP__ - assumed '__GROUP__' F:\localhost\tiaozao\common\ThinkPHP\Lib\Behavior\ContentReplaceBehavior.class.php 第 43 行.
INFO: Run ContentReplace Behavior [ RunTime:0.000090s ]
INFO: Run TokenBuild Behavior [ RunTime:0.000049s ]
INFO: Run WriteHtmlCache Behavior [ RunTime:0.000015s ]
INFO: Run ShowRuntime Behavior [ RunTime:0.000137s ]
INFO: [ view_filter ] --END-- [ RunTime:-0.002313s ]
INFO: [ view_end ] --START--
INFO: Run ShowPageTrace Behavior [ RunTime:0.000044s ]
INFO: [ view_end ] --END-- [ RunTime:-0.002206s ]

[ 2013-03-21T00:28:50+08:00 ] 127.0.0.1 /tiaozao/htm/
NOTIC: [8] Use of undefined constant __GROUP__ - assumed '__GROUP__' F:\localhost\tiaozao\common\ThinkPHP\Lib\Core\Dispatcher.class.php 第 165 行.
NOTIC: [8] Constant THEME_NAME already defined F:\localhost\tiaozao\common\ThinkPHP\Lib\Core\App.class.php 第 93 行.
INFO: [ app_begin ] --START--
INFO: Run ReadHtmlCache Behavior [ RunTime:0.001681s ]
INFO: [ app_begin ] --END-- [ RunTime:0.001792s ]
NOTIC: [8] Undefined variable: model F:\localhost\tiaozao\common\ThinkPHP\Common\common.php 第 335 行.
NOTIC: [8] Undefined variable: model F:\localhost\tiaozao\common\ThinkPHP\Common\common.php 第 336 行.
INFO: [ view_template ] --START--
INFO: Run LocationTemplate Behavior [ RunTime:0.002684s ]
INFO: [ view_template ] --END-- [ RunTime:0.002771s ]
INFO: [ view_parse ] --START--
INFO: Run ParseTemplate Behavior [ RunTime:0.074264s ]
INFO: [ view_parse ] --END-- [ RunTime:0.074373s ]
INFO: [ view_filter ] --START--
NOTIC: [8] Use of undefined constant __GROUP__ - assumed '__GROUP__' F:\localhost\tiaozao\common\ThinkPHP\Lib\Behavior\ContentReplaceBehavior.class.php 第 43 行.
INFO: Run ContentReplace Behavior [ RunTime:0.001141s ]
INFO: Run TokenBuild Behavior [ RunTime:0.000843s ]
INFO: Run WriteHtmlCache Behavior [ RunTime:0.000800s ]
INFO: Run ShowRuntime Behavior [ RunTime:0.001835s ]
INFO: [ view_filter ] --END-- [ RunTime:0.005156s ]
INFO: [ view_end ] --START--
INFO: Run ShowPageTrace Behavior [ RunTime:0.001384s ]
INFO: [ view_end ] --END-- [ RunTime:0.001457s ]
INFO: [ view_parse ] --START--
INFO: Run ParseTemplate Behavior [ RunTime:0.000802s ]
INFO: [ view_parse ] --END-- [ RunTime:-0.006809s ]
INFO: [ view_filter ] --START--
NOTIC: [8] Use of undefined constant __GROUP__ - assumed '__GROUP__' F:\localhost\tiaozao\common\ThinkPHP\Lib\Behavior\ContentReplaceBehavior.class.php 第 43 行.
INFO: Run ContentReplace Behavior [ RunTime:0.000086s ]
INFO: Run TokenBuild Behavior [ RunTime:0.000045s ]
INFO: Run WriteHtmlCache Behavior [ RunTime:0.000012s ]
INFO: Run ShowRuntime Behavior [ RunTime:0.000071s ]
INFO: [ view_filter ] --END-- [ RunTime:-0.002509s ]
INFO: [ view_end ] --START--
INFO: Run ShowPageTrace Behavior [ RunTime:0.000037s ]
INFO: [ view_end ] --END-- [ RunTime:-0.001542s ]

[ 2013-03-21T00:41:07+08:00 ] 127.0.0.1 /tiaozao/htm/
NOTIC: [8] Use of undefined constant __GROUP__ - assumed '__GROUP__' F:\localhost\tiaozao\common\ThinkPHP\Lib\Core\Dispatcher.class.php 第 165 行.
NOTIC: [8] Constant THEME_NAME already defined F:\localhost\tiaozao\common\ThinkPHP\Lib\Core\App.class.php 第 93 行.
INFO: [ app_begin ] --START--
INFO: Run ReadHtmlCache Behavior [ RunTime:0.001602s ]
INFO: [ app_begin ] --END-- [ RunTime:0.001706s ]
NOTIC: [8] Undefined variable: model F:\localhost\tiaozao\common\ThinkPHP\Common\common.php 第 335 行.
NOTIC: [8] Undefined variable: model F:\localhost\tiaozao\common\ThinkPHP\Common\common.php 第 336 行.
INFO: [ view_template ] --START--
INFO: Run LocationTemplate Behavior [ RunTime:0.001636s ]
INFO: [ view_template ] --END-- [ RunTime:0.001718s ]
INFO: [ view_parse ] --START--
INFO: Run ParseTemplate Behavior [ RunTime:0.014861s ]
INFO: [ view_parse ] --END-- [ RunTime:0.014956s ]
INFO: [ view_filter ] --START--
NOTIC: [8] Use of undefined constant __GROUP__ - assumed '__GROUP__' F:\localhost\tiaozao\common\ThinkPHP\Lib\Behavior\ContentReplaceBehavior.class.php 第 43 行.
INFO: Run ContentReplace Behavior [ RunTime:0.000954s ]
INFO: Run TokenBuild Behavior [ RunTime:0.000994s ]
INFO: Run WriteHtmlCache Behavior [ RunTime:0.000827s ]
INFO: Run ShowRuntime Behavior [ RunTime:0.001019s ]
INFO: [ view_filter ] --END-- [ RunTime:0.003985s ]
INFO: [ view_end ] --START--
INFO: Run ShowPageTrace Behavior [ RunTime:0.001241s ]
INFO: [ view_end ] --END-- [ RunTime:0.001308s ]
INFO: [ view_parse ] --START--
INFO: Run ParseTemplate Behavior [ RunTime:0.000703s ]
INFO: [ view_parse ] --END-- [ RunTime:-0.005480s ]
INFO: [ view_filter ] --START--
NOTIC: [8] Use of undefined constant __GROUP__ - assumed '__GROUP__' F:\localhost\tiaozao\common\ThinkPHP\Lib\Behavior\ContentReplaceBehavior.class.php 第 43 行.
INFO: Run ContentReplace Behavior [ RunTime:0.000105s ]
INFO: Run TokenBuild Behavior [ RunTime:0.000044s ]
INFO: Run WriteHtmlCache Behavior [ RunTime:0.000012s ]
INFO: Run ShowRuntime Behavior [ RunTime:0.000070s ]
INFO: [ view_filter ] --END-- [ RunTime:-0.002252s ]
INFO: [ view_end ] --START--
INFO: Run ShowPageTrace Behavior [ RunTime:0.000038s ]
INFO: [ view_end ] --END-- [ RunTime:-0.001289s ]

[ 2013-03-21T00:41:09+08:00 ] 127.0.0.1 /tiaozao/htm/
NOTIC: [8] Use of undefined constant __GROUP__ - assumed '__GROUP__' F:\localhost\tiaozao\common\ThinkPHP\Lib\Core\Dispatcher.class.php 第 165 行.
NOTIC: [8] Constant THEME_NAME already defined F:\localhost\tiaozao\common\ThinkPHP\Lib\Core\App.class.php 第 93 行.
INFO: [ app_begin ] --START--
INFO: Run ReadHtmlCache Behavior [ RunTime:0.000980s ]
INFO: [ app_begin ] --END-- [ RunTime:0.001056s ]
NOTIC: [8] Undefined variable: model F:\localhost\tiaozao\common\ThinkPHP\Common\common.php 第 335 行.
NOTIC: [8] Undefined variable: model F:\localhost\tiaozao\common\ThinkPHP\Common\common.php 第 336 行.
INFO: [ view_template ] --START--
INFO: Run LocationTemplate Behavior [ RunTime:0.000669s ]
INFO: [ view_template ] --END-- [ RunTime:0.000728s ]
INFO: [ view_parse ] --START--
INFO: Run ParseTemplate Behavior [ RunTime:0.010836s ]
INFO: [ view_parse ] --END-- [ RunTime:0.010927s ]
INFO: [ view_filter ] --START--
NOTIC: [8] Use of undefined constant __GROUP__ - assumed '__GROUP__' F:\localhost\tiaozao\common\ThinkPHP\Lib\Behavior\ContentReplaceBehavior.class.php 第 43 行.
INFO: Run ContentReplace Behavior [ RunTime:0.000971s ]
INFO: Run TokenBuild Behavior [ RunTime:0.000687s ]
INFO: Run WriteHtmlCache Behavior [ RunTime:0.000546s ]
INFO: Run ShowRuntime Behavior [ RunTime:0.000780s ]
INFO: [ view_filter ] --END-- [ RunTime:0.003157s ]
INFO: [ view_end ] --START--
INFO: Run ShowPageTrace Behavior [ RunTime:0.001953s ]
INFO: [ view_end ] --END-- [ RunTime:0.002032s ]
INFO: [ view_parse ] --START--
INFO: Run ParseTemplate Behavior [ RunTime:0.000844s ]
INFO: [ view_parse ] --END-- [ RunTime:-0.005393s ]
INFO: [ view_filter ] --START--
NOTIC: [8] Use of undefined constant __GROUP__ - assumed '__GROUP__' F:\localhost\tiaozao\common\ThinkPHP\Lib\Behavior\ContentReplaceBehavior.class.php 第 43 行.
INFO: Run ContentReplace Behavior [ RunTime:0.000407s ]
INFO: Run TokenBuild Behavior [ RunTime:0.000048s ]
INFO: Run WriteHtmlCache Behavior [ RunTime:0.000013s ]
INFO: Run ShowRuntime Behavior [ RunTime:0.000073s ]
INFO: [ view_filter ] --END-- [ RunTime:-0.003144s ]
INFO: [ view_end ] --START--
INFO: Run ShowPageTrace Behavior [ RunTime:0.000041s ]
INFO: [ view_end ] --END-- [ RunTime:-0.001811s ]

[ 2013-03-21T00:41:11+08:00 ] 127.0.0.1 /tiaozao/htm/
NOTIC: [8] Use of undefined constant __GROUP__ - assumed '__GROUP__' F:\localhost\tiaozao\common\ThinkPHP\Lib\Core\Dispatcher.class.php 第 165 行.
NOTIC: [8] Constant THEME_NAME already defined F:\localhost\tiaozao\common\ThinkPHP\Lib\Core\App.class.php 第 93 行.
INFO: [ app_begin ] --START--
INFO: Run ReadHtmlCache Behavior [ RunTime:0.000906s ]
INFO: [ app_begin ] --END-- [ RunTime:0.000986s ]
NOTIC: [8] Undefined variable: model F:\localhost\tiaozao\common\ThinkPHP\Common\common.php 第 335 行.
NOTIC: [8] Undefined variable: model F:\localhost\tiaozao\common\ThinkPHP\Common\common.php 第 336 行.
INFO: [ view_template ] --START--
INFO: Run LocationTemplate Behavior [ RunTime:0.000749s ]
INFO: [ view_template ] --END-- [ RunTime:0.000859s ]
INFO: [ view_parse ] --START--
INFO: Run ParseTemplate Behavior [ RunTime:0.009480s ]
INFO: [ view_parse ] --END-- [ RunTime:0.009565s ]
INFO: [ view_filter ] --START--
NOTIC: [8] Use of undefined constant __GROUP__ - assumed '__GROUP__' F:\localhost\tiaozao\common\ThinkPHP\Lib\Behavior\ContentReplaceBehavior.class.php 第 43 行.
INFO: Run ContentReplace Behavior [ RunTime:0.001873s ]
INFO: Run TokenBuild Behavior [ RunTime:0.000819s ]
INFO: Run WriteHtmlCache Behavior [ RunTime:0.000618s ]
INFO: Run ShowRuntime Behavior [ RunTime:0.001067s ]
INFO: [ view_filter ] --END-- [ RunTime:0.004580s ]
INFO: [ view_end ] --START--
INFO: Run ShowPageTrace Behavior [ RunTime:0.001111s ]
INFO: [ view_end ] --END-- [ RunTime:0.001177s ]
INFO: [ view_parse ] --START--
INFO: Run ParseTemplate Behavior [ RunTime:0.000705s ]
INFO: [ view_parse ] --END-- [ RunTime:-0.005943s ]
INFO: [ view_filter ] --START--
NOTIC: [8] Use of undefined constant __GROUP__ - assumed '__GROUP__' F:\localhost\tiaozao\common\ThinkPHP\Lib\Behavior\ContentReplaceBehavior.class.php 第 43 行.
INFO: Run ContentReplace Behavior [ RunTime:0.000093s ]
INFO: Run TokenBuild Behavior [ RunTime:0.000049s ]
INFO: Run WriteHtmlCache Behavior [ RunTime:0.000012s ]
INFO: Run ShowRuntime Behavior [ RunTime:0.000073s ]
INFO: [ view_filter ] --END-- [ RunTime:-0.002137s ]
INFO: [ view_end ] --START--
INFO: Run ShowPageTrace Behavior [ RunTime:0.000038s ]
INFO: [ view_end ] --END-- [ RunTime:-0.001390s ]

[ 2013-03-21T00:43:34+08:00 ] 127.0.0.1 /tiaozao/htm/
NOTIC: [8] Use of undefined constant __GROUP__ - assumed '__GROUP__' F:\localhost\tiaozao\common\ThinkPHP\Lib\Core\Dispatcher.class.php 第 165 行.
NOTIC: [8] Constant THEME_NAME already defined F:\localhost\tiaozao\common\ThinkPHP\Lib\Core\App.class.php 第 93 行.
INFO: [ app_begin ] --START--
INFO: Run ReadHtmlCache Behavior [ RunTime:0.002279s ]
INFO: [ app_begin ] --END-- [ RunTime:0.002378s ]
NOTIC: [8] Undefined variable: model F:\localhost\tiaozao\common\ThinkPHP\Common\common.php 第 335 行.
NOTIC: [8] Undefined variable: model F:\localhost\tiaozao\common\ThinkPHP\Common\common.php 第 336 行.
INFO: [ view_template ] --START--
INFO: Run LocationTemplate Behavior [ RunTime:0.001636s ]
INFO: [ view_template ] --END-- [ RunTime:0.001716s ]
INFO: [ view_parse ] --START--
INFO: Run ParseTemplate Behavior [ RunTime:0.012126s ]
INFO: [ view_parse ] --END-- [ RunTime:0.012215s ]
INFO: [ view_filter ] --START--
NOTIC: [8] Use of undefined constant __GROUP__ - assumed '__GROUP__' F:\localhost\tiaozao\common\ThinkPHP\Lib\Behavior\ContentReplaceBehavior.class.php 第 43 行.
INFO: Run ContentReplace Behavior [ RunTime:0.001202s ]
INFO: Run TokenBuild Behavior [ RunTime:0.000989s ]
INFO: Run WriteHtmlCache Behavior [ RunTime:0.000879s ]
INFO: Run ShowRuntime Behavior [ RunTime:0.001138s ]
INFO: [ view_filter ] --END-- [ RunTime:0.004954s ]
INFO: [ view_end ] --START--
INFO: Run ShowPageTrace Behavior [ RunTime:0.001779s ]
INFO: [ view_end ] --END-- [ RunTime:0.001911s ]
INFO: [ view_parse ] --START--
INFO: Run ParseTemplate Behavior [ RunTime:0.000930s ]
INFO: [ view_parse ] --END-- [ RunTime:-0.007074s ]
INFO: [ view_filter ] --START--
NOTIC: [8] Use of undefined constant __GROUP__ - assumed '__GROUP__' F:\localhost\tiaozao\common\ThinkPHP\Lib\Behavior\ContentReplaceBehavior.class.php 第 43 行.
INFO: Run ContentReplace Behavior [ RunTime:0.000318s ]
INFO: Run TokenBuild Behavior [ RunTime:0.000050s ]
INFO: Run WriteHtmlCache Behavior [ RunTime:0.000012s ]
INFO: Run ShowRuntime Behavior [ RunTime:0.000168s ]
INFO: [ view_filter ] --END-- [ RunTime:-0.003117s ]
INFO: [ view_end ] --START--
INFO: Run ShowPageTrace Behavior [ RunTime:0.000041s ]
INFO: [ view_end ] --END-- [ RunTime:-0.001877s ]

[ 2013-03-21T00:43:59+08:00 ] 127.0.0.1 /tiaozao/htm/
NOTIC: [8] Use of undefined constant __GROUP__ - assumed '__GROUP__' F:\localhost\tiaozao\common\ThinkPHP\Lib\Core\Dispatcher.class.php 第 165 行.
NOTIC: [8] Constant THEME_NAME already defined F:\localhost\tiaozao\common\ThinkPHP\Lib\Core\App.class.php 第 93 行.
INFO: [ app_begin ] --START--
INFO: Run ReadHtmlCache Behavior [ RunTime:0.001046s ]
INFO: [ app_begin ] --END-- [ RunTime:0.001159s ]
NOTIC: [8] Undefined variable: model F:\localhost\tiaozao\common\ThinkPHP\Common\common.php 第 335 行.
NOTIC: [8] Undefined variable: model F:\localhost\tiaozao\common\ThinkPHP\Common\common.php 第 336 行.
INFO: [ view_template ] --START--

[ 2013-03-21T00:44:17+08:00 ] 127.0.0.1 /tiaozao/htm/
NOTIC: [8] Use of undefined constant __GROUP__ - assumed '__GROUP__' F:\localhost\tiaozao\common\ThinkPHP\Lib\Core\Dispatcher.class.php 第 165 行.
NOTIC: [8] Constant THEME_NAME already defined F:\localhost\tiaozao\common\ThinkPHP\Lib\Core\App.class.php 第 93 行.
INFO: [ app_begin ] --START--
INFO: Run ReadHtmlCache Behavior [ RunTime:0.000898s ]
INFO: [ app_begin ] --END-- [ RunTime:0.000974s ]
NOTIC: [8] Undefined variable: model F:\localhost\tiaozao\common\ThinkPHP\Common\common.php 第 335 行.
NOTIC: [8] Undefined variable: model F:\localhost\tiaozao\common\ThinkPHP\Common\common.php 第 336 行.
INFO: [ view_template ] --START--

[ 2013-03-21T00:45:21+08:00 ] 127.0.0.1 /tiaozao/htm/
NOTIC: [8] Use of undefined constant __GROUP__ - assumed '__GROUP__' F:\localhost\tiaozao\common\ThinkPHP\Lib\Core\Dispatcher.class.php 第 165 行.
NOTIC: [8] Constant THEME_NAME already defined F:\localhost\tiaozao\common\ThinkPHP\Lib\Core\App.class.php 第 93 行.
INFO: [ app_begin ] --START--
INFO: Run ReadHtmlCache Behavior [ RunTime:0.000918s ]
INFO: [ app_begin ] --END-- [ RunTime:0.000995s ]
NOTIC: [8] Undefined variable: model F:\localhost\tiaozao\common\ThinkPHP\Common\common.php 第 335 行.
NOTIC: [8] Undefined variable: model F:\localhost\tiaozao\common\ThinkPHP\Common\common.php 第 336 行.
INFO: [ view_template ] --START--

[ 2013-03-21T00:46:24+08:00 ] 127.0.0.1 /tiaozao/htm/
NOTIC: [8] Use of undefined constant __GROUP__ - assumed '__GROUP__' F:\localhost\tiaozao\common\ThinkPHP\Lib\Core\Dispatcher.class.php 第 165 行.
NOTIC: [8] Constant THEME_NAME already defined F:\localhost\tiaozao\common\ThinkPHP\Lib\Core\App.class.php 第 93 行.
INFO: [ app_begin ] --START--
INFO: Run ReadHtmlCache Behavior [ RunTime:0.001362s ]
INFO: [ app_begin ] --END-- [ RunTime:0.001458s ]
NOTIC: [8] Undefined variable: model F:\localhost\tiaozao\common\ThinkPHP\Common\common.php 第 335 行.
NOTIC: [8] Undefined variable: model F:\localhost\tiaozao\common\ThinkPHP\Common\common.php 第 336 行.
INFO: [ view_template ] --START--

[ 2013-03-21T00:47:22+08:00 ] 127.0.0.1 /tiaozao/htm/
NOTIC: [8] Use of undefined constant __GROUP__ - assumed '__GROUP__' F:\localhost\tiaozao\common\ThinkPHP\Lib\Core\Dispatcher.class.php 第 165 行.
NOTIC: [8] Constant THEME_NAME already defined F:\localhost\tiaozao\common\ThinkPHP\Lib\Core\App.class.php 第 93 行.
INFO: [ app_begin ] --START--
INFO: Run ReadHtmlCache Behavior [ RunTime:0.000956s ]
INFO: [ app_begin ] --END-- [ RunTime:0.001037s ]
NOTIC: [8] Undefined variable: model F:\localhost\tiaozao\common\ThinkPHP\Common\common.php 第 335 行.
NOTIC: [8] Undefined variable: model F:\localhost\tiaozao\common\ThinkPHP\Common\common.php 第 336 行.
INFO: [ view_template ] --START--

[ 2013-03-21T00:48:25+08:00 ] 127.0.0.1 /tiaozao/htm/
NOTIC: [8] Use of undefined constant __GROUP__ - assumed '__GROUP__' F:\localhost\tiaozao\common\ThinkPHP\Lib\Core\Dispatcher.class.php 第 165 行.
NOTIC: [8] Constant THEME_NAME already defined F:\localhost\tiaozao\common\ThinkPHP\Lib\Core\App.class.php 第 93 行.
INFO: [ app_begin ] --START--
INFO: Run ReadHtmlCache Behavior [ RunTime:0.001592s ]
INFO: [ app_begin ] --END-- [ RunTime:0.001680s ]
NOTIC: [8] Undefined variable: model F:\localhost\tiaozao\common\ThinkPHP\Common\common.php 第 335 行.
NOTIC: [8] Undefined variable: model F:\localhost\tiaozao\common\ThinkPHP\Common\common.php 第 336 行.
INFO: [ view_template ] --START--

[ 2013-03-21T00:48:36+08:00 ] 127.0.0.1 /tiaozao/htm/
NOTIC: [8] Use of undefined constant __GROUP__ - assumed '__GROUP__' F:\localhost\tiaozao\common\ThinkPHP\Lib\Core\Dispatcher.class.php 第 165 行.
NOTIC: [8] Constant THEME_NAME already defined F:\localhost\tiaozao\common\ThinkPHP\Lib\Core\App.class.php 第 93 行.
INFO: [ app_begin ] --START--
INFO: Run ReadHtmlCache Behavior [ RunTime:0.001023s ]
INFO: [ app_begin ] --END-- [ RunTime:0.001106s ]
NOTIC: [8] Undefined variable: model F:\localhost\tiaozao\common\ThinkPHP\Common\common.php 第 335 行.
NOTIC: [8] Undefined variable: model F:\localhost\tiaozao\common\ThinkPHP\Common\common.php 第 336 行.
INFO: [ view_template ] --START--

[ 2013-03-21T00:49:00+08:00 ] 127.0.0.1 /tiaozao/htm/
NOTIC: [8] Use of undefined constant __GROUP__ - assumed '__GROUP__' F:\localhost\tiaozao\common\ThinkPHP\Lib\Core\Dispatcher.class.php 第 165 行.
NOTIC: [8] Constant THEME_NAME already defined F:\localhost\tiaozao\common\ThinkPHP\Lib\Core\App.class.php 第 93 行.
INFO: [ app_begin ] --START--
INFO: Run ReadHtmlCache Behavior [ RunTime:0.001427s ]
INFO: [ app_begin ] --END-- [ RunTime:0.001573s ]
NOTIC: [8] Undefined variable: model F:\localhost\tiaozao\common\ThinkPHP\Common\common.php 第 335 行.
NOTIC: [8] Undefined variable: model F:\localhost\tiaozao\common\ThinkPHP\Common\common.php 第 336 行.
INFO: [ view_template ] --START--
INFO: Run LocationTemplate Behavior [ RunTime:0.001489s ]
INFO: [ view_template ] --END-- [ RunTime:0.001565s ]
INFO: [ view_parse ] --START--
INFO: Run ParseTemplate Behavior [ RunTime:0.015175s ]
INFO: [ view_parse ] --END-- [ RunTime:0.015265s ]
INFO: [ view_filter ] --START--
NOTIC: [8] Use of undefined constant __GROUP__ - assumed '__GROUP__' F:\localhost\tiaozao\common\ThinkPHP\Lib\Behavior\ContentReplaceBehavior.class.php 第 43 行.
INFO: Run ContentReplace Behavior [ RunTime:0.000904s ]
INFO: Run TokenBuild Behavior [ RunTime:0.000832s ]
INFO: Run WriteHtmlCache Behavior [ RunTime:0.000708s ]
INFO: Run ShowRuntime Behavior [ RunTime:0.001270s ]
INFO: [ view_filter ] --END-- [ RunTime:0.003902s ]
INFO: [ view_end ] --START--
INFO: Run ShowPageTrace Behavior [ RunTime:0.001781s ]
INFO: [ view_end ] --END-- [ RunTime:0.001928s ]
INFO: [ view_parse ] --START--
INFO: Run ParseTemplate Behavior [ RunTime:0.000842s ]
INFO: [ view_parse ] --END-- [ RunTime:-0.006329s ]
INFO: [ view_filter ] --START--
NOTIC: [8] Use of undefined constant __GROUP__ - assumed '__GROUP__' F:\localhost\tiaozao\common\ThinkPHP\Lib\Behavior\ContentReplaceBehavior.class.php 第 43 行.
INFO: Run ContentReplace Behavior [ RunTime:0.000097s ]
INFO: Run TokenBuild Behavior [ RunTime:0.000046s ]
INFO: Run WriteHtmlCache Behavior [ RunTime:0.000012s ]
INFO: Run ShowRuntime Behavior [ RunTime:0.000071s ]
INFO: [ view_filter ] --END-- [ RunTime:-0.003383s ]
INFO: [ view_end ] --START--
INFO: Run ShowPageTrace Behavior [ RunTime:0.000038s ]
INFO: [ view_end ] --END-- [ RunTime:-0.001848s ]

[ 2013-03-21T00:49:52+08:00 ] 127.0.0.1 /tiaozao/htm/
NOTIC: [8] Use of undefined constant __GROUP__ - assumed '__GROUP__' F:\localhost\tiaozao\common\ThinkPHP\Lib\Core\Dispatcher.class.php 第 165 行.
NOTIC: [8] Constant THEME_NAME already defined F:\localhost\tiaozao\common\ThinkPHP\Lib\Core\App.class.php 第 93 行.
INFO: [ app_begin ] --START--
INFO: Run ReadHtmlCache Behavior [ RunTime:0.000919s ]
INFO: [ app_begin ] --END-- [ RunTime:0.001003s ]
NOTIC: [8] Undefined variable: model F:\localhost\tiaozao\common\ThinkPHP\Common\common.php 第 334 行.
NOTIC: [8] Undefined variable: model F:\localhost\tiaozao\common\ThinkPHP\Common\common.php 第 335 行.
INFO: [ view_template ] --START--
INFO: Run LocationTemplate Behavior [ RunTime:0.001034s ]
INFO: [ view_template ] --END-- [ RunTime:0.001107s ]
INFO: [ view_parse ] --START--
INFO: Run ParseTemplate Behavior [ RunTime:0.011613s ]
INFO: [ view_parse ] --END-- [ RunTime:0.011700s ]
INFO: [ view_filter ] --START--
NOTIC: [8] Use of undefined constant __GROUP__ - assumed '__GROUP__' F:\localhost\tiaozao\common\ThinkPHP\Lib\Behavior\ContentReplaceBehavior.class.php 第 43 行.
INFO: Run ContentReplace Behavior [ RunTime:0.000728s ]
INFO: Run TokenBuild Behavior [ RunTime:0.000717s ]
INFO: Run WriteHtmlCache Behavior [ RunTime:0.000549s ]
INFO: Run ShowRuntime Behavior [ RunTime:0.000827s ]
INFO: [ view_filter ] --END-- [ RunTime:0.003008s ]
INFO: [ view_end ] --START--
INFO: Run ShowPageTrace Behavior [ RunTime:0.001258s ]
INFO: [ view_end ] --END-- [ RunTime:0.001343s ]
INFO: [ view_parse ] --START--
INFO: Run ParseTemplate Behavior [ RunTime:0.001170s ]
INFO: [ view_parse ] --END-- [ RunTime:-0.004846s ]
INFO: [ view_filter ] --START--
NOTIC: [8] Use of undefined constant __GROUP__ - assumed '__GROUP__' F:\localhost\tiaozao\common\ThinkPHP\Lib\Behavior\ContentReplaceBehavior.class.php 第 43 行.
INFO: Run ContentReplace Behavior [ RunTime:0.000093s ]
INFO: Run TokenBuild Behavior [ RunTime:0.000046s ]
INFO: Run WriteHtmlCache Behavior [ RunTime:0.000012s ]
INFO: Run ShowRuntime Behavior [ RunTime:0.000076s ]
INFO: [ view_filter ] --END-- [ RunTime:-0.003112s ]
INFO: [ view_end ] --START--
INFO: Run ShowPageTrace Behavior [ RunTime:0.000038s ]
INFO: [ view_end ] --END-- [ RunTime:-0.002221s ]

[ 2013-03-21T00:50:25+08:00 ] 127.0.0.1 /tiaozao/htm/
NOTIC: [8] Use of undefined constant __GROUP__ - assumed '__GROUP__' F:\localhost\tiaozao\common\ThinkPHP\Lib\Core\Dispatcher.class.php 第 165 行.
NOTIC: [8] Constant THEME_NAME already defined F:\localhost\tiaozao\common\ThinkPHP\Lib\Core\App.class.php 第 93 行.
INFO: [ app_begin ] --START--
INFO: Run ReadHtmlCache Behavior [ RunTime:0.001044s ]
INFO: [ app_begin ] --END-- [ RunTime:0.001155s ]
NOTIC: [8] Undefined variable: model F:\localhost\tiaozao\common\ThinkPHP\Common\common.php 第 335 行.
NOTIC: [8] Undefined variable: model F:\localhost\tiaozao\common\ThinkPHP\Common\common.php 第 336 行.
INFO: [ view_template ] --START--
INFO: Run LocationTemplate Behavior [ RunTime:0.000989s ]
INFO: [ view_template ] --END-- [ RunTime:0.001068s ]
INFO: [ view_parse ] --START--
INFO: Run ParseTemplate Behavior [ RunTime:0.021809s ]
INFO: [ view_parse ] --END-- [ RunTime:0.021904s ]
INFO: [ view_filter ] --START--
NOTIC: [8] Use of undefined constant __GROUP__ - assumed '__GROUP__' F:\localhost\tiaozao\common\ThinkPHP\Lib\Behavior\ContentReplaceBehavior.class.php 第 43 行.
INFO: Run ContentReplace Behavior [ RunTime:0.001069s ]
INFO: Run TokenBuild Behavior [ RunTime:0.000820s ]
INFO: Run WriteHtmlCache Behavior [ RunTime:0.000686s ]
INFO: Run ShowRuntime Behavior [ RunTime:0.000856s ]
INFO: [ view_filter ] --END-- [ RunTime:0.003653s ]
INFO: [ view_end ] --START--
INFO: Run ShowPageTrace Behavior [ RunTime:0.001055s ]
INFO: [ view_end ] --END-- [ RunTime:0.001129s ]
INFO: [ view_parse ] --START--
INFO: Run ParseTemplate Behavior [ RunTime:0.000763s ]
INFO: [ view_parse ] --END-- [ RunTime:-0.004976s ]
INFO: [ view_filter ] --START--
NOTIC: [8] Use of undefined constant __GROUP__ - assumed '__GROUP__' F:\localhost\tiaozao\common\ThinkPHP\Lib\Behavior\ContentReplaceBehavior.class.php 第 43 行.
INFO: Run ContentReplace Behavior [ RunTime:0.000093s ]
INFO: Run TokenBuild Behavior [ RunTime:0.000046s ]
INFO: Run WriteHtmlCache Behavior [ RunTime:0.000012s ]
INFO: Run ShowRuntime Behavior [ RunTime:0.000070s ]
INFO: [ view_filter ] --END-- [ RunTime:-0.002156s ]
INFO: [ view_end ] --START--
INFO: Run ShowPageTrace Behavior [ RunTime:0.000038s ]
INFO: [ view_end ] --END-- [ RunTime:-0.001363s ]

[ 2013-03-21T00:50:57+08:00 ] 127.0.0.1 /tiaozao/htm/
NOTIC: [8] Use of undefined constant __GROUP__ - assumed '__GROUP__' F:\localhost\tiaozao\common\ThinkPHP\Lib\Core\Dispatcher.class.php 第 165 行.
NOTIC: [8] Constant THEME_NAME already defined F:\localhost\tiaozao\common\ThinkPHP\Lib\Core\App.class.php 第 93 行.
INFO: [ app_begin ] --START--
INFO: Run ReadHtmlCache Behavior [ RunTime:0.001298s ]
INFO: [ app_begin ] --END-- [ RunTime:0.001389s ]
NOTIC: [8] Undefined variable: model F:\localhost\tiaozao\common\ThinkPHP\Common\common.php 第 334 行.
NOTIC: [8] Undefined variable: model F:\localhost\tiaozao\common\ThinkPHP\Common\common.php 第 335 行.
INFO: [ view_template ] --START--
INFO: Run LocationTemplate Behavior [ RunTime:0.000976s ]
INFO: [ view_template ] --END-- [ RunTime:0.001046s ]
INFO: [ view_parse ] --START--
INFO: Run ParseTemplate Behavior [ RunTime:0.011501s ]
INFO: [ view_parse ] --END-- [ RunTime:0.011586s ]
INFO: [ view_filter ] --START--
NOTIC: [8] Use of undefined constant __GROUP__ - assumed '__GROUP__' F:\localhost\tiaozao\common\ThinkPHP\Lib\Behavior\ContentReplaceBehavior.class.php 第 43 行.
INFO: Run ContentReplace Behavior [ RunTime:0.000706s ]
INFO: Run TokenBuild Behavior [ RunTime:0.000641s ]
INFO: Run WriteHtmlCache Behavior [ RunTime:0.000638s ]
INFO: Run ShowRuntime Behavior [ RunTime:0.000752s ]
INFO: [ view_filter ] --END-- [ RunTime:0.002944s ]
INFO: [ view_end ] --START--
INFO: Run ShowPageTrace Behavior [ RunTime:0.000906s ]
INFO: [ view_end ] --END-- [ RunTime:0.000975s ]
INFO: [ view_parse ] --START--
INFO: Run ParseTemplate Behavior [ RunTime:0.000578s ]
INFO: [ view_parse ] --END-- [ RunTime:-0.004154s ]
INFO: [ view_filter ] --START--
NOTIC: [8] Use of undefined constant __GROUP__ - assumed '__GROUP__' F:\localhost\tiaozao\common\ThinkPHP\Lib\Behavior\ContentReplaceBehavior.class.php 第 43 行.
INFO: Run ContentReplace Behavior [ RunTime:0.000082s ]
INFO: Run TokenBuild Behavior [ RunTime:0.000046s ]
INFO: Run WriteHtmlCache Behavior [ RunTime:0.000012s ]
INFO: Run ShowRuntime Behavior [ RunTime:0.000071s ]
INFO: [ view_filter ] --END-- [ RunTime:-0.001839s ]
INFO: [ view_end ] --START--
INFO: Run ShowPageTrace Behavior [ RunTime:0.000037s ]
INFO: [ view_end ] --END-- [ RunTime:-0.001136s ]

[ 2013-03-21T22:52:13+08:00 ] 127.0.0.1 /tiaozao/htm/
NOTIC: [8] Use of undefined constant __GROUP__ - assumed '__GROUP__' F:\localhost\tiaozao\common\ThinkPHP\Lib\Core\Dispatcher.class.php 第 165 行.
NOTIC: [8] Constant THEME_NAME already defined F:\localhost\tiaozao\common\ThinkPHP\Lib\Core\App.class.php 第 93 行.
INFO: [ app_begin ] --START--
INFO: Run ReadHtmlCache Behavior [ RunTime:0.001187s ]
INFO: [ app_begin ] --END-- [ RunTime:0.001288s ]
NOTIC: [8] Undefined variable: model F:\localhost\tiaozao\common\ThinkPHP\Common\common.php 第 334 行.
NOTIC: [8] Undefined variable: model F:\localhost\tiaozao\common\ThinkPHP\Common\common.php 第 335 行.
INFO: [ view_template ] --START--
INFO: Run LocationTemplate Behavior [ RunTime:0.002782s ]
INFO: [ view_template ] --END-- [ RunTime:0.002864s ]
INFO: [ view_parse ] --START--
INFO: Run ParseTemplate Behavior [ RunTime:0.013423s ]
INFO: [ view_parse ] --END-- [ RunTime:0.013512s ]
INFO: [ view_filter ] --START--
NOTIC: [8] Use of undefined constant __GROUP__ - assumed '__GROUP__' F:\localhost\tiaozao\common\ThinkPHP\Lib\Behavior\ContentReplaceBehavior.class.php 第 43 行.
INFO: Run ContentReplace Behavior [ RunTime:0.002544s ]
INFO: Run TokenBuild Behavior [ RunTime:0.000992s ]
INFO: Run WriteHtmlCache Behavior [ RunTime:0.000761s ]
INFO: Run ShowRuntime Behavior [ RunTime:0.001032s ]
INFO: [ view_filter ] --END-- [ RunTime:0.005541s ]
INFO: [ view_end ] --START--

[ 2013-03-21T23:52:01+08:00 ] 127.0.0.1 /tiaozao/htm/
NOTIC: [8] Use of undefined constant __GROUP__ - assumed '__GROUP__' F:\localhost\tiaozao\common\ThinkPHP\Lib\Core\Dispatcher.class.php 第 165 行.
NOTIC: [8] Constant THEME_NAME already defined F:\localhost\tiaozao\common\ThinkPHP\Lib\Core\App.class.php 第 93 行.
INFO: [ app_begin ] --START--
INFO: Run ReadHtmlCache Behavior [ RunTime:0.001381s ]
INFO: [ app_begin ] --END-- [ RunTime:0.001478s ]
NOTIC: [8] Undefined variable: model F:\localhost\tiaozao\common\ThinkPHP\Common\common.php 第 337 行.
NOTIC: [8] Undefined variable: model F:\localhost\tiaozao\common\ThinkPHP\Common\common.php 第 338 行.
INFO: [ view_template ] --START--
INFO: Run LocationTemplate Behavior [ RunTime:0.003732s ]
INFO: [ view_template ] --END-- [ RunTime:0.003817s ]
INFO: [ view_parse ] --START--
INFO: Run ParseTemplate Behavior [ RunTime:0.015789s ]
INFO: [ view_parse ] --END-- [ RunTime:0.015884s ]
INFO: [ view_filter ] --START--
NOTIC: [8] Use of undefined constant __GROUP__ - assumed '__GROUP__' F:\localhost\tiaozao\common\ThinkPHP\Lib\Behavior\ContentReplaceBehavior.class.php 第 43 行.
INFO: Run ContentReplace Behavior [ RunTime:0.001022s ]
INFO: Run TokenBuild Behavior [ RunTime:0.000960s ]
INFO: Run WriteHtmlCache Behavior [ RunTime:0.000770s ]
INFO: Run ShowRuntime Behavior [ RunTime:0.000966s ]
INFO: [ view_filter ] --END-- [ RunTime:0.003910s ]
INFO: [ view_end ] --START--

[ 2013-03-21T23:54:40+08:00 ] 127.0.0.1 /tiaozao/htm/
NOTIC: [8] Use of undefined constant __GROUP__ - assumed '__GROUP__' F:\localhost\tiaozao\common\ThinkPHP\Lib\Core\Dispatcher.class.php 第 165 行.
NOTIC: [8] Constant THEME_NAME already defined F:\localhost\tiaozao\common\ThinkPHP\Lib\Core\App.class.php 第 93 行.
INFO: [ app_begin ] --START--
INFO: Run ReadHtmlCache Behavior [ RunTime:0.001489s ]
INFO: [ app_begin ] --END-- [ RunTime:0.001588s ]
NOTIC: [8] Undefined variable: model F:\localhost\tiaozao\common\ThinkPHP\Common\common.php 第 337 行.
NOTIC: [8] Undefined variable: model F:\localhost\tiaozao\common\ThinkPHP\Common\common.php 第 338 行.
INFO: [ view_template ] --START--
INFO: Run LocationTemplate Behavior [ RunTime:0.001760s ]
INFO: [ view_template ] --END-- [ RunTime:0.001840s ]
INFO: [ view_parse ] --START--
INFO: Run ParseTemplate Behavior [ RunTime:0.013423s ]
INFO: [ view_parse ] --END-- [ RunTime:0.013515s ]
INFO: [ view_filter ] --START--
NOTIC: [8] Use of undefined constant __GROUP__ - assumed '__GROUP__' F:\localhost\tiaozao\common\ThinkPHP\Lib\Behavior\ContentReplaceBehavior.class.php 第 43 行.
INFO: Run ContentReplace Behavior [ RunTime:0.000904s ]
INFO: Run TokenBuild Behavior [ RunTime:0.000824s ]
INFO: Run WriteHtmlCache Behavior [ RunTime:0.000684s ]
INFO: Run ShowRuntime Behavior [ RunTime:0.000888s ]
INFO: [ view_filter ] --END-- [ RunTime:0.003475s ]
INFO: [ view_end ] --START--

[ 2013-03-21T23:56:43+08:00 ] 127.0.0.1 /tiaozao/htm/
NOTIC: [8] Use of undefined constant __GROUP__ - assumed '__GROUP__' F:\localhost\tiaozao\common\ThinkPHP\Lib\Core\Dispatcher.class.php 第 165 行.
NOTIC: [8] Constant THEME_NAME already defined F:\localhost\tiaozao\common\ThinkPHP\Lib\Core\App.class.php 第 93 行.
INFO: [ app_begin ] --START--
INFO: Run ReadHtmlCache Behavior [ RunTime:0.001304s ]
INFO: [ app_begin ] --END-- [ RunTime:0.001395s ]
NOTIC: [8] Undefined variable: model F:\localhost\tiaozao\common\ThinkPHP\Common\common.php 第 337 行.
NOTIC: [8] Undefined variable: model F:\localhost\tiaozao\common\ThinkPHP\Common\common.php 第 338 行.
INFO: [ view_template ] --START--
INFO: Run LocationTemplate Behavior [ RunTime:0.001521s ]
INFO: [ view_template ] --END-- [ RunTime:0.001592s ]
INFO: [ view_parse ] --START--
INFO: Run ParseTemplate Behavior [ RunTime:0.012219s ]
INFO: [ view_parse ] --END-- [ RunTime:0.012313s ]
INFO: [ view_filter ] --START--
NOTIC: [8] Use of undefined constant __GROUP__ - assumed '__GROUP__' F:\localhost\tiaozao\common\ThinkPHP\Lib\Behavior\ContentReplaceBehavior.class.php 第 43 行.
INFO: Run ContentReplace Behavior [ RunTime:0.001036s ]
INFO: Run TokenBuild Behavior [ RunTime:0.000806s ]
INFO: Run WriteHtmlCache Behavior [ RunTime:0.000713s ]
INFO: Run ShowRuntime Behavior [ RunTime:0.000899s ]
INFO: [ view_filter ] --END-- [ RunTime:0.003621s ]
INFO: [ view_end ] --START--

[ 2013-03-21T23:57:10+08:00 ] 127.0.0.1 /tiaozao/htm/
NOTIC: [8] Use of undefined constant __GROUP__ - assumed '__GROUP__' F:\localhost\tiaozao\common\ThinkPHP\Lib\Core\Dispatcher.class.php 第 165 行.
NOTIC: [8] Constant THEME_NAME already defined F:\localhost\tiaozao\common\ThinkPHP\Lib\Core\App.class.php 第 93 行.
INFO: [ app_begin ] --START--
INFO: Run ReadHtmlCache Behavior [ RunTime:0.000995s ]
INFO: [ app_begin ] --END-- [ RunTime:0.001082s ]
NOTIC: [8] Undefined variable: model F:\localhost\tiaozao\common\ThinkPHP\Common\common.php 第 337 行.
NOTIC: [8] Undefined variable: model F:\localhost\tiaozao\common\ThinkPHP\Common\common.php 第 338 行.
INFO: [ view_template ] --START--
INFO: Run LocationTemplate Behavior [ RunTime:0.004287s ]
INFO: [ view_template ] --END-- [ RunTime:0.004369s ]
INFO: [ view_parse ] --START--
INFO: Run ParseTemplate Behavior [ RunTime:0.024038s ]
INFO: [ view_parse ] --END-- [ RunTime:0.024128s ]
INFO: [ view_filter ] --START--
NOTIC: [8] Use of undefined constant __GROUP__ - assumed '__GROUP__' F:\localhost\tiaozao\common\ThinkPHP\Lib\Behavior\ContentReplaceBehavior.class.php 第 43 行.
INFO: Run ContentReplace Behavior [ RunTime:0.000708s ]
INFO: Run TokenBuild Behavior [ RunTime:0.000637s ]
INFO: Run WriteHtmlCache Behavior [ RunTime:0.000558s ]
INFO: Run ShowRuntime Behavior [ RunTime:0.000785s ]
INFO: [ view_filter ] --END-- [ RunTime:0.002860s ]
INFO: [ view_end ] --START--

