[ 2013-03-26T21:46:14+08:00 ] 127.0.0.1 /tiaozao/htm/
INFO: [ app_begin ] --START--
INFO: Run ReadHtmlCache Behavior [ RunTime:0.236038s ]
INFO: [ app_begin ] --END-- [ RunTime:0.634446s ]
INFO: [ view_template ] --START--
INFO: Run LocationTemplate Behavior [ RunTime:0.121895s ]
INFO: [ view_template ] --END-- [ RunTime:0.122016s ]
INFO: [ view_parse ] --START--
INFO: Run ParseTemplate Behavior [ RunTime:0.743809s ]
INFO: [ view_parse ] --END-- [ RunTime:0.743959s ]
INFO: [ view_filter ] --START--
INFO: Run ContentReplace Behavior [ RunTime:0.086769s ]
INFO: Run TokenBuild Behavior [ RunTime:0.073580s ]
INFO: Run WriteHtmlCache Behavior [ RunTime:0.070795s ]
INFO: Run ShowRuntime Behavior [ RunTime:0.078870s ]
INFO: [ view_filter ] --END-- [ RunTime:0.310367s ]
INFO: [ view_end ] --START--

[ 2013-03-26T21:54:27+08:00 ] 127.0.0.1 /tiaozao/htm/
INFO: [ app_begin ] --START--
INFO: Run ReadHtmlCache Behavior [ RunTime:0.001126s ]
INFO: [ app_begin ] --END-- [ RunTime:0.001351s ]
INFO: [ view_template ] --START--
INFO: Run LocationTemplate Behavior [ RunTime:0.002185s ]
INFO: [ view_template ] --END-- [ RunTime:0.002278s ]
INFO: [ view_parse ] --START--
INFO: Run ParseTemplate Behavior [ RunTime:0.012179s ]
INFO: [ view_parse ] --END-- [ RunTime:0.012272s ]
INFO: [ view_filter ] --START--
INFO: Run ContentReplace Behavior [ RunTime:0.000955s ]
INFO: Run TokenBuild Behavior [ RunTime:0.000826s ]
INFO: Run WriteHtmlCache Behavior [ RunTime:0.000660s ]
INFO: Run ShowRuntime Behavior [ RunTime:0.000860s ]
INFO: [ view_filter ] --END-- [ RunTime:0.003484s ]
INFO: [ view_end ] --START--

[ 2013-03-26T21:55:50+08:00 ] 127.0.0.1 /tiaozao/htm/
INFO: [ app_begin ] --START--
INFO: Run ReadHtmlCache Behavior [ RunTime:0.000841s ]
INFO: [ app_begin ] --END-- [ RunTime:0.000943s ]
INFO: [ view_template ] --START--
INFO: Run LocationTemplate Behavior [ RunTime:0.000678s ]
INFO: [ view_template ] --END-- [ RunTime:0.000744s ]
INFO: [ view_parse ] --START--
INFO: Run ParseTemplate Behavior [ RunTime:0.010867s ]
INFO: [ view_parse ] --END-- [ RunTime:0.010951s ]
INFO: [ view_filter ] --START--
INFO: Run ContentReplace Behavior [ RunTime:0.000647s ]
INFO: Run TokenBuild Behavior [ RunTime:0.000658s ]
INFO: Run WriteHtmlCache Behavior [ RunTime:0.000524s ]
INFO: Run ShowRuntime Behavior [ RunTime:0.000733s ]
INFO: [ view_filter ] --END-- [ RunTime:0.002731s ]
INFO: [ view_end ] --START--

[ 2013-03-26T21:58:51+08:00 ] 127.0.0.1 /tiaozao/htm/
INFO: [ app_begin ] --START--
INFO: Run ReadHtmlCache Behavior [ RunTime:0.001493s ]
INFO: [ app_begin ] --END-- [ RunTime:0.001591s ]
INFO: [ view_template ] --START--
INFO: Run LocationTemplate Behavior [ RunTime:0.002269s ]
INFO: [ view_template ] --END-- [ RunTime:0.002371s ]
INFO: [ view_parse ] --START--
INFO: Run ParseTemplate Behavior [ RunTime:0.012181s ]
INFO: [ view_parse ] --END-- [ RunTime:0.012269s ]
INFO: [ view_filter ] --START--
INFO: Run ContentReplace Behavior [ RunTime:0.000814s ]
INFO: Run TokenBuild Behavior [ RunTime:0.001097s ]
INFO: Run WriteHtmlCache Behavior [ RunTime:0.000925s ]
INFO: Run ShowRuntime Behavior [ RunTime:0.000979s ]
INFO: [ view_filter ] --END-- [ RunTime:0.004027s ]
INFO: [ view_end ] --START--

[ 2013-03-26T21:59:34+08:00 ] 127.0.0.1 /tiaozao/htm/
INFO: [ app_begin ] --START--
INFO: Run ReadHtmlCache Behavior [ RunTime:0.000918s ]
INFO: [ app_begin ] --END-- [ RunTime:0.001007s ]
INFO: [ view_template ] --START--
INFO: Run LocationTemplate Behavior [ RunTime:0.000749s ]
INFO: [ view_template ] --END-- [ RunTime:0.000827s ]
INFO: [ view_parse ] --START--
INFO: Run ParseTemplate Behavior [ RunTime:0.010882s ]
INFO: [ view_parse ] --END-- [ RunTime:0.010969s ]
INFO: [ view_filter ] --START--
INFO: Run ContentReplace Behavior [ RunTime:0.000654s ]
INFO: Run TokenBuild Behavior [ RunTime:0.000660s ]
INFO: Run WriteHtmlCache Behavior [ RunTime:0.000513s ]
INFO: Run ShowRuntime Behavior [ RunTime:0.000748s ]
INFO: [ view_filter ] --END-- [ RunTime:0.002766s ]
INFO: [ view_end ] --START--

[ 2013-03-26T21:59:53+08:00 ] 127.0.0.1 /tiaozao/htm/
INFO: [ app_begin ] --START--
INFO: Run ReadHtmlCache Behavior [ RunTime:0.001214s ]
INFO: [ app_begin ] --END-- [ RunTime:0.001342s ]
INFO: [ view_template ] --START--
INFO: Run LocationTemplate Behavior [ RunTime:0.002012s ]
INFO: [ view_template ] --END-- [ RunTime:0.002089s ]
INFO: [ view_parse ] --START--
INFO: Run ParseTemplate Behavior [ RunTime:0.015423s ]
INFO: [ view_parse ] --END-- [ RunTime:0.015516s ]
INFO: [ view_filter ] --START--
INFO: Run ContentReplace Behavior [ RunTime:0.000982s ]
INFO: Run TokenBuild Behavior [ RunTime:0.000953s ]
INFO: Run WriteHtmlCache Behavior [ RunTime:0.000988s ]
INFO: Run ShowRuntime Behavior [ RunTime:0.001043s ]
INFO: [ view_filter ] --END-- [ RunTime:0.004157s ]
INFO: [ view_end ] --START--

[ 2013-03-26T22:00:52+08:00 ] 127.0.0.1 /tiaozao/htm/
INFO: [ app_begin ] --START--
INFO: Run ReadHtmlCache Behavior [ RunTime:0.001092s ]
INFO: [ app_begin ] --END-- [ RunTime:0.001171s ]
INFO: [ view_template ] --START--
INFO: Run LocationTemplate Behavior [ RunTime:0.001473s ]
INFO: [ view_template ] --END-- [ RunTime:0.001553s ]
INFO: [ view_parse ] --START--
INFO: Run ParseTemplate Behavior [ RunTime:0.029185s ]
INFO: [ view_parse ] --END-- [ RunTime:0.029276s ]
INFO: [ view_filter ] --START--
INFO: Run ContentReplace Behavior [ RunTime:0.000834s ]
INFO: Run TokenBuild Behavior [ RunTime:0.000903s ]
INFO: Run WriteHtmlCache Behavior [ RunTime:0.000838s ]
INFO: Run ShowRuntime Behavior [ RunTime:0.000956s ]
INFO: [ view_filter ] --END-- [ RunTime:0.003735s ]
INFO: [ view_end ] --START--

[ 2013-03-26T22:01:45+08:00 ] 127.0.0.1 /tiaozao/htm/
INFO: [ app_begin ] --START--
INFO: Run ReadHtmlCache Behavior [ RunTime:0.001023s ]
INFO: [ app_begin ] --END-- [ RunTime:0.001108s ]
INFO: [ view_template ] --START--
INFO: Run LocationTemplate Behavior [ RunTime:0.002129s ]
INFO: [ view_template ] --END-- [ RunTime:0.002217s ]
INFO: [ view_parse ] --START--
INFO: Run ParseTemplate Behavior [ RunTime:0.014390s ]
INFO: [ view_parse ] --END-- [ RunTime:0.014475s ]
INFO: [ view_filter ] --START--
INFO: Run ContentReplace Behavior [ RunTime:0.000959s ]
INFO: Run TokenBuild Behavior [ RunTime:0.000913s ]
INFO: Run WriteHtmlCache Behavior [ RunTime:0.000732s ]
INFO: Run ShowRuntime Behavior [ RunTime:0.000991s ]
INFO: [ view_filter ] --END-- [ RunTime:0.003763s ]
INFO: [ view_end ] --START--

[ 2013-03-26T22:02:59+08:00 ] 127.0.0.1 /tiaozao/htm/
INFO: [ app_begin ] --START--
INFO: Run ReadHtmlCache Behavior [ RunTime:0.001228s ]
INFO: [ app_begin ] --END-- [ RunTime:0.001322s ]
INFO: [ view_template ] --START--
INFO: Run LocationTemplate Behavior [ RunTime:0.001431s ]
INFO: [ view_template ] --END-- [ RunTime:0.001506s ]
INFO: [ view_parse ] --START--
INFO: Run ParseTemplate Behavior [ RunTime:0.011696s ]
INFO: [ view_parse ] --END-- [ RunTime:0.011783s ]
INFO: [ view_filter ] --START--
INFO: Run ContentReplace Behavior [ RunTime:0.000864s ]
INFO: Run TokenBuild Behavior [ RunTime:0.000828s ]
INFO: Run WriteHtmlCache Behavior [ RunTime:0.000669s ]
INFO: Run ShowRuntime Behavior [ RunTime:0.000882s ]
INFO: [ view_filter ] --END-- [ RunTime:0.003416s ]
INFO: [ view_end ] --START--

[ 2013-03-26T22:03:23+08:00 ] 127.0.0.1 /tiaozao/htm/
INFO: [ app_begin ] --START--
INFO: Run ReadHtmlCache Behavior [ RunTime:0.001411s ]
INFO: [ app_begin ] --END-- [ RunTime:0.001507s ]
INFO: [ view_template ] --START--
INFO: Run LocationTemplate Behavior [ RunTime:0.002021s ]
INFO: [ view_template ] --END-- [ RunTime:0.002110s ]
INFO: [ view_parse ] --START--
INFO: Run ParseTemplate Behavior [ RunTime:0.014904s ]
INFO: [ view_parse ] --END-- [ RunTime:0.014993s ]
INFO: [ view_filter ] --START--
INFO: Run ContentReplace Behavior [ RunTime:0.001072s ]
INFO: Run TokenBuild Behavior [ RunTime:0.000914s ]
INFO: Run WriteHtmlCache Behavior [ RunTime:0.000798s ]
INFO: Run ShowRuntime Behavior [ RunTime:0.001156s ]
INFO: [ view_filter ] --END-- [ RunTime:0.004139s ]
INFO: [ view_end ] --START--

[ 2013-03-26T22:03:34+08:00 ] 127.0.0.1 /tiaozao/htm/
INFO: [ app_begin ] --START--
INFO: Run ReadHtmlCache Behavior [ RunTime:0.000842s ]
INFO: [ app_begin ] --END-- [ RunTime:0.000918s ]
INFO: [ view_template ] --START--
INFO: Run LocationTemplate Behavior [ RunTime:0.000665s ]
INFO: [ view_template ] --END-- [ RunTime:0.000731s ]
INFO: [ view_parse ] --START--
INFO: Run ParseTemplate Behavior [ RunTime:0.009910s ]
INFO: [ view_parse ] --END-- [ RunTime:0.009996s ]
INFO: [ view_filter ] --START--
INFO: Run ContentReplace Behavior [ RunTime:0.000924s ]
INFO: Run TokenBuild Behavior [ RunTime:0.001396s ]
INFO: Run WriteHtmlCache Behavior [ RunTime:0.000662s ]
INFO: Run ShowRuntime Behavior [ RunTime:0.000749s ]
INFO: [ view_filter ] --END-- [ RunTime:0.003944s ]
INFO: [ view_end ] --START--

[ 2013-03-26T22:04:21+08:00 ] 127.0.0.1 /tiaozao/htm/
INFO: [ app_begin ] --START--
INFO: Run ReadHtmlCache Behavior [ RunTime:0.000959s ]
INFO: [ app_begin ] --END-- [ RunTime:0.001041s ]
INFO: [ view_template ] --START--
INFO: Run LocationTemplate Behavior [ RunTime:0.002078s ]
INFO: [ view_template ] --END-- [ RunTime:0.002159s ]
INFO: [ view_parse ] --START--
INFO: Run ParseTemplate Behavior [ RunTime:0.018323s ]
INFO: [ view_parse ] --END-- [ RunTime:0.018419s ]
INFO: [ view_filter ] --START--
INFO: Run ContentReplace Behavior [ RunTime:0.001004s ]
INFO: Run TokenBuild Behavior [ RunTime:0.000988s ]
INFO: Run WriteHtmlCache Behavior [ RunTime:0.000794s ]
INFO: Run ShowRuntime Behavior [ RunTime:0.001107s ]
INFO: [ view_filter ] --END-- [ RunTime:0.004159s ]
INFO: [ view_end ] --START--

[ 2013-03-26T22:04:41+08:00 ] 127.0.0.1 /tiaozao/htm/
INFO: [ app_begin ] --START--
INFO: Run ReadHtmlCache Behavior [ RunTime:0.000982s ]
INFO: [ app_begin ] --END-- [ RunTime:0.001075s ]
INFO: [ view_template ] --START--
INFO: Run LocationTemplate Behavior [ RunTime:0.000796s ]
INFO: [ view_template ] --END-- [ RunTime:0.000882s ]
INFO: [ view_parse ] --START--
INFO: Run ParseTemplate Behavior [ RunTime:0.009830s ]
INFO: [ view_parse ] --END-- [ RunTime:0.009916s ]
INFO: [ view_filter ] --START--
INFO: Run ContentReplace Behavior [ RunTime:0.000891s ]
INFO: Run TokenBuild Behavior [ RunTime:0.001560s ]
INFO: Run WriteHtmlCache Behavior [ RunTime:0.000611s ]
INFO: Run ShowRuntime Behavior [ RunTime:0.000724s ]
INFO: [ view_filter ] --END-- [ RunTime:0.003977s ]
INFO: [ view_end ] --START--

[ 2013-03-26T22:04:51+08:00 ] 127.0.0.1 /tiaozao/htm/
INFO: [ app_begin ] --START--
INFO: Run ReadHtmlCache Behavior [ RunTime:0.001019s ]
INFO: [ app_begin ] --END-- [ RunTime:0.001131s ]
INFO: [ view_template ] --START--
INFO: Run LocationTemplate Behavior [ RunTime:0.001901s ]
INFO: [ view_template ] --END-- [ RunTime:0.001974s ]
INFO: [ view_parse ] --START--
INFO: Run ParseTemplate Behavior [ RunTime:0.012663s ]
INFO: [ view_parse ] --END-- [ RunTime:0.012751s ]
INFO: [ view_filter ] --START--
INFO: Run ContentReplace Behavior [ RunTime:0.000952s ]
INFO: Run TokenBuild Behavior [ RunTime:0.000912s ]
INFO: Run WriteHtmlCache Behavior [ RunTime:0.000899s ]
INFO: Run ShowRuntime Behavior [ RunTime:0.001020s ]
INFO: [ view_filter ] --END-- [ RunTime:0.003958s ]
INFO: [ view_end ] --START--

[ 2013-03-26T22:06:50+08:00 ] ERR: (ThinkException) 无法加载模块:Index
[ 2013-03-26T22:08:20+08:00 ] ERR: (ThinkException) 无法加载模块:Index
[ 2013-03-26T22:08:39+08:00 ] ERR: (ThinkException) 无法加载模块:Index
[ 2013-03-26T22:09:26+08:00 ] ERR: (ThinkException) 无法加载模块:Index
[ 2013-03-26T22:10:10+08:00 ] ERR: (ThinkException) 无法加载模块:Index
[ 2013-03-26T22:10:33+08:00 ] ERR: (ThinkException) 无法加载模块:Index
[ 2013-03-26T22:13:57+08:00 ] ERR: (ThinkException) 无法加载模块:Index
[ 2013-03-26T22:14:09+08:00 ] 127.0.0.1 /tiaozao/htm/
INFO: [ app_begin ] --START--
INFO: Run ReadHtmlCache Behavior [ RunTime:0.000862s ]
INFO: [ app_begin ] --END-- [ RunTime:0.000948s ]
INFO: [ view_template ] --START--
INFO: Run LocationTemplate Behavior [ RunTime:0.001467s ]
INFO: [ view_template ] --END-- [ RunTime:0.001539s ]
INFO: [ view_parse ] --START--
INFO: Run ParseTemplate Behavior [ RunTime:0.011725s ]
INFO: [ view_parse ] --END-- [ RunTime:0.011814s ]
INFO: [ view_filter ] --START--
INFO: Run ContentReplace Behavior [ RunTime:0.000867s ]
INFO: Run TokenBuild Behavior [ RunTime:0.000814s ]
INFO: Run WriteHtmlCache Behavior [ RunTime:0.000739s ]
INFO: Run ShowRuntime Behavior [ RunTime:0.000875s ]
INFO: [ view_filter ] --END-- [ RunTime:0.003470s ]
INFO: [ view_end ] --START--

[ 2013-03-26T22:15:08+08:00 ] 127.0.0.1 /tiaozao/htm/
INFO: [ app_begin ] --START--
INFO: Run ReadHtmlCache Behavior [ RunTime:0.000973s ]
INFO: [ app_begin ] --END-- [ RunTime:0.001068s ]
INFO: [ view_template ] --START--
INFO: Run LocationTemplate Behavior [ RunTime:0.000798s ]
INFO: [ view_template ] --END-- [ RunTime:0.000879s ]
INFO: [ view_parse ] --START--
INFO: Run ParseTemplate Behavior [ RunTime:0.009731s ]
INFO: [ view_parse ] --END-- [ RunTime:0.009816s ]
INFO: [ view_filter ] --START--
INFO: Run ContentReplace Behavior [ RunTime:0.000662s ]
INFO: Run TokenBuild Behavior [ RunTime:0.000631s ]
INFO: Run WriteHtmlCache Behavior [ RunTime:0.000514s ]
INFO: Run ShowRuntime Behavior [ RunTime:0.000847s ]
INFO: [ view_filter ] --END-- [ RunTime:0.002902s ]
INFO: [ view_end ] --START--

[ 2013-03-26T22:16:39+08:00 ] 127.0.0.1 /tiaozao/htm/
INFO: [ app_begin ] --START--
INFO: Run ReadHtmlCache Behavior [ RunTime:0.001846s ]
INFO: [ app_begin ] --END-- [ RunTime:0.001944s ]
INFO: [ view_template ] --START--
INFO: Run LocationTemplate Behavior [ RunTime:0.002964s ]
INFO: [ view_template ] --END-- [ RunTime:0.003052s ]
INFO: [ view_parse ] --START--
INFO: Run ParseTemplate Behavior [ RunTime:0.012963s ]
INFO: [ view_parse ] --END-- [ RunTime:0.013054s ]
INFO: [ view_filter ] --START--
INFO: Run ContentReplace Behavior [ RunTime:0.001073s ]
INFO: Run TokenBuild Behavior [ RunTime:0.000880s ]
INFO: Run WriteHtmlCache Behavior [ RunTime:0.000976s ]
INFO: Run ShowRuntime Behavior [ RunTime:0.000880s ]
INFO: [ view_filter ] --END-- [ RunTime:0.004712s ]
INFO: [ view_end ] --START--

[ 2013-03-26T22:18:03+08:00 ] 127.0.0.1 /tiaozao/htm/
INFO: [ app_begin ] --START--
INFO: Run ReadHtmlCache Behavior [ RunTime:0.000853s ]
INFO: [ app_begin ] --END-- [ RunTime:0.000943s ]
INFO: [ view_template ] --START--
INFO: Run LocationTemplate Behavior [ RunTime:0.001546s ]
INFO: [ view_template ] --END-- [ RunTime:0.001629s ]
INFO: [ view_parse ] --START--
INFO: Run ParseTemplate Behavior [ RunTime:0.009408s ]
INFO: [ view_parse ] --END-- [ RunTime:0.009505s ]
INFO: [ view_filter ] --START--
INFO: Run ContentReplace Behavior [ RunTime:0.000706s ]
INFO: Run TokenBuild Behavior [ RunTime:0.000757s ]
INFO: Run WriteHtmlCache Behavior [ RunTime:0.000870s ]
INFO: Run ShowRuntime Behavior [ RunTime:0.000812s ]
INFO: [ view_filter ] --END-- [ RunTime:0.003450s ]
INFO: [ view_end ] --START--

[ 2013-03-26T22:19:04+08:00 ] 127.0.0.1 /tiaozao/htm/
INFO: [ app_begin ] --START--
INFO: Run ReadHtmlCache Behavior [ RunTime:0.001194s ]
INFO: [ app_begin ] --END-- [ RunTime:0.001281s ]
INFO: [ view_template ] --START--
INFO: Run LocationTemplate Behavior [ RunTime:0.001473s ]
INFO: [ view_template ] --END-- [ RunTime:0.001722s ]
INFO: [ view_parse ] --START--
INFO: Run ParseTemplate Behavior [ RunTime:0.011402s ]
INFO: [ view_parse ] --END-- [ RunTime:0.011500s ]
INFO: [ view_filter ] --START--
INFO: Run ContentReplace Behavior [ RunTime:0.000891s ]
INFO: Run TokenBuild Behavior [ RunTime:0.000793s ]
INFO: Run WriteHtmlCache Behavior [ RunTime:0.000718s ]
INFO: Run ShowRuntime Behavior [ RunTime:0.001376s ]
INFO: [ view_filter ] --END-- [ RunTime:0.003973s ]
INFO: [ view_end ] --START--

[ 2013-03-26T22:19:31+08:00 ] 127.0.0.1 /tiaozao/htm/
INFO: [ app_begin ] --START--
INFO: Run ReadHtmlCache Behavior [ RunTime:0.001212s ]
INFO: [ app_begin ] --END-- [ RunTime:0.001308s ]
INFO: [ view_template ] --START--
INFO: Run LocationTemplate Behavior [ RunTime:0.005343s ]
INFO: [ view_template ] --END-- [ RunTime:0.005584s ]
INFO: [ view_parse ] --START--
INFO: Run ParseTemplate Behavior [ RunTime:0.013443s ]
INFO: [ view_parse ] --END-- [ RunTime:0.013535s ]
INFO: [ view_filter ] --START--
INFO: Run ContentReplace Behavior [ RunTime:0.001075s ]
INFO: Run TokenBuild Behavior [ RunTime:0.000937s ]
INFO: Run WriteHtmlCache Behavior [ RunTime:0.000788s ]
INFO: Run ShowRuntime Behavior [ RunTime:0.000989s ]
INFO: [ view_filter ] --END-- [ RunTime:0.003965s ]
INFO: [ view_end ] --START--

[ 2013-03-26T22:22:16+08:00 ] 127.0.0.1 /tiaozao/htm/
INFO: [ app_begin ] --START--
INFO: Run ReadHtmlCache Behavior [ RunTime:0.001105s ]
INFO: [ app_begin ] --END-- [ RunTime:0.001194s ]
INFO: [ view_template ] --START--
INFO: Run LocationTemplate Behavior [ RunTime:0.001469s ]
INFO: [ view_template ] --END-- [ RunTime:0.001548s ]
INFO: [ view_parse ] --START--
INFO: Run ParseTemplate Behavior [ RunTime:0.011222s ]
INFO: [ view_parse ] --END-- [ RunTime:0.011308s ]
INFO: [ view_filter ] --START--
INFO: Run ContentReplace Behavior [ RunTime:0.000998s ]
INFO: Run TokenBuild Behavior [ RunTime:0.000974s ]
INFO: Run WriteHtmlCache Behavior [ RunTime:0.000716s ]
INFO: Run ShowRuntime Behavior [ RunTime:0.000957s ]
INFO: [ view_filter ] --END-- [ RunTime:0.003843s ]
INFO: [ view_end ] --START--

[ 2013-03-26T22:23:09+08:00 ] 127.0.0.1 /tiaozao/htm/
INFO: [ app_begin ] --START--
INFO: Run ReadHtmlCache Behavior [ RunTime:0.001221s ]
INFO: [ app_begin ] --END-- [ RunTime:0.001470s ]
INFO: [ view_template ] --START--
INFO: Run LocationTemplate Behavior [ RunTime:0.002005s ]
INFO: [ view_template ] --END-- [ RunTime:0.002089s ]
INFO: [ view_parse ] --START--
INFO: Run ParseTemplate Behavior [ RunTime:0.013800s ]
INFO: [ view_parse ] --END-- [ RunTime:0.013886s ]
INFO: [ view_filter ] --START--
INFO: Run ContentReplace Behavior [ RunTime:0.000936s ]
INFO: Run TokenBuild Behavior [ RunTime:0.000932s ]
INFO: Run WriteHtmlCache Behavior [ RunTime:0.000813s ]
INFO: Run ShowRuntime Behavior [ RunTime:0.000999s ]
INFO: [ view_filter ] --END-- [ RunTime:0.003852s ]
INFO: [ view_end ] --START--

[ 2013-03-26T22:24:57+08:00 ] 127.0.0.1 /tiaozao/htm/
INFO: [ app_begin ] --START--
INFO: Run ReadHtmlCache Behavior [ RunTime:0.000980s ]
INFO: [ app_begin ] --END-- [ RunTime:0.001076s ]
INFO: [ view_template ] --START--
INFO: Run LocationTemplate Behavior [ RunTime:0.002064s ]
INFO: [ view_template ] --END-- [ RunTime:0.002143s ]
INFO: [ view_parse ] --START--
INFO: Run ParseTemplate Behavior [ RunTime:0.019798s ]
INFO: [ view_parse ] --END-- [ RunTime:0.019890s ]
INFO: [ view_filter ] --START--
INFO: Run ContentReplace Behavior [ RunTime:0.001039s ]
INFO: Run TokenBuild Behavior [ RunTime:0.001053s ]
INFO: Run WriteHtmlCache Behavior [ RunTime:0.000928s ]
INFO: Run ShowRuntime Behavior [ RunTime:0.001331s ]
INFO: [ view_filter ] --END-- [ RunTime:0.004576s ]
INFO: [ view_end ] --START--

[ 2013-03-26T22:25:49+08:00 ] 127.0.0.1 /tiaozao/htm/
INFO: [ app_begin ] --START--
INFO: Run ReadHtmlCache Behavior [ RunTime:0.001110s ]
INFO: [ app_begin ] --END-- [ RunTime:0.001189s ]
INFO: [ view_template ] --START--
INFO: Run LocationTemplate Behavior [ RunTime:0.001913s ]
INFO: [ view_template ] --END-- [ RunTime:0.001992s ]
INFO: [ view_parse ] --START--
INFO: Run ParseTemplate Behavior [ RunTime:0.014706s ]
INFO: [ view_parse ] --END-- [ RunTime:0.014788s ]
INFO: [ view_filter ] --START--
INFO: Run ContentReplace Behavior [ RunTime:0.000939s ]
INFO: Run TokenBuild Behavior [ RunTime:0.001047s ]
INFO: Run WriteHtmlCache Behavior [ RunTime:0.000794s ]
INFO: Run ShowRuntime Behavior [ RunTime:0.001014s ]
INFO: [ view_filter ] --END-- [ RunTime:0.003969s ]
INFO: [ view_end ] --START--

[ 2013-03-26T22:26:43+08:00 ] 127.0.0.1 /tiaozao/htm/
INFO: [ app_begin ] --START--
INFO: Run ReadHtmlCache Behavior [ RunTime:0.000912s ]
INFO: [ app_begin ] --END-- [ RunTime:0.000991s ]
INFO: [ view_template ] --START--
INFO: Run LocationTemplate Behavior [ RunTime:0.001656s ]
INFO: [ view_template ] --END-- [ RunTime:0.001724s ]
INFO: [ view_parse ] --START--
INFO: Run ParseTemplate Behavior [ RunTime:0.013278s ]
INFO: [ view_parse ] --END-- [ RunTime:0.013364s ]
INFO: [ view_filter ] --START--
INFO: Run ContentReplace Behavior [ RunTime:0.000954s ]
INFO: Run TokenBuild Behavior [ RunTime:0.000898s ]
INFO: Run WriteHtmlCache Behavior [ RunTime:0.001794s ]
INFO: Run ShowRuntime Behavior [ RunTime:0.001321s ]
INFO: [ view_filter ] --END-- [ RunTime:0.005182s ]
INFO: [ view_end ] --START--

[ 2013-03-26T22:40:42+08:00 ] ERR: [4] syntax error, unexpected '{', expecting ')' F:\localhost\tiaozao\common\ThinkPHP\Lib\Behavior\ContentReplaceBehavior.class.php 第 29 行.
[ 2013-03-26T22:40:42+08:00 ] 127.0.0.1 /tiaozao/htm/
INFO: [ app_begin ] --START--
INFO: Run ReadHtmlCache Behavior [ RunTime:0.001097s ]
INFO: [ app_begin ] --END-- [ RunTime:0.001178s ]
INFO: [ view_template ] --START--
INFO: Run LocationTemplate Behavior [ RunTime:0.002089s ]
INFO: [ view_template ] --END-- [ RunTime:0.002170s ]
INFO: [ view_parse ] --START--
INFO: Run ParseTemplate Behavior [ RunTime:0.013256s ]
INFO: [ view_parse ] --END-- [ RunTime:0.013341s ]
INFO: [ view_filter ] --START--
NOTIC: [8] Undefined index: class F:\localhost\tiaozao\common\ThinkPHP\Common\functions.php 第 42 行.
NOTIC: [8] Undefined index: type F:\localhost\tiaozao\common\ThinkPHP\Common\functions.php 第 42 行.
NOTIC: [8] Undefined index: file F:\localhost\tiaozao\common\ThinkPHP\Common\functions.php 第 41 行.
NOTIC: [8] Undefined index: line F:\localhost\tiaozao\common\ThinkPHP\Common\functions.php 第 41 行.

[ 2013-03-26T22:41:12+08:00 ] 127.0.0.1 /tiaozao/htm/
INFO: [ app_begin ] --START--
INFO: Run ReadHtmlCache Behavior [ RunTime:0.000923s ]
INFO: [ app_begin ] --END-- [ RunTime:0.001009s ]
INFO: [ view_template ] --START--
INFO: Run LocationTemplate Behavior [ RunTime:0.001842s ]
INFO: [ view_template ] --END-- [ RunTime:0.001923s ]
INFO: [ view_parse ] --START--
INFO: Run ParseTemplate Behavior [ RunTime:0.013948s ]
INFO: [ view_parse ] --END-- [ RunTime:0.014041s ]
INFO: [ view_filter ] --START--
INFO: Run ContentReplace Behavior [ RunTime:0.001016s ]
INFO: Run TokenBuild Behavior [ RunTime:0.000947s ]
INFO: Run WriteHtmlCache Behavior [ RunTime:0.000880s ]
INFO: Run ShowRuntime Behavior [ RunTime:0.001244s ]
INFO: [ view_filter ] --END-- [ RunTime:0.004282s ]
INFO: [ view_end ] --START--

[ 2013-03-26T22:41:32+08:00 ] 127.0.0.1 /tiaozao/htm/
INFO: [ app_begin ] --START--
INFO: Run ReadHtmlCache Behavior [ RunTime:0.000904s ]
INFO: [ app_begin ] --END-- [ RunTime:0.000997s ]
INFO: [ view_template ] --START--
INFO: Run LocationTemplate Behavior [ RunTime:0.001786s ]
INFO: [ view_template ] --END-- [ RunTime:0.001868s ]
INFO: [ view_parse ] --START--
INFO: Run ParseTemplate Behavior [ RunTime:0.013172s ]
INFO: [ view_parse ] --END-- [ RunTime:0.013281s ]
INFO: [ view_filter ] --START--
INFO: Run ContentReplace Behavior [ RunTime:0.001057s ]
INFO: Run TokenBuild Behavior [ RunTime:0.000910s ]
INFO: Run WriteHtmlCache Behavior [ RunTime:0.000946s ]
INFO: Run ShowRuntime Behavior [ RunTime:0.001025s ]
INFO: [ view_filter ] --END-- [ RunTime:0.004125s ]
INFO: [ view_end ] --START--

[ 2013-03-26T22:41:59+08:00 ] 127.0.0.1 /tiaozao/htm/
INFO: [ app_begin ] --START--
INFO: Run ReadHtmlCache Behavior [ RunTime:0.001022s ]
INFO: [ app_begin ] --END-- [ RunTime:0.001119s ]
INFO: [ view_template ] --START--
INFO: Run LocationTemplate Behavior [ RunTime:0.001933s ]
INFO: [ view_template ] --END-- [ RunTime:0.002037s ]
INFO: [ view_parse ] --START--
INFO: Run ParseTemplate Behavior [ RunTime:0.014967s ]
INFO: [ view_parse ] --END-- [ RunTime:0.015064s ]
INFO: [ view_filter ] --START--
INFO: Run ContentReplace Behavior [ RunTime:0.000991s ]
INFO: Run TokenBuild Behavior [ RunTime:0.000899s ]
INFO: Run WriteHtmlCache Behavior [ RunTime:0.000747s ]
INFO: Run ShowRuntime Behavior [ RunTime:0.001014s ]
INFO: [ view_filter ] --END-- [ RunTime:0.003820s ]
INFO: [ view_end ] --START--

[ 2013-03-26T23:21:04+08:00 ] 127.0.0.1 /tiaozao/htm/
INFO: [ app_begin ] --START--
INFO: Run ReadHtmlCache Behavior [ RunTime:0.001118s ]
INFO: [ app_begin ] --END-- [ RunTime:0.001205s ]
INFO: [ view_template ] --START--
INFO: Run LocationTemplate Behavior [ RunTime:0.055819s ]
INFO: [ view_template ] --END-- [ RunTime:0.055952s ]
INFO: [ view_parse ] --START--
INFO: Run ParseTemplate Behavior [ RunTime:0.061478s ]
INFO: [ view_parse ] --END-- [ RunTime:0.061621s ]
INFO: [ view_filter ] --START--
INFO: Run ContentReplace Behavior [ RunTime:0.001456s ]
INFO: Run TokenBuild Behavior [ RunTime:0.002242s ]
INFO: Run WriteHtmlCache Behavior [ RunTime:0.001171s ]
INFO: Run ShowRuntime Behavior [ RunTime:0.000877s ]
INFO: [ view_filter ] --END-- [ RunTime:0.006003s ]
INFO: [ view_end ] --START--

