[ 2013-03-28T00:00:38+08:00 ] 127.0.0.1 /tiaozao/htm/
INFO: [ app_begin ] --START--
INFO: Run ReadHtmlCache Behavior [ RunTime:0.001124s ]
INFO: [ app_begin ] --END-- [ RunTime:0.001266s ]
INFO: [ view_template ] --START--
INFO: Run LocationTemplate Behavior [ RunTime:0.000911s ]
INFO: [ view_template ] --END-- [ RunTime:0.001003s ]
INFO: [ view_parse ] --START--
INFO: Run ParseTemplate Behavior [ RunTime:0.014843s ]
INFO: [ view_parse ] --END-- [ RunTime:0.014933s ]
INFO: [ view_filter ] --START--
INFO: Run ContentReplace Behavior [ RunTime:0.000755s ]
INFO: Run TokenBuild Behavior [ RunTime:0.000738s ]
INFO: Run WriteHtmlCache Behavior [ RunTime:0.000567s ]
INFO: Run ShowRuntime Behavior [ RunTime:0.000858s ]
INFO: [ view_filter ] --END-- [ RunTime:0.003138s ]
INFO: [ view_end ] --START--

[ 2013-03-28T00:03:04+08:00 ] 127.0.0.1 /tiaozao/htm/
INFO: [ app_begin ] --START--
INFO: Run ReadHtmlCache Behavior [ RunTime:0.001414s ]
INFO: [ app_begin ] --END-- [ RunTime:0.001524s ]
INFO: [ view_template ] --START--
INFO: Run LocationTemplate Behavior [ RunTime:0.001891s ]
INFO: [ view_template ] --END-- [ RunTime:0.001997s ]
INFO: [ view_parse ] --START--
INFO: Run ParseTemplate Behavior [ RunTime:0.017384s ]
INFO: [ view_parse ] --END-- [ RunTime:0.017517s ]
INFO: [ view_filter ] --START--
INFO: Run ContentReplace Behavior [ RunTime:0.001244s ]
INFO: Run TokenBuild Behavior [ RunTime:0.000984s ]
INFO: Run WriteHtmlCache Behavior [ RunTime:0.000917s ]
INFO: Run ShowRuntime Behavior [ RunTime:0.001085s ]
INFO: [ view_filter ] --END-- [ RunTime:0.004427s ]
INFO: [ view_end ] --START--

[ 2013-03-28T00:03:54+08:00 ] 127.0.0.1 /tiaozao/htm/
INFO: [ app_begin ] --START--
INFO: Run ReadHtmlCache Behavior [ RunTime:0.001576s ]
INFO: [ app_begin ] --END-- [ RunTime:0.001687s ]
INFO: [ view_template ] --START--
INFO: Run LocationTemplate Behavior [ RunTime:0.005301s ]
INFO: [ view_template ] --END-- [ RunTime:0.005404s ]
INFO: [ view_parse ] --START--
INFO: Run ParseTemplate Behavior [ RunTime:0.018682s ]
INFO: [ view_parse ] --END-- [ RunTime:0.018777s ]
INFO: [ view_filter ] --START--
INFO: Run ContentReplace Behavior [ RunTime:0.001525s ]
INFO: Run TokenBuild Behavior [ RunTime:0.001389s ]
INFO: Run WriteHtmlCache Behavior [ RunTime:0.001231s ]
INFO: Run ShowRuntime Behavior [ RunTime:0.001304s ]
INFO: [ view_filter ] --END-- [ RunTime:0.005687s ]
INFO: [ view_end ] --START--

[ 2013-03-28T00:04:39+08:00 ] 127.0.0.1 /tiaozao/htm/
INFO: [ app_begin ] --START--
INFO: Run ReadHtmlCache Behavior [ RunTime:0.001041s ]
INFO: [ app_begin ] --END-- [ RunTime:0.001141s ]
INFO: [ view_template ] --START--
INFO: Run LocationTemplate Behavior [ RunTime:0.000899s ]
INFO: [ view_template ] --END-- [ RunTime:0.000991s ]
INFO: [ view_parse ] --START--
INFO: Run ParseTemplate Behavior [ RunTime:0.029226s ]
INFO: [ view_parse ] --END-- [ RunTime:0.029340s ]
INFO: [ view_filter ] --START--
INFO: Run ContentReplace Behavior [ RunTime:0.000801s ]
INFO: Run TokenBuild Behavior [ RunTime:0.000806s ]
INFO: Run WriteHtmlCache Behavior [ RunTime:0.000605s ]
INFO: Run ShowRuntime Behavior [ RunTime:0.000800s ]
INFO: [ view_filter ] --END-- [ RunTime:0.003202s ]
INFO: [ view_end ] --START--

[ 2013-03-28T00:04:56+08:00 ] 127.0.0.1 /tiaozao/htm/
INFO: [ app_begin ] --START--
INFO: Run ReadHtmlCache Behavior [ RunTime:0.001418s ]
INFO: [ app_begin ] --END-- [ RunTime:0.001524s ]
INFO: [ view_template ] --START--
INFO: Run LocationTemplate Behavior [ RunTime:0.002595s ]
INFO: [ view_template ] --END-- [ RunTime:0.002705s ]
INFO: [ view_parse ] --START--
INFO: Run ParseTemplate Behavior [ RunTime:0.012392s ]
INFO: [ view_parse ] --END-- [ RunTime:0.012481s ]
INFO: [ view_filter ] --START--
INFO: Run ContentReplace Behavior [ RunTime:0.000890s ]
INFO: Run TokenBuild Behavior [ RunTime:0.001720s ]
INFO: Run WriteHtmlCache Behavior [ RunTime:0.000888s ]
INFO: Run ShowRuntime Behavior [ RunTime:0.000946s ]
INFO: [ view_filter ] --END-- [ RunTime:0.004645s ]
INFO: [ view_end ] --START--

[ 2013-03-28T00:05:53+08:00 ] 127.0.0.1 /tiaozao/htm/
INFO: [ app_begin ] --START--
INFO: Run ReadHtmlCache Behavior [ RunTime:0.001382s ]
INFO: [ app_begin ] --END-- [ RunTime:0.001484s ]
INFO: [ view_template ] --START--
INFO: Run LocationTemplate Behavior [ RunTime:0.001795s ]
INFO: [ view_template ] --END-- [ RunTime:0.001896s ]
INFO: [ view_parse ] --START--
INFO: Run ParseTemplate Behavior [ RunTime:0.014265s ]
INFO: [ view_parse ] --END-- [ RunTime:0.014365s ]
INFO: [ view_filter ] --START--
INFO: Run ContentReplace Behavior [ RunTime:0.001053s ]
INFO: Run TokenBuild Behavior [ RunTime:0.001145s ]
INFO: Run WriteHtmlCache Behavior [ RunTime:0.000932s ]
INFO: Run ShowRuntime Behavior [ RunTime:0.001186s ]
INFO: [ view_filter ] --END-- [ RunTime:0.004577s ]
INFO: [ view_end ] --START--

[ 2013-03-28T00:06:21+08:00 ] 127.0.0.1 /tiaozao/htm/
INFO: [ app_begin ] --START--
INFO: Run ReadHtmlCache Behavior [ RunTime:0.001106s ]
INFO: [ app_begin ] --END-- [ RunTime:0.001216s ]
INFO: [ view_template ] --START--
INFO: Run LocationTemplate Behavior [ RunTime:0.000935s ]
INFO: [ view_template ] --END-- [ RunTime:0.001032s ]
INFO: [ view_parse ] --START--
INFO: Run ParseTemplate Behavior [ RunTime:0.029225s ]
INFO: [ view_parse ] --END-- [ RunTime:0.029316s ]
INFO: [ view_filter ] --START--
INFO: Run ContentReplace Behavior [ RunTime:0.001173s ]
INFO: Run TokenBuild Behavior [ RunTime:0.000887s ]
INFO: Run WriteHtmlCache Behavior [ RunTime:0.000730s ]
INFO: Run ShowRuntime Behavior [ RunTime:0.000815s ]
INFO: [ view_filter ] --END-- [ RunTime:0.003814s ]
INFO: [ view_end ] --START--

[ 2013-03-28T00:06:55+08:00 ] 127.0.0.1 /tiaozao/htm/
INFO: [ app_begin ] --START--
INFO: Run ReadHtmlCache Behavior [ RunTime:0.001909s ]
INFO: [ app_begin ] --END-- [ RunTime:0.002016s ]
INFO: [ view_template ] --START--
INFO: Run LocationTemplate Behavior [ RunTime:0.002974s ]
INFO: [ view_template ] --END-- [ RunTime:0.003071s ]
INFO: [ view_parse ] --START--
INFO: Run ParseTemplate Behavior [ RunTime:0.016797s ]
INFO: [ view_parse ] --END-- [ RunTime:0.016897s ]
INFO: [ view_filter ] --START--
INFO: Run ContentReplace Behavior [ RunTime:0.000914s ]
INFO: Run TokenBuild Behavior [ RunTime:0.000896s ]
INFO: Run WriteHtmlCache Behavior [ RunTime:0.000766s ]
INFO: Run ShowRuntime Behavior [ RunTime:0.001028s ]
INFO: [ view_filter ] --END-- [ RunTime:0.003835s ]
INFO: [ view_end ] --START--

[ 2013-03-28T00:07:19+08:00 ] 127.0.0.1 /tiaozao/htm/
INFO: [ app_begin ] --START--
INFO: Run ReadHtmlCache Behavior [ RunTime:0.002268s ]
INFO: [ app_begin ] --END-- [ RunTime:0.002376s ]
INFO: [ view_template ] --START--
INFO: Run LocationTemplate Behavior [ RunTime:0.001817s ]
INFO: [ view_template ] --END-- [ RunTime:0.001917s ]
INFO: [ view_parse ] --START--
INFO: Run ParseTemplate Behavior [ RunTime:0.018445s ]
INFO: [ view_parse ] --END-- [ RunTime:0.018541s ]
INFO: [ view_filter ] --START--
INFO: Run ContentReplace Behavior [ RunTime:0.002699s ]
INFO: Run TokenBuild Behavior [ RunTime:0.001044s ]
INFO: Run WriteHtmlCache Behavior [ RunTime:0.000942s ]
INFO: Run ShowRuntime Behavior [ RunTime:0.002201s ]
INFO: [ view_filter ] --END-- [ RunTime:0.007202s ]
INFO: [ view_end ] --START--

[ 2013-03-28T00:08:23+08:00 ] 127.0.0.1 /tiaozao/htm/
INFO: [ app_begin ] --START--
INFO: Run ReadHtmlCache Behavior [ RunTime:0.001450s ]
INFO: [ app_begin ] --END-- [ RunTime:0.001555s ]
INFO: [ view_template ] --START--
INFO: Run LocationTemplate Behavior [ RunTime:0.002368s ]
INFO: [ view_template ] --END-- [ RunTime:0.002478s ]
INFO: [ view_parse ] --START--
INFO: Run ParseTemplate Behavior [ RunTime:0.015738s ]
INFO: [ view_parse ] --END-- [ RunTime:0.015834s ]
INFO: [ view_filter ] --START--
INFO: Run ContentReplace Behavior [ RunTime:0.000975s ]
INFO: Run TokenBuild Behavior [ RunTime:0.001001s ]
INFO: Run WriteHtmlCache Behavior [ RunTime:0.000820s ]
INFO: Run ShowRuntime Behavior [ RunTime:0.001118s ]
INFO: [ view_filter ] --END-- [ RunTime:0.004124s ]
INFO: [ view_end ] --START--

[ 2013-03-28T00:08:51+08:00 ] 127.0.0.1 /tiaozao/htm/
INFO: [ app_begin ] --START--
INFO: Run ReadHtmlCache Behavior [ RunTime:0.000959s ]
INFO: [ app_begin ] --END-- [ RunTime:0.001053s ]
INFO: [ view_template ] --START--
INFO: Run LocationTemplate Behavior [ RunTime:0.000928s ]
INFO: [ view_template ] --END-- [ RunTime:0.001019s ]
INFO: [ view_parse ] --START--
INFO: Run ParseTemplate Behavior [ RunTime:0.014165s ]
INFO: [ view_parse ] --END-- [ RunTime:0.014254s ]
INFO: [ view_filter ] --START--
INFO: Run ContentReplace Behavior [ RunTime:0.000723s ]
INFO: Run TokenBuild Behavior [ RunTime:0.000683s ]
INFO: Run WriteHtmlCache Behavior [ RunTime:0.000551s ]
INFO: Run ShowRuntime Behavior [ RunTime:0.000763s ]
INFO: [ view_filter ] --END-- [ RunTime:0.002895s ]
INFO: [ view_end ] --START--

[ 2013-03-28T00:09:37+08:00 ] 127.0.0.1 /tiaozao/htm/
INFO: [ app_begin ] --START--
INFO: Run ReadHtmlCache Behavior [ RunTime:0.001518s ]
INFO: [ app_begin ] --END-- [ RunTime:0.001628s ]
INFO: [ view_template ] --START--
INFO: Run LocationTemplate Behavior [ RunTime:0.003680s ]
INFO: [ view_template ] --END-- [ RunTime:0.003842s ]
INFO: [ view_parse ] --START--
INFO: Run ParseTemplate Behavior [ RunTime:0.017126s ]
INFO: [ view_parse ] --END-- [ RunTime:0.017221s ]
INFO: [ view_filter ] --START--
INFO: Run ContentReplace Behavior [ RunTime:0.000999s ]
INFO: Run TokenBuild Behavior [ RunTime:0.001282s ]
INFO: Run WriteHtmlCache Behavior [ RunTime:0.001582s ]
INFO: Run ShowRuntime Behavior [ RunTime:0.001897s ]
INFO: [ view_filter ] --END-- [ RunTime:0.006005s ]
INFO: [ view_end ] --START--

[ 2013-03-28T00:10:48+08:00 ] 127.0.0.1 /tiaozao/htm/
INFO: [ app_begin ] --START--
INFO: Run ReadHtmlCache Behavior [ RunTime:0.005409s ]
INFO: [ app_begin ] --END-- [ RunTime:0.005507s ]
INFO: [ view_template ] --START--
INFO: Run LocationTemplate Behavior [ RunTime:0.002404s ]
INFO: [ view_template ] --END-- [ RunTime:0.002499s ]
INFO: [ view_parse ] --START--
INFO: Run ParseTemplate Behavior [ RunTime:0.015726s ]
INFO: [ view_parse ] --END-- [ RunTime:0.015813s ]
INFO: [ view_filter ] --START--
INFO: Run ContentReplace Behavior [ RunTime:0.001019s ]
INFO: Run TokenBuild Behavior [ RunTime:0.000983s ]
INFO: Run WriteHtmlCache Behavior [ RunTime:0.000872s ]
INFO: Run ShowRuntime Behavior [ RunTime:0.001146s ]
INFO: [ view_filter ] --END-- [ RunTime:0.004204s ]
INFO: [ view_end ] --START--

[ 2013-03-28T00:11:17+08:00 ] 127.0.0.1 /tiaozao/htm/
INFO: [ app_begin ] --START--
INFO: Run ReadHtmlCache Behavior [ RunTime:0.001322s ]
INFO: [ app_begin ] --END-- [ RunTime:0.001429s ]
INFO: [ view_template ] --START--
INFO: Run LocationTemplate Behavior [ RunTime:0.000802s ]
INFO: [ view_template ] --END-- [ RunTime:0.000890s ]
INFO: [ view_parse ] --START--
INFO: Run ParseTemplate Behavior [ RunTime:0.017191s ]
INFO: [ view_parse ] --END-- [ RunTime:0.017295s ]
INFO: [ view_filter ] --START--
INFO: Run ContentReplace Behavior [ RunTime:0.001510s ]
INFO: Run TokenBuild Behavior [ RunTime:0.006671s ]
INFO: Run WriteHtmlCache Behavior [ RunTime:0.000739s ]
INFO: Run ShowRuntime Behavior [ RunTime:0.001047s ]
INFO: [ view_filter ] --END-- [ RunTime:0.010206s ]
INFO: [ view_end ] --START--

[ 2013-03-28T00:12:29+08:00 ] 127.0.0.1 /tiaozao/htm/
INFO: [ app_begin ] --START--
INFO: Run ReadHtmlCache Behavior [ RunTime:0.001554s ]
INFO: [ app_begin ] --END-- [ RunTime:0.001665s ]
INFO: [ view_template ] --START--
INFO: Run LocationTemplate Behavior [ RunTime:0.002672s ]
INFO: [ view_template ] --END-- [ RunTime:0.002788s ]
INFO: [ view_parse ] --START--
INFO: Run ParseTemplate Behavior [ RunTime:0.014098s ]
INFO: [ view_parse ] --END-- [ RunTime:0.014200s ]
INFO: [ view_filter ] --START--
INFO: Run ContentReplace Behavior [ RunTime:0.001121s ]
INFO: Run TokenBuild Behavior [ RunTime:0.000862s ]
INFO: Run WriteHtmlCache Behavior [ RunTime:0.000930s ]
INFO: Run ShowRuntime Behavior [ RunTime:0.000957s ]
INFO: [ view_filter ] --END-- [ RunTime:0.004076s ]
INFO: [ view_end ] --START--

[ 2013-03-28T00:13:19+08:00 ] 127.0.0.1 /tiaozao/htm/
INFO: [ app_begin ] --START--
INFO: Run ReadHtmlCache Behavior [ RunTime:0.001434s ]
INFO: [ app_begin ] --END-- [ RunTime:0.001538s ]
INFO: [ view_template ] --START--
INFO: Run LocationTemplate Behavior [ RunTime:0.002279s ]
INFO: [ view_template ] --END-- [ RunTime:0.002377s ]
INFO: [ view_parse ] --START--
INFO: Run ParseTemplate Behavior [ RunTime:0.020316s ]
INFO: [ view_parse ] --END-- [ RunTime:0.020408s ]
INFO: [ view_filter ] --START--
INFO: Run ContentReplace Behavior [ RunTime:0.001123s ]
INFO: Run TokenBuild Behavior [ RunTime:0.001134s ]
INFO: Run WriteHtmlCache Behavior [ RunTime:0.001115s ]
INFO: Run ShowRuntime Behavior [ RunTime:0.001193s ]
INFO: [ view_filter ] --END-- [ RunTime:0.004782s ]
INFO: [ view_end ] --START--

[ 2013-03-28T00:13:34+08:00 ] 127.0.0.1 /tiaozao/htm/
INFO: [ app_begin ] --START--
INFO: Run ReadHtmlCache Behavior [ RunTime:0.001058s ]
INFO: [ app_begin ] --END-- [ RunTime:0.001158s ]
INFO: [ view_template ] --START--
INFO: Run LocationTemplate Behavior [ RunTime:0.002510s ]
INFO: [ view_template ] --END-- [ RunTime:0.002842s ]
INFO: [ view_parse ] --START--
INFO: Run ParseTemplate Behavior [ RunTime:0.017629s ]
INFO: [ view_parse ] --END-- [ RunTime:0.017732s ]
INFO: [ view_filter ] --START--
INFO: Run ContentReplace Behavior [ RunTime:0.000854s ]
INFO: Run TokenBuild Behavior [ RunTime:0.000857s ]
INFO: Run WriteHtmlCache Behavior [ RunTime:0.000980s ]
INFO: Run ShowRuntime Behavior [ RunTime:0.001241s ]
INFO: [ view_filter ] --END-- [ RunTime:0.004202s ]
INFO: [ view_end ] --START--

[ 2013-03-28T00:14:09+08:00 ] 127.0.0.1 /tiaozao/htm/
INFO: [ app_begin ] --START--
INFO: Run ReadHtmlCache Behavior [ RunTime:0.001410s ]
INFO: [ app_begin ] --END-- [ RunTime:0.001521s ]
INFO: [ view_template ] --START--
INFO: Run LocationTemplate Behavior [ RunTime:0.001749s ]
INFO: [ view_template ] --END-- [ RunTime:0.001860s ]
INFO: [ view_parse ] --START--
INFO: Run ParseTemplate Behavior [ RunTime:0.016063s ]
INFO: [ view_parse ] --END-- [ RunTime:0.016172s ]
INFO: [ view_filter ] --START--
INFO: Run ContentReplace Behavior [ RunTime:0.001078s ]
INFO: Run TokenBuild Behavior [ RunTime:0.001065s ]
INFO: Run WriteHtmlCache Behavior [ RunTime:0.001241s ]
INFO: Run ShowRuntime Behavior [ RunTime:0.002185s ]
INFO: [ view_filter ] --END-- [ RunTime:0.005811s ]
INFO: [ view_end ] --START--

[ 2013-03-28T00:14:25+08:00 ] 127.0.0.1 /tiaozao/htm/
INFO: [ app_begin ] --START--
INFO: Run ReadHtmlCache Behavior [ RunTime:0.000947s ]
INFO: [ app_begin ] --END-- [ RunTime:0.001040s ]
INFO: [ view_template ] --START--
INFO: Run LocationTemplate Behavior [ RunTime:0.000892s ]
INFO: [ view_template ] --END-- [ RunTime:0.000980s ]
INFO: [ view_parse ] --START--
INFO: Run ParseTemplate Behavior [ RunTime:0.017533s ]
INFO: [ view_parse ] --END-- [ RunTime:0.017628s ]
INFO: [ view_filter ] --START--
INFO: Run ContentReplace Behavior [ RunTime:0.001052s ]
INFO: Run TokenBuild Behavior [ RunTime:0.000870s ]
INFO: Run WriteHtmlCache Behavior [ RunTime:0.000826s ]
INFO: Run ShowRuntime Behavior [ RunTime:0.000890s ]
INFO: [ view_filter ] --END-- [ RunTime:0.004809s ]
INFO: [ view_end ] --START--

[ 2013-03-28T00:14:49+08:00 ] 127.0.0.1 /tiaozao/htm/
INFO: [ app_begin ] --START--
INFO: Run ReadHtmlCache Behavior [ RunTime:0.001245s ]
INFO: [ app_begin ] --END-- [ RunTime:0.001409s ]
INFO: [ view_template ] --START--
INFO: Run LocationTemplate Behavior [ RunTime:0.003439s ]
INFO: [ view_template ] --END-- [ RunTime:0.003539s ]
INFO: [ view_parse ] --START--
INFO: Run ParseTemplate Behavior [ RunTime:0.019565s ]
INFO: [ view_parse ] --END-- [ RunTime:0.019656s ]
INFO: [ view_filter ] --START--
INFO: Run ContentReplace Behavior [ RunTime:0.001079s ]
INFO: Run TokenBuild Behavior [ RunTime:0.001094s ]
INFO: Run WriteHtmlCache Behavior [ RunTime:0.000938s ]
INFO: Run ShowRuntime Behavior [ RunTime:0.001417s ]
INFO: [ view_filter ] --END-- [ RunTime:0.004836s ]
INFO: [ view_end ] --START--

[ 2013-03-28T00:15:01+08:00 ] 127.0.0.1 /tiaozao/htm/
INFO: [ app_begin ] --START--
INFO: Run ReadHtmlCache Behavior [ RunTime:0.001412s ]
INFO: [ app_begin ] --END-- [ RunTime:0.001525s ]
INFO: [ view_template ] --START--
INFO: Run LocationTemplate Behavior [ RunTime:0.001743s ]
INFO: [ view_template ] --END-- [ RunTime:0.001843s ]
INFO: [ view_parse ] --START--
INFO: Run ParseTemplate Behavior [ RunTime:0.017350s ]
INFO: [ view_parse ] --END-- [ RunTime:0.017449s ]
INFO: [ view_filter ] --START--
INFO: Run ContentReplace Behavior [ RunTime:0.001029s ]
INFO: Run TokenBuild Behavior [ RunTime:0.002284s ]
INFO: Run WriteHtmlCache Behavior [ RunTime:0.000959s ]
INFO: Run ShowRuntime Behavior [ RunTime:0.001121s ]
INFO: [ view_filter ] --END-- [ RunTime:0.005625s ]
INFO: [ view_end ] --START--

[ 2013-03-28T00:15:08+08:00 ] 127.0.0.1 /tiaozao/htm/
INFO: [ app_begin ] --START--
INFO: Run ReadHtmlCache Behavior [ RunTime:0.001204s ]
INFO: [ app_begin ] --END-- [ RunTime:0.001322s ]
INFO: [ view_template ] --START--
INFO: Run LocationTemplate Behavior [ RunTime:0.000933s ]
INFO: [ view_template ] --END-- [ RunTime:0.001022s ]
INFO: [ view_parse ] --START--
INFO: Run ParseTemplate Behavior [ RunTime:0.014545s ]
INFO: [ view_parse ] --END-- [ RunTime:0.014635s ]
INFO: [ view_filter ] --START--
INFO: Run ContentReplace Behavior [ RunTime:0.000780s ]
INFO: Run TokenBuild Behavior [ RunTime:0.000788s ]
INFO: Run WriteHtmlCache Behavior [ RunTime:0.001021s ]
INFO: Run ShowRuntime Behavior [ RunTime:0.000788s ]
INFO: [ view_filter ] --END-- [ RunTime:0.003559s ]
INFO: [ view_end ] --START--

[ 2013-03-28T00:15:17+08:00 ] 127.0.0.1 /tiaozao/htm/
INFO: [ app_begin ] --START--
INFO: Run ReadHtmlCache Behavior [ RunTime:0.002537s ]
INFO: [ app_begin ] --END-- [ RunTime:0.002644s ]
INFO: [ view_template ] --START--
INFO: Run LocationTemplate Behavior [ RunTime:0.001004s ]
INFO: [ view_template ] --END-- [ RunTime:0.001100s ]
INFO: [ view_parse ] --START--
INFO: Run ParseTemplate Behavior [ RunTime:0.020052s ]
INFO: [ view_parse ] --END-- [ RunTime:0.020151s ]
INFO: [ view_filter ] --START--
INFO: Run ContentReplace Behavior [ RunTime:0.000920s ]
INFO: Run TokenBuild Behavior [ RunTime:0.002383s ]
INFO: Run WriteHtmlCache Behavior [ RunTime:0.001269s ]
INFO: Run ShowRuntime Behavior [ RunTime:0.001013s ]
INFO: [ view_filter ] --END-- [ RunTime:0.005868s ]
INFO: [ view_end ] --START--

[ 2013-03-28T00:16:10+08:00 ] 127.0.0.1 /tiaozao/htm/
INFO: [ app_begin ] --START--
INFO: Run ReadHtmlCache Behavior [ RunTime:0.001340s ]
INFO: [ app_begin ] --END-- [ RunTime:0.001443s ]
INFO: [ view_template ] --START--
INFO: Run LocationTemplate Behavior [ RunTime:0.002812s ]
INFO: [ view_template ] --END-- [ RunTime:0.002914s ]
INFO: [ view_parse ] --START--
INFO: Run ParseTemplate Behavior [ RunTime:0.023906s ]
INFO: [ view_parse ] --END-- [ RunTime:0.024222s ]
INFO: [ view_filter ] --START--
INFO: Run ContentReplace Behavior [ RunTime:0.001139s ]
INFO: Run TokenBuild Behavior [ RunTime:0.001213s ]
INFO: Run WriteHtmlCache Behavior [ RunTime:0.001020s ]
INFO: Run ShowRuntime Behavior [ RunTime:0.001335s ]
INFO: [ view_filter ] --END-- [ RunTime:0.004985s ]
INFO: [ view_end ] --START--

[ 2013-03-28T00:16:46+08:00 ] 127.0.0.1 /tiaozao/htm/
INFO: [ app_begin ] --START--
INFO: Run ReadHtmlCache Behavior [ RunTime:0.001022s ]
INFO: [ app_begin ] --END-- [ RunTime:0.001122s ]
INFO: [ view_template ] --START--
INFO: Run LocationTemplate Behavior [ RunTime:0.001947s ]
INFO: [ view_template ] --END-- [ RunTime:0.002038s ]
INFO: [ view_parse ] --START--
INFO: Run ParseTemplate Behavior [ RunTime:0.014344s ]
INFO: [ view_parse ] --END-- [ RunTime:0.014438s ]
INFO: [ view_filter ] --START--
INFO: Run ContentReplace Behavior [ RunTime:0.000950s ]
INFO: Run TokenBuild Behavior [ RunTime:0.000854s ]
INFO: Run WriteHtmlCache Behavior [ RunTime:0.001332s ]
INFO: Run ShowRuntime Behavior [ RunTime:0.001027s ]
INFO: [ view_filter ] --END-- [ RunTime:0.004442s ]
INFO: [ view_end ] --START--

[ 2013-03-28T00:18:00+08:00 ] 127.0.0.1 /tiaozao/htm/
INFO: [ app_begin ] --START--
INFO: Run ReadHtmlCache Behavior [ RunTime:0.001719s ]
INFO: [ app_begin ] --END-- [ RunTime:0.001816s ]
INFO: [ view_template ] --START--
INFO: Run LocationTemplate Behavior [ RunTime:0.002536s ]
INFO: [ view_template ] --END-- [ RunTime:0.002641s ]
INFO: [ view_parse ] --START--
INFO: Run ParseTemplate Behavior [ RunTime:0.017440s ]
INFO: [ view_parse ] --END-- [ RunTime:0.017533s ]
INFO: [ view_filter ] --START--
INFO: Run ContentReplace Behavior [ RunTime:0.001157s ]
INFO: Run TokenBuild Behavior [ RunTime:0.001445s ]
INFO: Run WriteHtmlCache Behavior [ RunTime:0.000921s ]
INFO: Run ShowRuntime Behavior [ RunTime:0.004221s ]
INFO: [ view_filter ] --END-- [ RunTime:0.007985s ]
INFO: [ view_end ] --START--

[ 2013-03-28T00:18:22+08:00 ] 127.0.0.1 /tiaozao/htm/
INFO: [ app_begin ] --START--
INFO: Run ReadHtmlCache Behavior [ RunTime:0.001404s ]
INFO: [ app_begin ] --END-- [ RunTime:0.001501s ]
INFO: [ view_template ] --START--
INFO: Run LocationTemplate Behavior [ RunTime:0.002028s ]
INFO: [ view_template ] --END-- [ RunTime:0.002136s ]
INFO: [ view_parse ] --START--
INFO: Run ParseTemplate Behavior [ RunTime:0.016880s ]
INFO: [ view_parse ] --END-- [ RunTime:0.017587s ]
INFO: [ view_filter ] --START--
INFO: Run ContentReplace Behavior [ RunTime:0.002315s ]
INFO: Run TokenBuild Behavior [ RunTime:0.001015s ]
INFO: Run WriteHtmlCache Behavior [ RunTime:0.001107s ]
INFO: Run ShowRuntime Behavior [ RunTime:0.001101s ]
INFO: [ view_filter ] --END-- [ RunTime:0.005758s ]
INFO: [ view_end ] --START--

[ 2013-03-28T00:18:59+08:00 ] 127.0.0.1 /tiaozao/htm/
INFO: [ app_begin ] --START--
INFO: Run ReadHtmlCache Behavior [ RunTime:0.001933s ]
INFO: [ app_begin ] --END-- [ RunTime:0.002041s ]
INFO: [ view_template ] --START--
INFO: Run LocationTemplate Behavior [ RunTime:0.007253s ]
INFO: [ view_template ] --END-- [ RunTime:0.007359s ]
INFO: [ view_parse ] --START--
INFO: Run ParseTemplate Behavior [ RunTime:0.018141s ]
INFO: [ view_parse ] --END-- [ RunTime:0.018242s ]
INFO: [ view_filter ] --START--
INFO: Run ContentReplace Behavior [ RunTime:0.001210s ]
INFO: Run TokenBuild Behavior [ RunTime:0.001468s ]
INFO: Run WriteHtmlCache Behavior [ RunTime:0.001082s ]
INFO: Run ShowRuntime Behavior [ RunTime:0.001672s ]
INFO: [ view_filter ] --END-- [ RunTime:0.005664s ]
INFO: [ view_end ] --START--

[ 2013-03-28T00:20:05+08:00 ] 127.0.0.1 /tiaozao/htm/
INFO: [ app_begin ] --START--
INFO: Run ReadHtmlCache Behavior [ RunTime:0.000872s ]
INFO: [ app_begin ] --END-- [ RunTime:0.000957s ]
INFO: [ view_template ] --START--
INFO: Run LocationTemplate Behavior [ RunTime:0.000713s ]
INFO: [ view_template ] --END-- [ RunTime:0.000793s ]
INFO: [ view_parse ] --START--
INFO: Run ParseTemplate Behavior [ RunTime:0.011631s ]
INFO: [ view_parse ] --END-- [ RunTime:0.011730s ]
INFO: [ view_filter ] --START--
INFO: Run ContentReplace Behavior [ RunTime:0.000882s ]
INFO: Run TokenBuild Behavior [ RunTime:0.000795s ]
INFO: Run WriteHtmlCache Behavior [ RunTime:0.000584s ]
INFO: Run ShowRuntime Behavior [ RunTime:0.000757s ]
INFO: [ view_filter ] --END-- [ RunTime:0.003285s ]
INFO: [ view_end ] --START--

[ 2013-03-28T00:20:20+08:00 ] 127.0.0.1 /tiaozao/htm/
INFO: [ app_begin ] --START--
INFO: Run ReadHtmlCache Behavior [ RunTime:0.001196s ]
INFO: [ app_begin ] --END-- [ RunTime:0.001292s ]
INFO: [ view_template ] --START--
INFO: Run LocationTemplate Behavior [ RunTime:0.006163s ]
INFO: [ view_template ] --END-- [ RunTime:0.006261s ]
INFO: [ view_parse ] --START--
INFO: Run ParseTemplate Behavior [ RunTime:0.016604s ]
INFO: [ view_parse ] --END-- [ RunTime:0.016696s ]
INFO: [ view_filter ] --START--
INFO: Run ContentReplace Behavior [ RunTime:0.001173s ]
INFO: Run TokenBuild Behavior [ RunTime:0.001192s ]
INFO: Run WriteHtmlCache Behavior [ RunTime:0.001012s ]
INFO: Run ShowRuntime Behavior [ RunTime:0.001494s ]
INFO: [ view_filter ] --END-- [ RunTime:0.005126s ]
INFO: [ view_end ] --START--

[ 2013-03-28T00:22:44+08:00 ] 127.0.0.1 /tiaozao/htm/
INFO: [ app_begin ] --START--
INFO: Run ReadHtmlCache Behavior [ RunTime:0.001413s ]
INFO: [ app_begin ] --END-- [ RunTime:0.001523s ]
INFO: [ view_template ] --START--
INFO: Run LocationTemplate Behavior [ RunTime:0.002286s ]
INFO: [ view_template ] --END-- [ RunTime:0.002399s ]
INFO: [ view_parse ] --START--
INFO: Run ParseTemplate Behavior [ RunTime:0.014286s ]
INFO: [ view_parse ] --END-- [ RunTime:0.014380s ]
INFO: [ view_filter ] --START--
INFO: Run ContentReplace Behavior [ RunTime:0.000985s ]
INFO: Run TokenBuild Behavior [ RunTime:0.000991s ]
INFO: Run WriteHtmlCache Behavior [ RunTime:0.000787s ]
INFO: Run ShowRuntime Behavior [ RunTime:0.001026s ]
INFO: [ view_filter ] --END-- [ RunTime:0.004010s ]
INFO: [ view_end ] --START--

[ 2013-03-28T00:23:00+08:00 ] 127.0.0.1 /tiaozao/htm/
INFO: [ app_begin ] --START--
INFO: Run ReadHtmlCache Behavior [ RunTime:0.001377s ]
INFO: [ app_begin ] --END-- [ RunTime:0.001477s ]
INFO: [ view_template ] --START--
INFO: Run LocationTemplate Behavior [ RunTime:0.001786s ]
INFO: [ view_template ] --END-- [ RunTime:0.002119s ]
INFO: [ view_parse ] --START--
INFO: Run ParseTemplate Behavior [ RunTime:0.015163s ]
INFO: [ view_parse ] --END-- [ RunTime:0.015266s ]
INFO: [ view_filter ] --START--
INFO: Run ContentReplace Behavior [ RunTime:0.001049s ]
INFO: Run TokenBuild Behavior [ RunTime:0.001026s ]
INFO: Run WriteHtmlCache Behavior [ RunTime:0.000756s ]
INFO: Run ShowRuntime Behavior [ RunTime:0.001095s ]
INFO: [ view_filter ] --END-- [ RunTime:0.004176s ]
INFO: [ view_end ] --START--

[ 2013-03-28T22:06:20+08:00 ] 127.0.0.1 /tiaozao/htm/
INFO: [ app_begin ] --START--
INFO: Run ReadHtmlCache Behavior [ RunTime:0.285931s ]
INFO: [ app_begin ] --END-- [ RunTime:1.244284s ]
INFO: [ view_template ] --START--
INFO: Run LocationTemplate Behavior [ RunTime:0.212126s ]
INFO: [ view_template ] --END-- [ RunTime:0.212276s ]
INFO: [ view_parse ] --START--
INFO: Run ParseTemplate Behavior [ RunTime:1.627384s ]
INFO: [ view_parse ] --END-- [ RunTime:1.627520s ]
INFO: [ view_filter ] --START--
INFO: Run ContentReplace Behavior [ RunTime:0.160696s ]
INFO: Run TokenBuild Behavior [ RunTime:0.177497s ]
INFO: Run WriteHtmlCache Behavior [ RunTime:0.132373s ]
INFO: Run ShowRuntime Behavior [ RunTime:0.212434s ]
INFO: [ view_filter ] --END-- [ RunTime:0.683348s ]
INFO: [ view_end ] --START--

[ 2013-03-28T22:06:47+08:00 ] 127.0.0.1 /tiaozao/htm/
INFO: [ app_begin ] --START--
INFO: Run ReadHtmlCache Behavior [ RunTime:0.120923s ]
INFO: [ app_begin ] --END-- [ RunTime:0.121182s ]
INFO: [ view_template ] --START--
INFO: Run LocationTemplate Behavior [ RunTime:0.076901s ]
INFO: [ view_template ] --END-- [ RunTime:0.076991s ]
INFO: [ view_parse ] --START--
INFO: Run ParseTemplate Behavior [ RunTime:0.303093s ]
INFO: [ view_parse ] --END-- [ RunTime:0.303212s ]
INFO: [ view_filter ] --START--
INFO: Run ContentReplace Behavior [ RunTime:0.074480s ]
INFO: Run TokenBuild Behavior [ RunTime:0.025262s ]
INFO: Run WriteHtmlCache Behavior [ RunTime:0.063384s ]
INFO: Run ShowRuntime Behavior [ RunTime:0.108885s ]
INFO: [ view_filter ] --END-- [ RunTime:0.272301s ]
INFO: [ view_end ] --START--

[ 2013-03-28T22:06:53+08:00 ] 127.0.0.1 /tiaozao/htm/
INFO: [ app_begin ] --START--
INFO: Run ReadHtmlCache Behavior [ RunTime:0.000953s ]
INFO: [ app_begin ] --END-- [ RunTime:0.001054s ]
INFO: [ view_template ] --START--
INFO: Run LocationTemplate Behavior [ RunTime:0.000773s ]
INFO: [ view_template ] --END-- [ RunTime:0.000860s ]
INFO: [ view_parse ] --START--
INFO: Run ParseTemplate Behavior [ RunTime:0.011768s ]
INFO: [ view_parse ] --END-- [ RunTime:0.011858s ]
INFO: [ view_filter ] --START--
INFO: Run ContentReplace Behavior [ RunTime:0.000929s ]
INFO: Run TokenBuild Behavior [ RunTime:0.000757s ]
INFO: Run WriteHtmlCache Behavior [ RunTime:0.000546s ]
INFO: Run ShowRuntime Behavior [ RunTime:0.000748s ]
INFO: [ view_filter ] --END-- [ RunTime:0.003159s ]
INFO: [ view_end ] --START--

[ 2013-03-28T22:07:13+08:00 ] 127.0.0.1 /tiaozao/htm/
INFO: [ app_begin ] --START--
INFO: Run ReadHtmlCache Behavior [ RunTime:0.001184s ]
INFO: [ app_begin ] --END-- [ RunTime:0.001287s ]
INFO: [ view_template ] --START--
INFO: Run LocationTemplate Behavior [ RunTime:0.001829s ]
INFO: [ view_template ] --END-- [ RunTime:0.001918s ]
INFO: [ view_parse ] --START--
INFO: Run ParseTemplate Behavior [ RunTime:0.012765s ]
INFO: [ view_parse ] --END-- [ RunTime:0.012847s ]
INFO: [ view_filter ] --START--
INFO: Run ContentReplace Behavior [ RunTime:0.001419s ]
INFO: Run TokenBuild Behavior [ RunTime:0.002012s ]
INFO: Run WriteHtmlCache Behavior [ RunTime:0.000957s ]
INFO: Run ShowRuntime Behavior [ RunTime:0.001179s ]
INFO: [ view_filter ] --END-- [ RunTime:0.005799s ]
INFO: [ view_end ] --START--

[ 2013-03-28T22:25:04+08:00 ] 127.0.0.1 /tiaozao/htm/
INFO: [ app_begin ] --START--
INFO: Run ReadHtmlCache Behavior [ RunTime:0.001569s ]
INFO: [ app_begin ] --END-- [ RunTime:0.001672s ]
INFO: [ view_template ] --START--
INFO: Run LocationTemplate Behavior [ RunTime:0.002149s ]
INFO: [ view_template ] --END-- [ RunTime:0.002250s ]
INFO: [ view_parse ] --START--
INFO: Run ParseTemplate Behavior [ RunTime:0.019115s ]
INFO: [ view_parse ] --END-- [ RunTime:0.019205s ]
INFO: [ view_filter ] --START--
INFO: Run ContentReplace Behavior [ RunTime:0.024400s ]
INFO: Run TokenBuild Behavior [ RunTime:0.001400s ]
INFO: Run WriteHtmlCache Behavior [ RunTime:0.001184s ]
INFO: Run ShowRuntime Behavior [ RunTime:0.001395s ]
INFO: [ view_filter ] --END-- [ RunTime:0.028619s ]
INFO: [ view_end ] --START--

[ 2013-03-28T22:25:15+08:00 ] 127.0.0.1 /tiaozao/htm/
INFO: [ app_begin ] --START--
INFO: Run ReadHtmlCache Behavior [ RunTime:0.001435s ]
INFO: [ app_begin ] --END-- [ RunTime:0.001562s ]
INFO: [ view_template ] --START--
INFO: Run LocationTemplate Behavior [ RunTime:0.001640s ]
INFO: [ view_template ] --END-- [ RunTime:0.001735s ]
INFO: [ view_parse ] --START--
INFO: Run ParseTemplate Behavior [ RunTime:0.017975s ]
INFO: [ view_parse ] --END-- [ RunTime:0.023473s ]
INFO: [ view_filter ] --START--
INFO: Run ContentReplace Behavior [ RunTime:0.001263s ]
INFO: Run TokenBuild Behavior [ RunTime:0.001083s ]
INFO: Run WriteHtmlCache Behavior [ RunTime:0.000731s ]
INFO: Run ShowRuntime Behavior [ RunTime:0.001390s ]
INFO: [ view_filter ] --END-- [ RunTime:0.004684s ]
INFO: [ view_end ] --START--

[ 2013-03-28T22:25:26+08:00 ] 127.0.0.1 /tiaozao/htm/
INFO: [ app_begin ] --START--
INFO: Run ReadHtmlCache Behavior [ RunTime:0.001255s ]
INFO: [ app_begin ] --END-- [ RunTime:0.001370s ]
INFO: [ view_template ] --START--
INFO: Run LocationTemplate Behavior [ RunTime:0.002200s ]
INFO: [ view_template ] --END-- [ RunTime:0.002304s ]
INFO: [ view_parse ] --START--
INFO: Run ParseTemplate Behavior [ RunTime:0.017945s ]
INFO: [ view_parse ] --END-- [ RunTime:0.018032s ]
INFO: [ view_filter ] --START--
INFO: Run ContentReplace Behavior [ RunTime:0.001039s ]
INFO: Run TokenBuild Behavior [ RunTime:0.000904s ]
INFO: Run WriteHtmlCache Behavior [ RunTime:0.000775s ]
INFO: Run ShowRuntime Behavior [ RunTime:0.001183s ]
INFO: [ view_filter ] --END-- [ RunTime:0.004081s ]
INFO: [ view_end ] --START--

[ 2013-03-28T22:36:35+08:00 ] 127.0.0.1 /tiaozao/htm/
INFO: [ app_begin ] --START--
INFO: Run ReadHtmlCache Behavior [ RunTime:0.001362s ]
INFO: [ app_begin ] --END-- [ RunTime:0.001458s ]
INFO: [ view_template ] --START--
INFO: Run LocationTemplate Behavior [ RunTime:0.001594s ]
INFO: [ view_template ] --END-- [ RunTime:0.001698s ]
INFO: [ view_parse ] --START--
INFO: Run ParseTemplate Behavior [ RunTime:0.017974s ]
INFO: [ view_parse ] --END-- [ RunTime:0.018072s ]
INFO: [ view_filter ] --START--
INFO: Run ContentReplace Behavior [ RunTime:0.001530s ]
INFO: Run TokenBuild Behavior [ RunTime:0.001465s ]
INFO: Run WriteHtmlCache Behavior [ RunTime:0.000975s ]
INFO: Run ShowRuntime Behavior [ RunTime:0.001181s ]
INFO: [ view_filter ] --END-- [ RunTime:0.042058s ]
INFO: [ view_end ] --START--

[ 2013-03-28T22:38:28+08:00 ] 127.0.0.1 /tiaozao/htm/
INFO: [ app_begin ] --START--
INFO: Run ReadHtmlCache Behavior [ RunTime:0.001263s ]
INFO: [ app_begin ] --END-- [ RunTime:0.001359s ]
INFO: [ view_template ] --START--
INFO: Run LocationTemplate Behavior [ RunTime:0.001933s ]
INFO: [ view_template ] --END-- [ RunTime:0.002006s ]
INFO: [ view_parse ] --START--
INFO: Run ParseTemplate Behavior [ RunTime:0.017789s ]
INFO: [ view_parse ] --END-- [ RunTime:0.017884s ]
INFO: [ view_filter ] --START--
INFO: Run ContentReplace Behavior [ RunTime:0.001332s ]
INFO: Run TokenBuild Behavior [ RunTime:0.001110s ]
INFO: Run WriteHtmlCache Behavior [ RunTime:0.000993s ]
INFO: Run ShowRuntime Behavior [ RunTime:0.001074s ]
INFO: [ view_filter ] --END-- [ RunTime:0.004717s ]
INFO: [ view_end ] --START--

[ 2013-03-28T22:42:27+08:00 ] 127.0.0.1 /tiaozao/htm/
INFO: [ app_begin ] --START--
INFO: Run ReadHtmlCache Behavior [ RunTime:0.002606s ]
INFO: [ app_begin ] --END-- [ RunTime:0.002721s ]
INFO: [ view_template ] --START--
INFO: Run LocationTemplate Behavior [ RunTime:0.001496s ]
INFO: [ view_template ] --END-- [ RunTime:0.001577s ]
INFO: [ view_parse ] --START--
INFO: Run ParseTemplate Behavior [ RunTime:0.013220s ]
INFO: [ view_parse ] --END-- [ RunTime:0.013306s ]
INFO: [ view_filter ] --START--
INFO: Run ContentReplace Behavior [ RunTime:0.000892s ]
INFO: Run TokenBuild Behavior [ RunTime:0.000792s ]
INFO: Run WriteHtmlCache Behavior [ RunTime:0.000653s ]
INFO: Run ShowRuntime Behavior [ RunTime:0.000888s ]
INFO: [ view_filter ] --END-- [ RunTime:0.003393s ]
INFO: [ view_end ] --START--

[ 2013-03-28T22:43:30+08:00 ] 127.0.0.1 /tiaozao/htm/
INFO: [ app_begin ] --START--
INFO: Run ReadHtmlCache Behavior [ RunTime:0.001066s ]
INFO: [ app_begin ] --END-- [ RunTime:0.001165s ]
INFO: [ view_template ] --START--
INFO: Run LocationTemplate Behavior [ RunTime:0.000814s ]
INFO: [ view_template ] --END-- [ RunTime:0.000908s ]
INFO: [ view_parse ] --START--
INFO: Run ParseTemplate Behavior [ RunTime:0.012197s ]
INFO: [ view_parse ] --END-- [ RunTime:0.012285s ]
INFO: [ view_filter ] --START--
INFO: Run ContentReplace Behavior [ RunTime:0.000735s ]
INFO: Run TokenBuild Behavior [ RunTime:0.000645s ]
INFO: Run WriteHtmlCache Behavior [ RunTime:0.000571s ]
INFO: Run ShowRuntime Behavior [ RunTime:0.000750s ]
INFO: [ view_filter ] --END-- [ RunTime:0.002869s ]
INFO: [ view_end ] --START--

[ 2013-03-28T22:43:51+08:00 ] 127.0.0.1 /tiaozao/htm/
INFO: [ app_begin ] --START--
INFO: Run ReadHtmlCache Behavior [ RunTime:0.001092s ]
INFO: [ app_begin ] --END-- [ RunTime:0.001177s ]
INFO: [ view_template ] --START--
INFO: Run LocationTemplate Behavior [ RunTime:0.002133s ]
INFO: [ view_template ] --END-- [ RunTime:0.002219s ]
INFO: [ view_parse ] --START--
INFO: Run ParseTemplate Behavior [ RunTime:0.018315s ]
INFO: [ view_parse ] --END-- [ RunTime:0.018425s ]
INFO: [ view_filter ] --START--
INFO: Run ContentReplace Behavior [ RunTime:0.001226s ]
INFO: Run TokenBuild Behavior [ RunTime:0.001121s ]
INFO: Run WriteHtmlCache Behavior [ RunTime:0.000877s ]
INFO: Run ShowRuntime Behavior [ RunTime:0.001032s ]
INFO: [ view_filter ] --END-- [ RunTime:0.004465s ]
INFO: [ view_end ] --START--

[ 2013-03-28T22:44:03+08:00 ] 127.0.0.1 /tiaozao/htm/
INFO: [ app_begin ] --START--
INFO: Run ReadHtmlCache Behavior [ RunTime:0.000979s ]
INFO: [ app_begin ] --END-- [ RunTime:0.001078s ]
INFO: [ view_template ] --START--
INFO: Run LocationTemplate Behavior [ RunTime:0.000826s ]
INFO: [ view_template ] --END-- [ RunTime:0.000914s ]
INFO: [ view_parse ] --START--
INFO: Run ParseTemplate Behavior [ RunTime:0.013926s ]
INFO: [ view_parse ] --END-- [ RunTime:0.014039s ]
INFO: [ view_filter ] --START--
INFO: Run ContentReplace Behavior [ RunTime:0.000938s ]
INFO: Run TokenBuild Behavior [ RunTime:0.000831s ]
INFO: Run WriteHtmlCache Behavior [ RunTime:0.000668s ]
INFO: Run ShowRuntime Behavior [ RunTime:0.000827s ]
INFO: [ view_filter ] --END-- [ RunTime:0.003466s ]
INFO: [ view_end ] --START--

[ 2013-03-28T22:45:08+08:00 ] 127.0.0.1 /tiaozao/htm/
INFO: [ app_begin ] --START--
INFO: Run ReadHtmlCache Behavior [ RunTime:0.001121s ]
INFO: [ app_begin ] --END-- [ RunTime:0.001213s ]
INFO: [ view_template ] --START--
INFO: Run LocationTemplate Behavior [ RunTime:0.001689s ]
INFO: [ view_template ] --END-- [ RunTime:0.001788s ]
INFO: [ view_parse ] --START--
INFO: Run ParseTemplate Behavior [ RunTime:0.013545s ]
INFO: [ view_parse ] --END-- [ RunTime:0.013626s ]
INFO: [ view_filter ] --START--
INFO: Run ContentReplace Behavior [ RunTime:0.000890s ]
INFO: Run TokenBuild Behavior [ RunTime:0.000809s ]
INFO: Run WriteHtmlCache Behavior [ RunTime:0.000660s ]
INFO: Run ShowRuntime Behavior [ RunTime:0.001048s ]
INFO: [ view_filter ] --END-- [ RunTime:0.003590s ]
INFO: [ view_end ] --START--

[ 2013-03-28T22:46:10+08:00 ] 127.0.0.1 /tiaozao/htm/
INFO: [ app_begin ] --START--
INFO: Run ReadHtmlCache Behavior [ RunTime:0.001251s ]
INFO: [ app_begin ] --END-- [ RunTime:0.001347s ]
INFO: [ view_template ] --START--
INFO: Run LocationTemplate Behavior [ RunTime:0.006481s ]
INFO: [ view_template ] --END-- [ RunTime:0.006604s ]
INFO: [ view_parse ] --START--
INFO: Run ParseTemplate Behavior [ RunTime:0.015125s ]
INFO: [ view_parse ] --END-- [ RunTime:0.015209s ]
INFO: [ view_filter ] --START--
INFO: Run ContentReplace Behavior [ RunTime:0.001029s ]
INFO: Run TokenBuild Behavior [ RunTime:0.000954s ]
INFO: Run WriteHtmlCache Behavior [ RunTime:0.000940s ]
INFO: Run ShowRuntime Behavior [ RunTime:0.002599s ]
INFO: [ view_filter ] --END-- [ RunTime:0.005841s ]
INFO: [ view_end ] --START--

[ 2013-03-28T22:46:20+08:00 ] 127.0.0.1 /tiaozao/htm/
INFO: [ app_begin ] --START--
INFO: Run ReadHtmlCache Behavior [ RunTime:0.001279s ]
INFO: [ app_begin ] --END-- [ RunTime:0.001382s ]
INFO: [ view_template ] --START--
INFO: Run LocationTemplate Behavior [ RunTime:0.002217s ]
INFO: [ view_template ] --END-- [ RunTime:0.002320s ]
INFO: [ view_parse ] --START--
INFO: Run ParseTemplate Behavior [ RunTime:0.014570s ]
INFO: [ view_parse ] --END-- [ RunTime:0.014653s ]
INFO: [ view_filter ] --START--
INFO: Run ContentReplace Behavior [ RunTime:0.001196s ]
INFO: Run TokenBuild Behavior [ RunTime:0.000925s ]
INFO: Run WriteHtmlCache Behavior [ RunTime:0.001257s ]
INFO: Run ShowRuntime Behavior [ RunTime:0.001375s ]
INFO: [ view_filter ] --END-- [ RunTime:0.005039s ]
INFO: [ view_end ] --START--

[ 2013-03-28T22:46:52+08:00 ] 127.0.0.1 /tiaozao/htm/
INFO: [ app_begin ] --START--
INFO: Run ReadHtmlCache Behavior [ RunTime:0.000983s ]
INFO: [ app_begin ] --END-- [ RunTime:0.001072s ]
INFO: [ view_template ] --START--
INFO: Run LocationTemplate Behavior [ RunTime:0.000744s ]
INFO: [ view_template ] --END-- [ RunTime:0.000993s ]
INFO: [ view_parse ] --START--
INFO: Run ParseTemplate Behavior [ RunTime:0.014853s ]
INFO: [ view_parse ] --END-- [ RunTime:0.014964s ]
INFO: [ view_filter ] --START--
INFO: Run ContentReplace Behavior [ RunTime:0.000926s ]
INFO: Run TokenBuild Behavior [ RunTime:0.000901s ]
INFO: Run WriteHtmlCache Behavior [ RunTime:0.000618s ]
INFO: Run ShowRuntime Behavior [ RunTime:0.001278s ]
INFO: [ view_filter ] --END-- [ RunTime:0.003925s ]
INFO: [ view_end ] --START--

[ 2013-03-28T22:47:01+08:00 ] 127.0.0.1 /tiaozao/htm/
INFO: [ app_begin ] --START--
INFO: Run ReadHtmlCache Behavior [ RunTime:0.002074s ]
INFO: [ app_begin ] --END-- [ RunTime:0.002176s ]
INFO: [ view_template ] --START--
INFO: Run LocationTemplate Behavior [ RunTime:0.002026s ]
INFO: [ view_template ] --END-- [ RunTime:0.002114s ]
INFO: [ view_parse ] --START--
INFO: Run ParseTemplate Behavior [ RunTime:0.016027s ]
INFO: [ view_parse ] --END-- [ RunTime:0.016114s ]
INFO: [ view_filter ] --START--
INFO: Run ContentReplace Behavior [ RunTime:0.001048s ]
INFO: Run TokenBuild Behavior [ RunTime:0.001153s ]
INFO: Run WriteHtmlCache Behavior [ RunTime:0.000937s ]
INFO: Run ShowRuntime Behavior [ RunTime:0.001167s ]
INFO: [ view_filter ] --END-- [ RunTime:0.004534s ]
INFO: [ view_end ] --START--

[ 2013-03-28T22:47:18+08:00 ] 127.0.0.1 /tiaozao/htm/
INFO: [ app_begin ] --START--
INFO: Run ReadHtmlCache Behavior [ RunTime:0.001201s ]
INFO: [ app_begin ] --END-- [ RunTime:0.001297s ]
INFO: [ view_template ] --START--
INFO: Run LocationTemplate Behavior [ RunTime:0.001625s ]
INFO: [ view_template ] --END-- [ RunTime:0.001723s ]
INFO: [ view_parse ] --START--
INFO: Run ParseTemplate Behavior [ RunTime:0.014284s ]
INFO: [ view_parse ] --END-- [ RunTime:0.014375s ]
INFO: [ view_filter ] --START--
INFO: Run ContentReplace Behavior [ RunTime:0.000979s ]
INFO: Run TokenBuild Behavior [ RunTime:0.000804s ]
INFO: Run WriteHtmlCache Behavior [ RunTime:0.000665s ]
INFO: Run ShowRuntime Behavior [ RunTime:0.000880s ]
INFO: [ view_filter ] --END-- [ RunTime:0.003500s ]
INFO: [ view_end ] --START--

[ 2013-03-28T22:47:20+08:00 ] 127.0.0.1 /tiaozao/htm/
INFO: [ app_begin ] --START--
INFO: Run ReadHtmlCache Behavior [ RunTime:0.000965s ]
INFO: [ app_begin ] --END-- [ RunTime:0.001060s ]
INFO: [ view_template ] --START--
INFO: Run LocationTemplate Behavior [ RunTime:0.000751s ]
INFO: [ view_template ] --END-- [ RunTime:0.000832s ]
INFO: [ view_parse ] --START--
INFO: Run ParseTemplate Behavior [ RunTime:0.012156s ]
INFO: [ view_parse ] --END-- [ RunTime:0.012249s ]
INFO: [ view_filter ] --START--
INFO: Run ContentReplace Behavior [ RunTime:0.000766s ]
INFO: Run TokenBuild Behavior [ RunTime:0.000647s ]
INFO: Run WriteHtmlCache Behavior [ RunTime:0.000509s ]
INFO: Run ShowRuntime Behavior [ RunTime:0.001061s ]
INFO: [ view_filter ] --END-- [ RunTime:0.003163s ]
INFO: [ view_end ] --START--

[ 2013-03-28T22:47:30+08:00 ] 127.0.0.1 /tiaozao/htm/
INFO: [ app_begin ] --START--
INFO: Run ReadHtmlCache Behavior [ RunTime:0.001253s ]
INFO: [ app_begin ] --END-- [ RunTime:0.001390s ]
INFO: [ view_template ] --START--
INFO: Run LocationTemplate Behavior [ RunTime:0.001771s ]
INFO: [ view_template ] --END-- [ RunTime:0.001866s ]
INFO: [ view_parse ] --START--
INFO: Run ParseTemplate Behavior [ RunTime:0.017894s ]
INFO: [ view_parse ] --END-- [ RunTime:0.017985s ]
INFO: [ view_filter ] --START--
INFO: Run ContentReplace Behavior [ RunTime:0.001162s ]
INFO: Run TokenBuild Behavior [ RunTime:0.000971s ]
INFO: Run WriteHtmlCache Behavior [ RunTime:0.000746s ]
INFO: Run ShowRuntime Behavior [ RunTime:0.001032s ]
INFO: [ view_filter ] --END-- [ RunTime:0.004097s ]
INFO: [ view_end ] --START--

[ 2013-03-28T22:48:20+08:00 ] 127.0.0.1 /tiaozao/htm/
INFO: [ app_begin ] --START--
INFO: Run ReadHtmlCache Behavior [ RunTime:0.000830s ]
INFO: [ app_begin ] --END-- [ RunTime:0.000934s ]
INFO: [ view_template ] --START--
INFO: Run LocationTemplate Behavior [ RunTime:0.000768s ]
INFO: [ view_template ] --END-- [ RunTime:0.000865s ]
INFO: [ view_parse ] --START--
INFO: Run ParseTemplate Behavior [ RunTime:0.017258s ]
INFO: [ view_parse ] --END-- [ RunTime:0.017354s ]
INFO: [ view_filter ] --START--
INFO: Run ContentReplace Behavior [ RunTime:0.000993s ]
INFO: Run TokenBuild Behavior [ RunTime:0.000771s ]
INFO: Run WriteHtmlCache Behavior [ RunTime:0.000606s ]
INFO: Run ShowRuntime Behavior [ RunTime:0.001249s ]
INFO: [ view_filter ] --END-- [ RunTime:0.003829s ]
INFO: [ view_end ] --START--

[ 2013-03-28T22:48:30+08:00 ] 127.0.0.1 /tiaozao/htm/
INFO: [ app_begin ] --START--
INFO: Run ReadHtmlCache Behavior [ RunTime:0.001163s ]
INFO: [ app_begin ] --END-- [ RunTime:0.001246s ]
INFO: [ view_template ] --START--
INFO: Run LocationTemplate Behavior [ RunTime:0.001922s ]
INFO: [ view_template ] --END-- [ RunTime:0.002005s ]
INFO: [ view_parse ] --START--
INFO: Run ParseTemplate Behavior [ RunTime:0.018012s ]
INFO: [ view_parse ] --END-- [ RunTime:0.018148s ]
INFO: [ view_filter ] --START--
INFO: Run ContentReplace Behavior [ RunTime:0.001066s ]
INFO: Run TokenBuild Behavior [ RunTime:0.000961s ]
INFO: Run WriteHtmlCache Behavior [ RunTime:0.001751s ]
INFO: Run ShowRuntime Behavior [ RunTime:0.001314s ]
INFO: [ view_filter ] --END-- [ RunTime:0.006436s ]
INFO: [ view_end ] --START--

[ 2013-03-28T22:49:04+08:00 ] 127.0.0.1 /tiaozao/htm/
INFO: [ app_begin ] --START--
INFO: Run ReadHtmlCache Behavior [ RunTime:0.001221s ]
INFO: [ app_begin ] --END-- [ RunTime:0.001322s ]
INFO: [ view_template ] --START--
INFO: Run LocationTemplate Behavior [ RunTime:0.001585s ]
INFO: [ view_template ] --END-- [ RunTime:0.001682s ]
INFO: [ view_parse ] --START--
INFO: Run ParseTemplate Behavior [ RunTime:0.013398s ]
INFO: [ view_parse ] --END-- [ RunTime:0.013487s ]
INFO: [ view_filter ] --START--
INFO: Run ContentReplace Behavior [ RunTime:0.001122s ]
INFO: Run TokenBuild Behavior [ RunTime:0.000832s ]
INFO: Run WriteHtmlCache Behavior [ RunTime:0.000784s ]
INFO: Run ShowRuntime Behavior [ RunTime:0.001257s ]
INFO: [ view_filter ] --END-- [ RunTime:0.004205s ]
INFO: [ view_end ] --START--

[ 2013-03-28T22:49:55+08:00 ] 127.0.0.1 /tiaozao/htm/
INFO: [ app_begin ] --START--
INFO: Run ReadHtmlCache Behavior [ RunTime:0.001146s ]
INFO: [ app_begin ] --END-- [ RunTime:0.001248s ]
INFO: [ view_template ] --START--
INFO: Run LocationTemplate Behavior [ RunTime:0.001959s ]
INFO: [ view_template ] --END-- [ RunTime:0.002051s ]
INFO: [ view_parse ] --START--
INFO: Run ParseTemplate Behavior [ RunTime:0.064552s ]
INFO: [ view_parse ] --END-- [ RunTime:0.064641s ]
INFO: [ view_filter ] --START--
INFO: Run ContentReplace Behavior [ RunTime:0.003453s ]
INFO: Run TokenBuild Behavior [ RunTime:0.001154s ]
INFO: Run WriteHtmlCache Behavior [ RunTime:0.000782s ]
INFO: Run ShowRuntime Behavior [ RunTime:0.001085s ]
INFO: [ view_filter ] --END-- [ RunTime:0.006697s ]
INFO: [ view_end ] --START--

[ 2013-03-28T22:50:04+08:00 ] 127.0.0.1 /tiaozao/htm/
INFO: [ app_begin ] --START--
INFO: Run ReadHtmlCache Behavior [ RunTime:0.001232s ]
INFO: [ app_begin ] --END-- [ RunTime:0.001331s ]
INFO: [ view_template ] --START--
INFO: Run LocationTemplate Behavior [ RunTime:0.001711s ]
INFO: [ view_template ] --END-- [ RunTime:0.001813s ]
INFO: [ view_parse ] --START--
INFO: Run ParseTemplate Behavior [ RunTime:0.016499s ]
INFO: [ view_parse ] --END-- [ RunTime:0.016590s ]
INFO: [ view_filter ] --START--
INFO: Run ContentReplace Behavior [ RunTime:0.000898s ]
INFO: Run TokenBuild Behavior [ RunTime:0.000818s ]
INFO: Run WriteHtmlCache Behavior [ RunTime:0.000718s ]
INFO: Run ShowRuntime Behavior [ RunTime:0.000889s ]
INFO: [ view_filter ] --END-- [ RunTime:0.003497s ]
INFO: [ view_end ] --START--

[ 2013-03-28T22:50:26+08:00 ] 127.0.0.1 /tiaozao/htm/
INFO: [ app_begin ] --START--
INFO: Run ReadHtmlCache Behavior [ RunTime:0.001142s ]
INFO: [ app_begin ] --END-- [ RunTime:0.001248s ]
INFO: [ view_template ] --START--
INFO: Run LocationTemplate Behavior [ RunTime:0.001820s ]
INFO: [ view_template ] --END-- [ RunTime:0.002028s ]
INFO: [ view_parse ] --START--
INFO: Run ParseTemplate Behavior [ RunTime:0.023274s ]
INFO: [ view_parse ] --END-- [ RunTime:0.023409s ]
INFO: [ view_filter ] --START--
INFO: Run ContentReplace Behavior [ RunTime:0.001282s ]
INFO: Run TokenBuild Behavior [ RunTime:0.001380s ]
INFO: Run WriteHtmlCache Behavior [ RunTime:0.001144s ]
INFO: Run ShowRuntime Behavior [ RunTime:0.001082s ]
INFO: [ view_filter ] --END-- [ RunTime:0.005106s ]
INFO: [ view_end ] --START--

[ 2013-03-28T22:52:47+08:00 ] 127.0.0.1 /tiaozao/htm/
INFO: [ app_begin ] --START--
INFO: Run ReadHtmlCache Behavior [ RunTime:0.001285s ]
INFO: [ app_begin ] --END-- [ RunTime:0.001390s ]
INFO: [ view_template ] --START--
INFO: Run LocationTemplate Behavior [ RunTime:0.001621s ]
INFO: [ view_template ] --END-- [ RunTime:0.001714s ]
INFO: [ view_parse ] --START--
INFO: Run ParseTemplate Behavior [ RunTime:0.014876s ]
INFO: [ view_parse ] --END-- [ RunTime:0.014963s ]
INFO: [ view_filter ] --START--
INFO: Run ContentReplace Behavior [ RunTime:0.000997s ]
INFO: Run TokenBuild Behavior [ RunTime:0.000846s ]
INFO: Run WriteHtmlCache Behavior [ RunTime:0.000675s ]
INFO: Run ShowRuntime Behavior [ RunTime:0.000976s ]
INFO: [ view_filter ] --END-- [ RunTime:0.003668s ]
INFO: [ view_end ] --START--

[ 2013-03-28T22:53:52+08:00 ] 127.0.0.1 /tiaozao/htm/
INFO: [ app_begin ] --START--
INFO: Run ReadHtmlCache Behavior [ RunTime:0.001281s ]
INFO: [ app_begin ] --END-- [ RunTime:0.001378s ]
INFO: [ view_template ] --START--
INFO: Run LocationTemplate Behavior [ RunTime:0.002184s ]
INFO: [ view_template ] --END-- [ RunTime:0.002283s ]
INFO: [ view_parse ] --START--
INFO: Run ParseTemplate Behavior [ RunTime:0.013937s ]
INFO: [ view_parse ] --END-- [ RunTime:0.014024s ]
INFO: [ view_filter ] --START--
INFO: Run ContentReplace Behavior [ RunTime:0.000921s ]
INFO: Run TokenBuild Behavior [ RunTime:0.001010s ]
INFO: Run WriteHtmlCache Behavior [ RunTime:0.000751s ]
INFO: Run ShowRuntime Behavior [ RunTime:0.001158s ]
INFO: [ view_filter ] --END-- [ RunTime:0.004045s ]
INFO: [ view_end ] --START--

[ 2013-03-28T22:58:23+08:00 ] 127.0.0.1 /tiaozao/htm/
INFO: [ app_begin ] --START--
INFO: Run ReadHtmlCache Behavior [ RunTime:0.001185s ]
INFO: [ app_begin ] --END-- [ RunTime:0.001279s ]
INFO: [ view_template ] --START--
INFO: Run LocationTemplate Behavior [ RunTime:0.001645s ]
INFO: [ view_template ] --END-- [ RunTime:0.001741s ]
INFO: [ view_parse ] --START--
INFO: Run ParseTemplate Behavior [ RunTime:0.013995s ]
INFO: [ view_parse ] --END-- [ RunTime:0.014083s ]
INFO: [ view_filter ] --START--
INFO: Run ContentReplace Behavior [ RunTime:0.001055s ]
INFO: Run TokenBuild Behavior [ RunTime:0.000847s ]
INFO: Run WriteHtmlCache Behavior [ RunTime:0.000683s ]
INFO: Run ShowRuntime Behavior [ RunTime:0.000892s ]
INFO: [ view_filter ] --END-- [ RunTime:0.003647s ]
INFO: [ view_end ] --START--

[ 2013-03-28T22:58:27+08:00 ] 127.0.0.1 /tiaozao/htm/?queryType=&queryStr=
INFO: [ app_begin ] --START--
INFO: Run ReadHtmlCache Behavior [ RunTime:0.001324s ]
INFO: [ app_begin ] --END-- [ RunTime:0.001426s ]
INFO: [ view_template ] --START--
INFO: Run LocationTemplate Behavior [ RunTime:0.000677s ]
INFO: [ view_template ] --END-- [ RunTime:0.000751s ]
INFO: [ view_parse ] --START--
INFO: Run ParseTemplate Behavior [ RunTime:0.014617s ]
INFO: [ view_parse ] --END-- [ RunTime:0.014724s ]
INFO: [ view_filter ] --START--
INFO: Run ContentReplace Behavior [ RunTime:0.001313s ]
INFO: Run TokenBuild Behavior [ RunTime:0.000771s ]
INFO: Run WriteHtmlCache Behavior [ RunTime:0.000536s ]
INFO: Run ShowRuntime Behavior [ RunTime:0.000732s ]
INFO: [ view_filter ] --END-- [ RunTime:0.003534s ]
INFO: [ view_end ] --START--

[ 2013-03-28T22:58:27+08:00 ] 127.0.0.1 /tiaozao/htm/?queryType=&queryStr=resource/home/default/css/bootstrap.css
INFO: [ app_begin ] --START--
INFO: Run ReadHtmlCache Behavior [ RunTime:0.001090s ]
INFO: [ app_begin ] --END-- [ RunTime:0.001184s ]
INFO: [ view_template ] --START--
INFO: Run LocationTemplate Behavior [ RunTime:0.003661s ]
INFO: [ view_template ] --END-- [ RunTime:0.004333s ]
INFO: [ view_parse ] --START--
INFO: Run ParseTemplate Behavior [ RunTime:0.029074s ]
INFO: [ view_parse ] --END-- [ RunTime:0.029182s ]
INFO: [ view_filter ] --START--
INFO: Run ContentReplace Behavior [ RunTime:0.001042s ]
INFO: Run TokenBuild Behavior [ RunTime:0.001229s ]
INFO: Run WriteHtmlCache Behavior [ RunTime:0.001037s ]
INFO: Run ShowRuntime Behavior [ RunTime:0.000798s ]
INFO: [ view_filter ] --END-- [ RunTime:0.004320s ]
INFO: [ view_end ] --START--

[ 2013-03-28T22:58:28+08:00 ] 127.0.0.1 /tiaozao/htm/?queryType=&queryStr=resource/home/default/js/bootstrap.js
INFO: [ app_begin ] --START--
INFO: Run ReadHtmlCache Behavior [ RunTime:0.001271s ]
INFO: [ app_begin ] --END-- [ RunTime:0.001368s ]
INFO: [ view_template ] --START--
INFO: Run LocationTemplate Behavior [ RunTime:0.001983s ]
INFO: [ view_template ] --END-- [ RunTime:0.002114s ]
INFO: [ view_parse ] --START--
INFO: Run ParseTemplate Behavior [ RunTime:0.024259s ]
INFO: [ view_parse ] --END-- [ RunTime:0.024354s ]
INFO: [ view_filter ] --START--
INFO: Run ContentReplace Behavior [ RunTime:0.001346s ]
INFO: Run TokenBuild Behavior [ RunTime:0.001190s ]
INFO: Run WriteHtmlCache Behavior [ RunTime:0.000874s ]
INFO: Run ShowRuntime Behavior [ RunTime:0.001211s ]
INFO: [ view_filter ] --END-- [ RunTime:0.004828s ]
INFO: [ view_end ] --START--

[ 2013-03-28T22:58:48+08:00 ] 127.0.0.1 /tiaozao/htm/
INFO: [ app_begin ] --START--
INFO: Run ReadHtmlCache Behavior [ RunTime:0.001608s ]
INFO: [ app_begin ] --END-- [ RunTime:0.001720s ]
INFO: [ view_template ] --START--
INFO: Run LocationTemplate Behavior [ RunTime:0.001571s ]
INFO: [ view_template ] --END-- [ RunTime:0.001655s ]
INFO: [ view_parse ] --START--
INFO: Run ParseTemplate Behavior [ RunTime:0.014645s ]
INFO: [ view_parse ] --END-- [ RunTime:0.014744s ]
INFO: [ view_filter ] --START--
INFO: Run ContentReplace Behavior [ RunTime:0.001023s ]
INFO: Run TokenBuild Behavior [ RunTime:0.000891s ]
INFO: Run WriteHtmlCache Behavior [ RunTime:0.000681s ]
INFO: Run ShowRuntime Behavior [ RunTime:0.000887s ]
INFO: [ view_filter ] --END-- [ RunTime:0.003673s ]
INFO: [ view_end ] --START--

[ 2013-03-28T22:58:59+08:00 ] 127.0.0.1 /tiaozao/htm/
INFO: [ app_begin ] --START--
INFO: Run ReadHtmlCache Behavior [ RunTime:0.000923s ]
INFO: [ app_begin ] --END-- [ RunTime:0.001018s ]
INFO: [ view_template ] --START--
INFO: Run LocationTemplate Behavior [ RunTime:0.002409s ]
INFO: [ view_template ] --END-- [ RunTime:0.002501s ]
INFO: [ view_parse ] --START--
INFO: Run ParseTemplate Behavior [ RunTime:0.012591s ]
INFO: [ view_parse ] --END-- [ RunTime:0.012688s ]
INFO: [ view_filter ] --START--
INFO: Run ContentReplace Behavior [ RunTime:0.000737s ]
INFO: Run TokenBuild Behavior [ RunTime:0.000642s ]
INFO: Run WriteHtmlCache Behavior [ RunTime:0.000521s ]
INFO: Run ShowRuntime Behavior [ RunTime:0.000726s ]
INFO: [ view_filter ] --END-- [ RunTime:0.002791s ]
INFO: [ view_end ] --START--

[ 2013-03-28T22:59:22+08:00 ] 127.0.0.1 /tiaozao/htm/?queryType=&queryStr=
INFO: [ app_begin ] --START--
INFO: Run ReadHtmlCache Behavior [ RunTime:0.001069s ]
INFO: [ app_begin ] --END-- [ RunTime:0.001194s ]
INFO: [ view_template ] --START--
INFO: Run LocationTemplate Behavior [ RunTime:0.000880s ]
INFO: [ view_template ] --END-- [ RunTime:0.000971s ]
INFO: [ view_parse ] --START--
INFO: Run ParseTemplate Behavior [ RunTime:0.016330s ]
INFO: [ view_parse ] --END-- [ RunTime:0.016421s ]
INFO: [ view_filter ] --START--
INFO: Run ContentReplace Behavior [ RunTime:0.000824s ]
INFO: Run TokenBuild Behavior [ RunTime:0.000723s ]
INFO: Run WriteHtmlCache Behavior [ RunTime:0.002552s ]
INFO: Run ShowRuntime Behavior [ RunTime:0.001022s ]
INFO: [ view_filter ] --END-- [ RunTime:0.005407s ]
INFO: [ view_end ] --START--

[ 2013-03-28T22:59:23+08:00 ] 127.0.0.1 /tiaozao/htm/?queryType=&queryStr=resource/home/default/css/bootstrap.css
INFO: [ app_begin ] --START--
INFO: Run ReadHtmlCache Behavior [ RunTime:0.001580s ]
INFO: [ app_begin ] --END-- [ RunTime:0.001682s ]
INFO: [ view_template ] --START--
INFO: Run LocationTemplate Behavior [ RunTime:0.001063s ]
INFO: [ view_template ] --END-- [ RunTime:0.001159s ]
INFO: [ view_parse ] --START--
INFO: Run ParseTemplate Behavior [ RunTime:0.012677s ]
INFO: [ view_parse ] --END-- [ RunTime:0.012765s ]
INFO: [ view_filter ] --START--
INFO: Run ContentReplace Behavior [ RunTime:0.000761s ]
INFO: Run TokenBuild Behavior [ RunTime:0.000794s ]
INFO: Run WriteHtmlCache Behavior [ RunTime:0.000907s ]
INFO: Run ShowRuntime Behavior [ RunTime:0.000814s ]
INFO: [ view_filter ] --END-- [ RunTime:0.003580s ]
INFO: [ view_end ] --START--

[ 2013-03-28T22:59:23+08:00 ] 127.0.0.1 /tiaozao/htm/?queryType=&queryStr=resource/home/default/js/bootstrap.js
INFO: [ app_begin ] --START--
INFO: Run ReadHtmlCache Behavior [ RunTime:0.000860s ]
INFO: [ app_begin ] --END-- [ RunTime:0.000944s ]
INFO: [ view_template ] --START--
INFO: Run LocationTemplate Behavior [ RunTime:0.000810s ]
INFO: [ view_template ] --END-- [ RunTime:0.000905s ]
INFO: [ view_parse ] --START--
INFO: Run ParseTemplate Behavior [ RunTime:0.030136s ]
INFO: [ view_parse ] --END-- [ RunTime:0.030237s ]
INFO: [ view_filter ] --START--
INFO: Run ContentReplace Behavior [ RunTime:0.000876s ]
INFO: Run TokenBuild Behavior [ RunTime:0.000865s ]
INFO: Run WriteHtmlCache Behavior [ RunTime:0.010529s ]
INFO: Run ShowRuntime Behavior [ RunTime:0.003691s ]
INFO: [ view_filter ] --END-- [ RunTime:0.016227s ]
INFO: [ view_end ] --START--

[ 2013-03-28T23:07:32+08:00 ] 127.0.0.1 /tiaozao/htm/
INFO: [ app_begin ] --START--
INFO: Run ReadHtmlCache Behavior [ RunTime:0.001234s ]
INFO: [ app_begin ] --END-- [ RunTime:0.001326s ]
INFO: [ view_template ] --START--
INFO: Run LocationTemplate Behavior [ RunTime:0.001829s ]
INFO: [ view_template ] --END-- [ RunTime:0.001905s ]
INFO: [ view_parse ] --START--
INFO: Run ParseTemplate Behavior [ RunTime:0.021979s ]
INFO: [ view_parse ] --END-- [ RunTime:0.022077s ]
INFO: [ view_filter ] --START--
INFO: Run ContentReplace Behavior [ RunTime:0.003002s ]
INFO: Run TokenBuild Behavior [ RunTime:0.001226s ]
INFO: Run WriteHtmlCache Behavior [ RunTime:0.001482s ]
INFO: Run ShowRuntime Behavior [ RunTime:0.001172s ]
INFO: [ view_filter ] --END-- [ RunTime:0.007118s ]
INFO: [ view_end ] --START--

[ 2013-03-28T23:07:56+08:00 ] 127.0.0.1 /tiaozao/htm/
INFO: [ app_begin ] --START--
INFO: Run ReadHtmlCache Behavior [ RunTime:0.001127s ]
INFO: [ app_begin ] --END-- [ RunTime:0.001231s ]
INFO: [ view_template ] --START--
INFO: Run LocationTemplate Behavior [ RunTime:0.005258s ]
INFO: [ view_template ] --END-- [ RunTime:0.005349s ]
INFO: [ view_parse ] --START--
INFO: Run ParseTemplate Behavior [ RunTime:0.017057s ]
INFO: [ view_parse ] --END-- [ RunTime:0.017150s ]
INFO: [ view_filter ] --START--
INFO: Run ContentReplace Behavior [ RunTime:0.001247s ]
INFO: Run TokenBuild Behavior [ RunTime:0.001091s ]
INFO: Run WriteHtmlCache Behavior [ RunTime:0.000805s ]
INFO: Run ShowRuntime Behavior [ RunTime:0.002824s ]
INFO: [ view_filter ] --END-- [ RunTime:0.006183s ]
INFO: [ view_end ] --START--

[ 2013-03-28T23:07:57+08:00 ] 127.0.0.1 /tiaozao/htm/
INFO: [ app_begin ] --START--
INFO: Run ReadHtmlCache Behavior [ RunTime:0.001091s ]
INFO: [ app_begin ] --END-- [ RunTime:0.001187s ]
INFO: [ view_template ] --START--
INFO: Run LocationTemplate Behavior [ RunTime:0.001964s ]
INFO: [ view_template ] --END-- [ RunTime:0.002078s ]
INFO: [ view_parse ] --START--
INFO: Run ParseTemplate Behavior [ RunTime:0.018026s ]
INFO: [ view_parse ] --END-- [ RunTime:0.018113s ]
INFO: [ view_filter ] --START--
INFO: Run ContentReplace Behavior [ RunTime:0.001448s ]
INFO: Run TokenBuild Behavior [ RunTime:0.001008s ]
INFO: Run WriteHtmlCache Behavior [ RunTime:0.001233s ]
INFO: Run ShowRuntime Behavior [ RunTime:0.001103s ]
INFO: [ view_filter ] --END-- [ RunTime:0.004983s ]
INFO: [ view_end ] --START--

[ 2013-03-28T23:09:08+08:00 ] 127.0.0.1 /tiaozao/htm/
INFO: [ app_begin ] --START--
INFO: Run ReadHtmlCache Behavior [ RunTime:0.002592s ]
INFO: [ app_begin ] --END-- [ RunTime:0.002700s ]
INFO: [ view_template ] --START--
INFO: Run LocationTemplate Behavior [ RunTime:0.001793s ]
INFO: [ view_template ] --END-- [ RunTime:0.001901s ]
INFO: [ view_parse ] --START--
INFO: Run ParseTemplate Behavior [ RunTime:0.017416s ]
INFO: [ view_parse ] --END-- [ RunTime:0.017506s ]
INFO: [ view_filter ] --START--
INFO: Run ContentReplace Behavior [ RunTime:0.000977s ]
INFO: Run TokenBuild Behavior [ RunTime:0.000875s ]
INFO: Run WriteHtmlCache Behavior [ RunTime:0.000777s ]
INFO: Run ShowRuntime Behavior [ RunTime:0.000914s ]
INFO: [ view_filter ] --END-- [ RunTime:0.003741s ]
INFO: [ view_end ] --START--

[ 2013-03-28T23:09:12+08:00 ] 127.0.0.1 /tiaozao/htm/
INFO: [ app_begin ] --START--
INFO: Run ReadHtmlCache Behavior [ RunTime:0.000963s ]
INFO: [ app_begin ] --END-- [ RunTime:0.001045s ]
INFO: [ view_template ] --START--
INFO: Run LocationTemplate Behavior [ RunTime:0.001767s ]
INFO: [ view_template ] --END-- [ RunTime:0.001853s ]
INFO: [ view_parse ] --START--
INFO: Run ParseTemplate Behavior [ RunTime:0.016079s ]
INFO: [ view_parse ] --END-- [ RunTime:0.016164s ]
INFO: [ view_filter ] --START--
INFO: Run ContentReplace Behavior [ RunTime:0.001020s ]
INFO: Run TokenBuild Behavior [ RunTime:0.000980s ]
INFO: Run WriteHtmlCache Behavior [ RunTime:0.000771s ]
INFO: Run ShowRuntime Behavior [ RunTime:0.001128s ]
INFO: [ view_filter ] --END-- [ RunTime:0.004083s ]
INFO: [ view_end ] --START--

[ 2013-03-28T23:11:30+08:00 ] 127.0.0.1 /tiaozao/htm/
INFO: [ app_begin ] --START--
INFO: Run ReadHtmlCache Behavior [ RunTime:0.001198s ]
INFO: [ app_begin ] --END-- [ RunTime:0.001297s ]
INFO: [ view_template ] --START--
INFO: Run LocationTemplate Behavior [ RunTime:0.001683s ]
INFO: [ view_template ] --END-- [ RunTime:0.001783s ]
INFO: [ view_parse ] --START--
INFO: Run ParseTemplate Behavior [ RunTime:0.018120s ]
INFO: [ view_parse ] --END-- [ RunTime:0.018228s ]
INFO: [ view_filter ] --START--
INFO: Run ContentReplace Behavior [ RunTime:0.001096s ]
INFO: Run TokenBuild Behavior [ RunTime:0.000812s ]
INFO: Run WriteHtmlCache Behavior [ RunTime:0.000682s ]
INFO: Run ShowRuntime Behavior [ RunTime:0.000878s ]
INFO: [ view_filter ] --END-- [ RunTime:0.003640s ]
INFO: [ view_end ] --START--

[ 2013-03-28T23:12:09+08:00 ] 127.0.0.1 /tiaozao/htm/
INFO: [ app_begin ] --START--
INFO: Run ReadHtmlCache Behavior [ RunTime:0.002617s ]
INFO: [ app_begin ] --END-- [ RunTime:0.002726s ]
INFO: [ view_template ] --START--
INFO: Run LocationTemplate Behavior [ RunTime:0.001682s ]
INFO: [ view_template ] --END-- [ RunTime:0.001789s ]
INFO: [ view_parse ] --START--
INFO: Run ParseTemplate Behavior [ RunTime:0.018745s ]
INFO: [ view_parse ] --END-- [ RunTime:0.018835s ]
INFO: [ view_filter ] --START--
INFO: Run ContentReplace Behavior [ RunTime:0.000915s ]
INFO: Run TokenBuild Behavior [ RunTime:0.000814s ]
INFO: Run WriteHtmlCache Behavior [ RunTime:0.000675s ]
INFO: Run ShowRuntime Behavior [ RunTime:0.002408s ]
INFO: [ view_filter ] --END-- [ RunTime:0.005011s ]
INFO: [ view_end ] --START--

[ 2013-03-28T23:12:18+08:00 ] 127.0.0.1 /tiaozao/htm/?queryType=0&queryType=1&queryType=2&queryStr=
INFO: [ app_begin ] --START--
INFO: Run ReadHtmlCache Behavior [ RunTime:0.001436s ]
INFO: [ app_begin ] --END-- [ RunTime:0.001539s ]
INFO: [ view_template ] --START--
INFO: Run LocationTemplate Behavior [ RunTime:0.001844s ]
INFO: [ view_template ] --END-- [ RunTime:0.001923s ]
INFO: [ view_parse ] --START--
INFO: Run ParseTemplate Behavior [ RunTime:0.016716s ]
INFO: [ view_parse ] --END-- [ RunTime:0.016803s ]
INFO: [ view_filter ] --START--
INFO: Run ContentReplace Behavior [ RunTime:0.001032s ]
INFO: Run TokenBuild Behavior [ RunTime:0.000928s ]
INFO: Run WriteHtmlCache Behavior [ RunTime:0.000789s ]
INFO: Run ShowRuntime Behavior [ RunTime:0.001032s ]
INFO: [ view_filter ] --END-- [ RunTime:0.003954s ]
INFO: [ view_end ] --START--

[ 2013-03-28T23:12:18+08:00 ] 127.0.0.1 /tiaozao/htm/?queryType=0&queryType=1&queryType=2&queryStr=resource/home/default/css/bootstrap.css
INFO: [ app_begin ] --START--
INFO: Run ReadHtmlCache Behavior [ RunTime:0.001095s ]
INFO: [ app_begin ] --END-- [ RunTime:0.001181s ]
INFO: [ view_template ] --START--
INFO: Run LocationTemplate Behavior [ RunTime:0.002101s ]
INFO: [ view_template ] --END-- [ RunTime:0.002194s ]
INFO: [ view_parse ] --START--
INFO: Run ParseTemplate Behavior [ RunTime:0.019626s ]
INFO: [ view_parse ] --END-- [ RunTime:0.019732s ]
INFO: [ view_filter ] --START--
INFO: Run ContentReplace Behavior [ RunTime:0.001211s ]
INFO: Run TokenBuild Behavior [ RunTime:0.001281s ]
INFO: Run WriteHtmlCache Behavior [ RunTime:0.001468s ]
INFO: Run ShowRuntime Behavior [ RunTime:0.001407s ]
INFO: [ view_filter ] --END-- [ RunTime:0.005643s ]
INFO: [ view_end ] --START--

[ 2013-03-28T23:12:18+08:00 ] 127.0.0.1 /tiaozao/htm/?queryType=0&queryType=1&queryType=2&queryStr=resource/home/default/js/bootstrap.js
INFO: [ app_begin ] --START--
INFO: Run ReadHtmlCache Behavior [ RunTime:0.005449s ]
INFO: [ app_begin ] --END-- [ RunTime:0.005566s ]
INFO: [ view_template ] --START--
INFO: Run LocationTemplate Behavior [ RunTime:0.000833s ]
INFO: [ view_template ] --END-- [ RunTime:0.000926s ]
INFO: [ view_parse ] --START--
INFO: Run ParseTemplate Behavior [ RunTime:0.022563s ]
INFO: [ view_parse ] --END-- [ RunTime:0.022661s ]
INFO: [ view_filter ] --START--
INFO: Run ContentReplace Behavior [ RunTime:0.000853s ]
INFO: Run TokenBuild Behavior [ RunTime:0.000976s ]
INFO: Run WriteHtmlCache Behavior [ RunTime:0.002229s ]
INFO: Run ShowRuntime Behavior [ RunTime:0.002166s ]
INFO: [ view_filter ] --END-- [ RunTime:0.006468s ]
INFO: [ view_end ] --START--

[ 2013-03-28T23:15:14+08:00 ] 127.0.0.1 /tiaozao/htm/
INFO: [ app_begin ] --START--
INFO: Run ReadHtmlCache Behavior [ RunTime:0.001120s ]
INFO: [ app_begin ] --END-- [ RunTime:0.001212s ]
INFO: [ view_template ] --START--
INFO: Run LocationTemplate Behavior [ RunTime:0.002895s ]
INFO: [ view_template ] --END-- [ RunTime:0.003002s ]
INFO: [ view_parse ] --START--
INFO: Run ParseTemplate Behavior [ RunTime:0.016722s ]
INFO: [ view_parse ] --END-- [ RunTime:0.016813s ]
INFO: [ view_filter ] --START--
INFO: Run ContentReplace Behavior [ RunTime:0.000942s ]
INFO: Run TokenBuild Behavior [ RunTime:0.001012s ]
INFO: Run WriteHtmlCache Behavior [ RunTime:0.000683s ]
INFO: Run ShowRuntime Behavior [ RunTime:0.000895s ]
INFO: [ view_filter ] --END-- [ RunTime:0.003708s ]
INFO: [ view_end ] --START--

[ 2013-03-28T23:15:17+08:00 ] 127.0.0.1 /tiaozao/htm/?queryType=2&queryStr=
INFO: [ app_begin ] --START--
INFO: Run ReadHtmlCache Behavior [ RunTime:0.001094s ]
INFO: [ app_begin ] --END-- [ RunTime:0.001194s ]
INFO: [ view_template ] --START--
INFO: Run LocationTemplate Behavior [ RunTime:0.000881s ]
INFO: [ view_template ] --END-- [ RunTime:0.000967s ]
INFO: [ view_parse ] --START--
INFO: Run ParseTemplate Behavior [ RunTime:0.013490s ]
INFO: [ view_parse ] --END-- [ RunTime:0.013724s ]
INFO: [ view_filter ] --START--
INFO: Run ContentReplace Behavior [ RunTime:0.000758s ]
INFO: Run TokenBuild Behavior [ RunTime:0.000647s ]
INFO: Run WriteHtmlCache Behavior [ RunTime:0.000538s ]
INFO: Run ShowRuntime Behavior [ RunTime:0.000744s ]
INFO: [ view_filter ] --END-- [ RunTime:0.002851s ]
INFO: [ view_end ] --START--

[ 2013-03-28T23:15:18+08:00 ] 127.0.0.1 /tiaozao/htm/?queryType=2&queryStr=resource/home/default/js/bootstrap.js
INFO: [ app_begin ] --START--
INFO: Run ReadHtmlCache Behavior [ RunTime:0.001170s ]
INFO: [ app_begin ] --END-- [ RunTime:0.001263s ]
INFO: [ view_template ] --START--
INFO: Run LocationTemplate Behavior [ RunTime:0.001882s ]
INFO: [ view_template ] --END-- [ RunTime:0.001981s ]
INFO: [ view_parse ] --START--
INFO: Run ParseTemplate Behavior [ RunTime:0.021897s ]
INFO: [ view_parse ] --END-- [ RunTime:0.022000s ]
INFO: [ view_filter ] --START--
INFO: Run ContentReplace Behavior [ RunTime:0.001190s ]
INFO: Run TokenBuild Behavior [ RunTime:0.001146s ]
INFO: Run WriteHtmlCache Behavior [ RunTime:0.000896s ]
INFO: Run ShowRuntime Behavior [ RunTime:0.051631s ]
INFO: [ view_filter ] --END-- [ RunTime:0.055512s ]
INFO: [ view_end ] --START--

[ 2013-03-28T23:15:18+08:00 ] 127.0.0.1 /tiaozao/htm/?queryType=2&queryStr=resource/home/default/css/bootstrap.css
INFO: [ app_begin ] --START--
INFO: Run ReadHtmlCache Behavior [ RunTime:0.001343s ]
INFO: [ app_begin ] --END-- [ RunTime:0.001431s ]
INFO: [ view_template ] --START--
INFO: Run LocationTemplate Behavior [ RunTime:0.001614s ]
INFO: [ view_template ] --END-- [ RunTime:0.001707s ]
INFO: [ view_parse ] --START--
INFO: Run ParseTemplate Behavior [ RunTime:0.018460s ]
INFO: [ view_parse ] --END-- [ RunTime:0.018550s ]
INFO: [ view_filter ] --START--
INFO: Run ContentReplace Behavior [ RunTime:0.000981s ]
INFO: Run TokenBuild Behavior [ RunTime:0.001078s ]
INFO: Run WriteHtmlCache Behavior [ RunTime:0.000827s ]
INFO: Run ShowRuntime Behavior [ RunTime:0.001020s ]
INFO: [ view_filter ] --END-- [ RunTime:0.004105s ]
INFO: [ view_end ] --START--

[ 2013-03-28T23:15:21+08:00 ] 127.0.0.1 /tiaozao/htm/?queryType=0&queryStr=
INFO: [ app_begin ] --START--
INFO: Run ReadHtmlCache Behavior [ RunTime:0.001001s ]
INFO: [ app_begin ] --END-- [ RunTime:0.001101s ]
INFO: [ view_template ] --START--
INFO: Run LocationTemplate Behavior [ RunTime:0.000690s ]
INFO: [ view_template ] --END-- [ RunTime:0.000768s ]
INFO: [ view_parse ] --START--
INFO: Run ParseTemplate Behavior [ RunTime:0.013388s ]
INFO: [ view_parse ] --END-- [ RunTime:0.013471s ]
INFO: [ view_filter ] --START--
INFO: Run ContentReplace Behavior [ RunTime:0.000748s ]
INFO: Run TokenBuild Behavior [ RunTime:0.000646s ]
INFO: Run WriteHtmlCache Behavior [ RunTime:0.000514s ]
INFO: Run ShowRuntime Behavior [ RunTime:0.000755s ]
INFO: [ view_filter ] --END-- [ RunTime:0.002829s ]
INFO: [ view_end ] --START--

[ 2013-03-28T23:15:21+08:00 ] 127.0.0.1 /tiaozao/htm/?queryType=0&queryStr=resource/home/default/js/bootstrap.js
INFO: [ app_begin ] --START--
INFO: Run ReadHtmlCache Behavior [ RunTime:0.001170s ]
INFO: [ app_begin ] --END-- [ RunTime:0.001279s ]
INFO: [ view_template ] --START--
INFO: Run LocationTemplate Behavior [ RunTime:0.000931s ]
INFO: [ view_template ] --END-- [ RunTime:0.001187s ]
INFO: [ view_parse ] --START--
INFO: Run ParseTemplate Behavior [ RunTime:0.014497s ]
INFO: [ view_parse ] --END-- [ RunTime:0.014588s ]
INFO: [ view_filter ] --START--
INFO: Run ContentReplace Behavior [ RunTime:0.000801s ]
INFO: Run TokenBuild Behavior [ RunTime:0.000669s ]
INFO: Run WriteHtmlCache Behavior [ RunTime:0.000524s ]
INFO: Run ShowRuntime Behavior [ RunTime:0.000979s ]
INFO: [ view_filter ] --END-- [ RunTime:0.003196s ]
INFO: [ view_end ] --START--

[ 2013-03-28T23:15:21+08:00 ] 127.0.0.1 /tiaozao/htm/?queryType=0&queryStr=resource/home/default/css/bootstrap.css
INFO: [ app_begin ] --START--
INFO: Run ReadHtmlCache Behavior [ RunTime:0.001217s ]
INFO: [ app_begin ] --END-- [ RunTime:0.001306s ]
INFO: [ view_template ] --START--
INFO: Run LocationTemplate Behavior [ RunTime:0.000907s ]
INFO: [ view_template ] --END-- [ RunTime:0.000999s ]
INFO: [ view_parse ] --START--
INFO: Run ParseTemplate Behavior [ RunTime:0.018799s ]
INFO: [ view_parse ] --END-- [ RunTime:0.018892s ]
INFO: [ view_filter ] --START--
INFO: Run ContentReplace Behavior [ RunTime:0.001091s ]
INFO: Run TokenBuild Behavior [ RunTime:0.001186s ]
INFO: Run WriteHtmlCache Behavior [ RunTime:0.000713s ]
INFO: Run ShowRuntime Behavior [ RunTime:0.002660s ]
INFO: [ view_filter ] --END-- [ RunTime:0.005880s ]
INFO: [ view_end ] --START--

[ 2013-03-28T23:15:24+08:00 ] 127.0.0.1 /tiaozao/htm/?queryType=1&queryStr=
INFO: [ app_begin ] --START--
INFO: Run ReadHtmlCache Behavior [ RunTime:0.001085s ]
INFO: [ app_begin ] --END-- [ RunTime:0.001182s ]
INFO: [ view_template ] --START--
INFO: Run LocationTemplate Behavior [ RunTime:0.000998s ]
INFO: [ view_template ] --END-- [ RunTime:0.001088s ]
INFO: [ view_parse ] --START--
INFO: Run ParseTemplate Behavior [ RunTime:0.012644s ]
INFO: [ view_parse ] --END-- [ RunTime:0.012746s ]
INFO: [ view_filter ] --START--
INFO: Run ContentReplace Behavior [ RunTime:0.001162s ]
INFO: Run TokenBuild Behavior [ RunTime:0.000798s ]
INFO: Run WriteHtmlCache Behavior [ RunTime:0.000551s ]
INFO: Run ShowRuntime Behavior [ RunTime:0.000772s ]
INFO: [ view_filter ] --END-- [ RunTime:0.003465s ]
INFO: [ view_end ] --START--

[ 2013-03-28T23:15:24+08:00 ] 127.0.0.1 /tiaozao/htm/?queryType=1&queryStr=resource/home/default/js/bootstrap.js
INFO: [ app_begin ] --START--
INFO: Run ReadHtmlCache Behavior [ RunTime:0.001199s ]
INFO: [ app_begin ] --END-- [ RunTime:0.001305s ]
INFO: [ view_template ] --START--
INFO: Run LocationTemplate Behavior [ RunTime:0.001619s ]
INFO: [ view_template ] --END-- [ RunTime:0.001728s ]
INFO: [ view_parse ] --START--
INFO: Run ParseTemplate Behavior [ RunTime:0.015520s ]
INFO: [ view_parse ] --END-- [ RunTime:0.015609s ]
INFO: [ view_filter ] --START--
INFO: Run ContentReplace Behavior [ RunTime:0.000756s ]
INFO: Run TokenBuild Behavior [ RunTime:0.000763s ]
INFO: Run WriteHtmlCache Behavior [ RunTime:0.000656s ]
INFO: Run ShowRuntime Behavior [ RunTime:0.000929s ]
INFO: [ view_filter ] --END-- [ RunTime:0.003319s ]
INFO: [ view_end ] --START--

[ 2013-03-28T23:15:24+08:00 ] 127.0.0.1 /tiaozao/htm/?queryType=1&queryStr=resource/home/default/css/bootstrap.css
INFO: [ app_begin ] --START--
INFO: Run ReadHtmlCache Behavior [ RunTime:0.005901s ]
INFO: [ app_begin ] --END-- [ RunTime:0.006001s ]
INFO: [ view_template ] --START--
INFO: Run LocationTemplate Behavior [ RunTime:0.000953s ]
INFO: [ view_template ] --END-- [ RunTime:0.001043s ]
INFO: [ view_parse ] --START--
INFO: Run ParseTemplate Behavior [ RunTime:0.012881s ]
INFO: [ view_parse ] --END-- [ RunTime:0.012966s ]
INFO: [ view_filter ] --START--
INFO: Run ContentReplace Behavior [ RunTime:0.000810s ]
INFO: Run TokenBuild Behavior [ RunTime:0.001142s ]
INFO: Run WriteHtmlCache Behavior [ RunTime:0.000730s ]
INFO: Run ShowRuntime Behavior [ RunTime:0.000890s ]
INFO: [ view_filter ] --END-- [ RunTime:0.003786s ]
INFO: [ view_end ] --START--

[ 2013-03-28T23:15:27+08:00 ] 127.0.0.1 /tiaozao/htm/?queryType=2&queryStr=
INFO: [ app_begin ] --START--
INFO: Run ReadHtmlCache Behavior [ RunTime:0.001239s ]
INFO: [ app_begin ] --END-- [ RunTime:0.001353s ]
INFO: [ view_template ] --START--
INFO: Run LocationTemplate Behavior [ RunTime:0.000882s ]
INFO: [ view_template ] --END-- [ RunTime:0.000985s ]
INFO: [ view_parse ] --START--
INFO: Run ParseTemplate Behavior [ RunTime:0.013356s ]
INFO: [ view_parse ] --END-- [ RunTime:0.013442s ]
INFO: [ view_filter ] --START--
INFO: Run ContentReplace Behavior [ RunTime:0.000753s ]
INFO: Run TokenBuild Behavior [ RunTime:0.000889s ]
INFO: Run WriteHtmlCache Behavior [ RunTime:0.000613s ]
INFO: Run ShowRuntime Behavior [ RunTime:0.000928s ]
INFO: [ view_filter ] --END-- [ RunTime:0.003390s ]
INFO: [ view_end ] --START--

[ 2013-03-28T23:15:27+08:00 ] 127.0.0.1 /tiaozao/htm/?queryType=2&queryStr=resource/home/default/css/bootstrap.css
INFO: [ app_begin ] --START--
INFO: Run ReadHtmlCache Behavior [ RunTime:0.000890s ]
INFO: [ app_begin ] --END-- [ RunTime:0.000979s ]
INFO: [ view_template ] --START--
INFO: Run LocationTemplate Behavior [ RunTime:0.000717s ]
INFO: [ view_template ] --END-- [ RunTime:0.000795s ]
INFO: [ view_parse ] --START--
INFO: Run ParseTemplate Behavior [ RunTime:0.039602s ]
INFO: [ view_parse ] --END-- [ RunTime:0.039709s ]
INFO: [ view_filter ] --START--
INFO: Run ContentReplace Behavior [ RunTime:0.000986s ]
INFO: Run TokenBuild Behavior [ RunTime:0.000938s ]
INFO: Run WriteHtmlCache Behavior [ RunTime:0.000715s ]
INFO: Run ShowRuntime Behavior [ RunTime:0.000928s ]
INFO: [ view_filter ] --END-- [ RunTime:0.003796s ]
INFO: [ view_end ] --START--

[ 2013-03-28T23:15:27+08:00 ] 127.0.0.1 /tiaozao/htm/?queryType=2&queryStr=resource/home/default/js/bootstrap.js
INFO: [ app_begin ] --START--
INFO: Run ReadHtmlCache Behavior [ RunTime:0.002776s ]
INFO: [ app_begin ] --END-- [ RunTime:0.002877s ]
INFO: [ view_template ] --START--
INFO: Run LocationTemplate Behavior [ RunTime:0.001092s ]
INFO: [ view_template ] --END-- [ RunTime:0.001195s ]
INFO: [ view_parse ] --START--
INFO: Run ParseTemplate Behavior [ RunTime:0.020757s ]
INFO: [ view_parse ] --END-- [ RunTime:0.020860s ]
INFO: [ view_filter ] --START--
INFO: Run ContentReplace Behavior [ RunTime:0.003555s ]
INFO: Run TokenBuild Behavior [ RunTime:0.001317s ]
INFO: Run WriteHtmlCache Behavior [ RunTime:0.000753s ]
INFO: Run ShowRuntime Behavior [ RunTime:0.001278s ]
INFO: [ view_filter ] --END-- [ RunTime:0.007380s ]
INFO: [ view_end ] --START--

[ 2013-03-28T23:18:03+08:00 ] 127.0.0.1 /tiaozao/htm/
INFO: [ app_begin ] --START--
INFO: Run ReadHtmlCache Behavior [ RunTime:0.001307s ]
INFO: [ app_begin ] --END-- [ RunTime:0.001416s ]
INFO: [ view_template ] --START--
INFO: Run LocationTemplate Behavior [ RunTime:0.001423s ]
INFO: [ view_template ] --END-- [ RunTime:0.001501s ]
INFO: [ view_parse ] --START--
INFO: Run ParseTemplate Behavior [ RunTime:0.013733s ]
INFO: [ view_parse ] --END-- [ RunTime:0.013814s ]
INFO: [ view_filter ] --START--
INFO: Run ContentReplace Behavior [ RunTime:0.000990s ]
INFO: Run TokenBuild Behavior [ RunTime:0.001154s ]
INFO: Run WriteHtmlCache Behavior [ RunTime:0.001024s ]
INFO: Run ShowRuntime Behavior [ RunTime:0.001145s ]
INFO: [ view_filter ] --END-- [ RunTime:0.004549s ]
INFO: [ view_end ] --START--

[ 2013-03-28T23:18:20+08:00 ] 127.0.0.1 /tiaozao/htm/
INFO: [ app_begin ] --START--
INFO: Run ReadHtmlCache Behavior [ RunTime:0.001406s ]
INFO: [ app_begin ] --END-- [ RunTime:0.001498s ]
INFO: [ view_template ] --START--
INFO: Run LocationTemplate Behavior [ RunTime:0.001448s ]
INFO: [ view_template ] --END-- [ RunTime:0.001529s ]
INFO: [ view_parse ] --START--
INFO: Run ParseTemplate Behavior [ RunTime:0.013640s ]
INFO: [ view_parse ] --END-- [ RunTime:0.013728s ]
INFO: [ view_filter ] --START--
INFO: Run ContentReplace Behavior [ RunTime:0.000912s ]
INFO: Run TokenBuild Behavior [ RunTime:0.000848s ]
INFO: Run WriteHtmlCache Behavior [ RunTime:0.000804s ]
INFO: Run ShowRuntime Behavior [ RunTime:0.001044s ]
INFO: [ view_filter ] --END-- [ RunTime:0.003820s ]
INFO: [ view_end ] --START--

[ 2013-03-28T23:19:53+08:00 ] 127.0.0.1 /tiaozao/htm/
INFO: [ app_begin ] --START--
INFO: Run ReadHtmlCache Behavior [ RunTime:0.001057s ]
INFO: [ app_begin ] --END-- [ RunTime:0.001158s ]
INFO: [ view_template ] --START--
INFO: Run LocationTemplate Behavior [ RunTime:0.002909s ]
INFO: [ view_template ] --END-- [ RunTime:0.003006s ]
INFO: [ view_parse ] --START--
INFO: Run ParseTemplate Behavior [ RunTime:0.012842s ]
INFO: [ view_parse ] --END-- [ RunTime:0.012941s ]
INFO: [ view_filter ] --START--
INFO: Run ContentReplace Behavior [ RunTime:0.000900s ]
INFO: Run TokenBuild Behavior [ RunTime:0.000855s ]
INFO: Run WriteHtmlCache Behavior [ RunTime:0.000572s ]
INFO: Run ShowRuntime Behavior [ RunTime:0.000734s ]
INFO: [ view_filter ] --END-- [ RunTime:0.003239s ]
INFO: [ view_end ] --START--

[ 2013-03-28T23:21:32+08:00 ] 127.0.0.1 /tiaozao/htm/
INFO: [ app_begin ] --START--
INFO: Run ReadHtmlCache Behavior [ RunTime:0.001408s ]
INFO: [ app_begin ] --END-- [ RunTime:0.001528s ]
INFO: [ view_template ] --START--
INFO: Run LocationTemplate Behavior [ RunTime:0.001522s ]
INFO: [ view_template ] --END-- [ RunTime:0.001609s ]
INFO: [ view_parse ] --START--
INFO: Run ParseTemplate Behavior [ RunTime:0.013863s ]
INFO: [ view_parse ] --END-- [ RunTime:0.013948s ]
INFO: [ view_filter ] --START--
INFO: Run ContentReplace Behavior [ RunTime:0.000940s ]
INFO: Run TokenBuild Behavior [ RunTime:0.000819s ]
INFO: Run WriteHtmlCache Behavior [ RunTime:0.000694s ]
INFO: Run ShowRuntime Behavior [ RunTime:0.001027s ]
INFO: [ view_filter ] --END-- [ RunTime:0.003669s ]
INFO: [ view_end ] --START--

[ 2013-03-28T23:21:44+08:00 ] 127.0.0.1 /tiaozao/htm/
INFO: [ app_begin ] --START--
INFO: Run ReadHtmlCache Behavior [ RunTime:0.001281s ]
INFO: [ app_begin ] --END-- [ RunTime:0.001389s ]
INFO: [ view_template ] --START--
INFO: Run LocationTemplate Behavior [ RunTime:0.003072s ]
INFO: [ view_template ] --END-- [ RunTime:0.003189s ]
INFO: [ view_parse ] --START--
INFO: Run ParseTemplate Behavior [ RunTime:0.013588s ]
INFO: [ view_parse ] --END-- [ RunTime:0.013680s ]
INFO: [ view_filter ] --START--
INFO: Run ContentReplace Behavior [ RunTime:0.000971s ]
INFO: Run TokenBuild Behavior [ RunTime:0.000944s ]
INFO: Run WriteHtmlCache Behavior [ RunTime:0.000681s ]
INFO: Run ShowRuntime Behavior [ RunTime:0.001056s ]
INFO: [ view_filter ] --END-- [ RunTime:0.003849s ]
INFO: [ view_end ] --START--

[ 2013-03-28T23:23:44+08:00 ] 127.0.0.1 /tiaozao/htm/
INFO: [ app_begin ] --START--
INFO: Run ReadHtmlCache Behavior [ RunTime:0.001459s ]
INFO: [ app_begin ] --END-- [ RunTime:0.001567s ]
INFO: [ view_template ] --START--
INFO: Run LocationTemplate Behavior [ RunTime:0.001555s ]
INFO: [ view_template ] --END-- [ RunTime:0.001646s ]
INFO: [ view_parse ] --START--
INFO: Run ParseTemplate Behavior [ RunTime:0.019375s ]
INFO: [ view_parse ] --END-- [ RunTime:0.019465s ]
INFO: [ view_filter ] --START--
INFO: Run ContentReplace Behavior [ RunTime:0.001007s ]
INFO: Run TokenBuild Behavior [ RunTime:0.000927s ]
INFO: Run WriteHtmlCache Behavior [ RunTime:0.000756s ]
INFO: Run ShowRuntime Behavior [ RunTime:0.001951s ]
INFO: [ view_filter ] --END-- [ RunTime:0.004849s ]
INFO: [ view_end ] --START--

[ 2013-03-28T23:25:46+08:00 ] 127.0.0.1 /tiaozao/htm/
INFO: [ app_begin ] --START--
INFO: Run ReadHtmlCache Behavior [ RunTime:0.002592s ]
INFO: [ app_begin ] --END-- [ RunTime:0.002724s ]
INFO: [ view_template ] --START--
INFO: Run LocationTemplate Behavior [ RunTime:0.042597s ]
INFO: [ view_template ] --END-- [ RunTime:0.042713s ]
INFO: [ view_parse ] --START--
INFO: Run ParseTemplate Behavior [ RunTime:0.031686s ]
INFO: [ view_parse ] --END-- [ RunTime:0.031802s ]
INFO: [ view_filter ] --START--
INFO: Run ContentReplace Behavior [ RunTime:0.001255s ]
INFO: Run TokenBuild Behavior [ RunTime:0.001078s ]
INFO: Run WriteHtmlCache Behavior [ RunTime:0.000900s ]
INFO: Run ShowRuntime Behavior [ RunTime:0.001282s ]
INFO: [ view_filter ] --END-- [ RunTime:0.004753s ]
INFO: [ view_end ] --START--

[ 2013-03-28T23:26:42+08:00 ] 127.0.0.1 /tiaozao/htm/
INFO: [ app_begin ] --START--
INFO: Run ReadHtmlCache Behavior [ RunTime:0.001254s ]
INFO: [ app_begin ] --END-- [ RunTime:0.001352s ]
INFO: [ view_template ] --START--
INFO: Run LocationTemplate Behavior [ RunTime:0.002118s ]
INFO: [ view_template ] --END-- [ RunTime:0.002217s ]
INFO: [ view_parse ] --START--
INFO: Run ParseTemplate Behavior [ RunTime:0.021033s ]
INFO: [ view_parse ] --END-- [ RunTime:0.021128s ]
INFO: [ view_filter ] --START--
INFO: Run ContentReplace Behavior [ RunTime:0.001361s ]
INFO: Run TokenBuild Behavior [ RunTime:0.001154s ]
INFO: Run WriteHtmlCache Behavior [ RunTime:0.000934s ]
INFO: Run ShowRuntime Behavior [ RunTime:0.001131s ]
INFO: [ view_filter ] --END-- [ RunTime:0.004803s ]
INFO: [ view_end ] --START--

[ 2013-03-28T23:26:54+08:00 ] 127.0.0.1 /tiaozao/htm/
INFO: [ app_begin ] --START--
INFO: Run ReadHtmlCache Behavior [ RunTime:0.001216s ]
INFO: [ app_begin ] --END-- [ RunTime:0.001311s ]
INFO: [ view_template ] --START--
INFO: Run LocationTemplate Behavior [ RunTime:0.001782s ]
INFO: [ view_template ] --END-- [ RunTime:0.001876s ]
INFO: [ view_parse ] --START--
INFO: Run ParseTemplate Behavior [ RunTime:0.015432s ]
INFO: [ view_parse ] --END-- [ RunTime:0.015520s ]
INFO: [ view_filter ] --START--
INFO: Run ContentReplace Behavior [ RunTime:0.000941s ]
INFO: Run TokenBuild Behavior [ RunTime:0.000819s ]
INFO: Run WriteHtmlCache Behavior [ RunTime:0.000694s ]
INFO: Run ShowRuntime Behavior [ RunTime:0.002588s ]
INFO: [ view_filter ] --END-- [ RunTime:0.005239s ]
INFO: [ view_end ] --START--

[ 2013-03-28T23:26:55+08:00 ] 127.0.0.1 /tiaozao/htm/
INFO: [ app_begin ] --START--
INFO: Run ReadHtmlCache Behavior [ RunTime:0.001010s ]
INFO: [ app_begin ] --END-- [ RunTime:0.001103s ]
INFO: [ view_template ] --START--
INFO: Run LocationTemplate Behavior [ RunTime:0.000919s ]
INFO: [ view_template ] --END-- [ RunTime:0.000999s ]
INFO: [ view_parse ] --START--
INFO: Run ParseTemplate Behavior [ RunTime:0.015015s ]
INFO: [ view_parse ] --END-- [ RunTime:0.015099s ]
INFO: [ view_filter ] --START--
INFO: Run ContentReplace Behavior [ RunTime:0.000754s ]
INFO: Run TokenBuild Behavior [ RunTime:0.000662s ]
INFO: Run WriteHtmlCache Behavior [ RunTime:0.000520s ]
INFO: Run ShowRuntime Behavior [ RunTime:0.000982s ]
INFO: [ view_filter ] --END-- [ RunTime:0.003092s ]
INFO: [ view_end ] --START--

[ 2013-03-28T23:26:56+08:00 ] 127.0.0.1 /tiaozao/htm/
INFO: [ app_begin ] --START--
INFO: Run ReadHtmlCache Behavior [ RunTime:0.000825s ]
INFO: [ app_begin ] --END-- [ RunTime:0.000909s ]
INFO: [ view_template ] --START--
INFO: Run LocationTemplate Behavior [ RunTime:0.000670s ]
INFO: [ view_template ] --END-- [ RunTime:0.000742s ]
INFO: [ view_parse ] --START--
INFO: Run ParseTemplate Behavior [ RunTime:0.014012s ]
INFO: [ view_parse ] --END-- [ RunTime:0.014098s ]
INFO: [ view_filter ] --START--
INFO: Run ContentReplace Behavior [ RunTime:0.000777s ]
INFO: Run TokenBuild Behavior [ RunTime:0.000677s ]
INFO: Run WriteHtmlCache Behavior [ RunTime:0.000675s ]
INFO: Run ShowRuntime Behavior [ RunTime:0.000889s ]
INFO: [ view_filter ] --END-- [ RunTime:0.003204s ]
INFO: [ view_end ] --START--

[ 2013-03-28T23:26:56+08:00 ] 127.0.0.1 /tiaozao/htm/
INFO: [ app_begin ] --START--
INFO: Run ReadHtmlCache Behavior [ RunTime:0.000900s ]
INFO: [ app_begin ] --END-- [ RunTime:0.000984s ]
INFO: [ view_template ] --START--
INFO: Run LocationTemplate Behavior [ RunTime:0.000684s ]
INFO: [ view_template ] --END-- [ RunTime:0.000759s ]
INFO: [ view_parse ] --START--
INFO: Run ParseTemplate Behavior [ RunTime:0.013121s ]
INFO: [ view_parse ] --END-- [ RunTime:0.013204s ]
INFO: [ view_filter ] --START--
INFO: Run ContentReplace Behavior [ RunTime:0.000848s ]
INFO: Run TokenBuild Behavior [ RunTime:0.000731s ]
INFO: Run WriteHtmlCache Behavior [ RunTime:0.000581s ]
INFO: Run ShowRuntime Behavior [ RunTime:0.000748s ]
INFO: [ view_filter ] --END-- [ RunTime:0.003089s ]
INFO: [ view_end ] --START--

[ 2013-03-28T23:26:57+08:00 ] 127.0.0.1 /tiaozao/htm/
INFO: [ app_begin ] --START--
INFO: Run ReadHtmlCache Behavior [ RunTime:0.000999s ]
INFO: [ app_begin ] --END-- [ RunTime:0.001096s ]
INFO: [ view_template ] --START--
INFO: Run LocationTemplate Behavior [ RunTime:0.000849s ]
INFO: [ view_template ] --END-- [ RunTime:0.000932s ]
INFO: [ view_parse ] --START--
INFO: Run ParseTemplate Behavior [ RunTime:0.014193s ]
INFO: [ view_parse ] --END-- [ RunTime:0.014286s ]
INFO: [ view_filter ] --START--
INFO: Run ContentReplace Behavior [ RunTime:0.000977s ]
INFO: Run TokenBuild Behavior [ RunTime:0.000714s ]
INFO: Run WriteHtmlCache Behavior [ RunTime:0.000583s ]
INFO: Run ShowRuntime Behavior [ RunTime:0.000796s ]
INFO: [ view_filter ] --END-- [ RunTime:0.003254s ]
INFO: [ view_end ] --START--

[ 2013-03-28T23:30:31+08:00 ] 127.0.0.1 /tiaozao/htm/
INFO: [ app_begin ] --START--
INFO: Run ReadHtmlCache Behavior [ RunTime:0.002366s ]
INFO: [ app_begin ] --END-- [ RunTime:0.002468s ]
INFO: [ view_template ] --START--
INFO: Run LocationTemplate Behavior [ RunTime:0.002064s ]
INFO: [ view_template ] --END-- [ RunTime:0.002155s ]
INFO: [ view_parse ] --START--
INFO: Run ParseTemplate Behavior [ RunTime:0.019124s ]
INFO: [ view_parse ] --END-- [ RunTime:0.019217s ]
INFO: [ view_filter ] --START--
INFO: Run ContentReplace Behavior [ RunTime:0.001174s ]
INFO: Run TokenBuild Behavior [ RunTime:0.000929s ]
INFO: Run WriteHtmlCache Behavior [ RunTime:0.001138s ]
INFO: Run ShowRuntime Behavior [ RunTime:0.001252s ]
INFO: [ view_filter ] --END-- [ RunTime:0.004720s ]
INFO: [ view_end ] --START--

[ 2013-03-28T23:30:51+08:00 ] 127.0.0.1 /tiaozao/htm/
INFO: [ app_begin ] --START--
INFO: Run ReadHtmlCache Behavior [ RunTime:0.002300s ]
INFO: [ app_begin ] --END-- [ RunTime:0.002503s ]
INFO: [ view_template ] --START--
INFO: Run LocationTemplate Behavior [ RunTime:0.001501s ]
INFO: [ view_template ] --END-- [ RunTime:0.001579s ]
INFO: [ view_parse ] --START--
INFO: Run ParseTemplate Behavior [ RunTime:0.015580s ]
INFO: [ view_parse ] --END-- [ RunTime:0.015666s ]
INFO: [ view_filter ] --START--
INFO: Run ContentReplace Behavior [ RunTime:0.003032s ]
INFO: Run TokenBuild Behavior [ RunTime:0.001235s ]
INFO: Run WriteHtmlCache Behavior [ RunTime:0.000937s ]
INFO: Run ShowRuntime Behavior [ RunTime:0.001065s ]
INFO: [ view_filter ] --END-- [ RunTime:0.006537s ]
INFO: [ view_end ] --START--

[ 2013-03-28T23:31:18+08:00 ] 127.0.0.1 /tiaozao/htm/
INFO: [ app_begin ] --START--
INFO: Run ReadHtmlCache Behavior [ RunTime:0.007377s ]
INFO: [ app_begin ] --END-- [ RunTime:0.007474s ]
INFO: [ view_template ] --START--
INFO: Run LocationTemplate Behavior [ RunTime:0.001419s ]
INFO: [ view_template ] --END-- [ RunTime:0.001510s ]
INFO: [ view_parse ] --START--
INFO: Run ParseTemplate Behavior [ RunTime:0.015323s ]
INFO: [ view_parse ] --END-- [ RunTime:0.015409s ]
INFO: [ view_filter ] --START--
INFO: Run ContentReplace Behavior [ RunTime:0.000942s ]
INFO: Run TokenBuild Behavior [ RunTime:0.000828s ]
INFO: Run WriteHtmlCache Behavior [ RunTime:0.000881s ]
INFO: Run ShowRuntime Behavior [ RunTime:0.000880s ]
INFO: [ view_filter ] --END-- [ RunTime:0.003706s ]
INFO: [ view_end ] --START--

[ 2013-03-28T23:35:20+08:00 ] 127.0.0.1 /tiaozao/htm/
INFO: [ app_begin ] --START--
INFO: Run ReadHtmlCache Behavior [ RunTime:0.001208s ]
INFO: [ app_begin ] --END-- [ RunTime:0.001302s ]
INFO: [ view_template ] --START--
INFO: Run LocationTemplate Behavior [ RunTime:0.001878s ]
INFO: [ view_template ] --END-- [ RunTime:0.001962s ]
INFO: [ view_parse ] --START--
INFO: Run ParseTemplate Behavior [ RunTime:0.015377s ]
INFO: [ view_parse ] --END-- [ RunTime:0.015478s ]
INFO: [ view_filter ] --START--
INFO: Run ContentReplace Behavior [ RunTime:0.001030s ]
INFO: Run TokenBuild Behavior [ RunTime:0.000925s ]
INFO: Run WriteHtmlCache Behavior [ RunTime:0.000851s ]
INFO: Run ShowRuntime Behavior [ RunTime:0.001024s ]
INFO: [ view_filter ] --END-- [ RunTime:0.004019s ]
INFO: [ view_end ] --START--

[ 2013-03-28T23:38:11+08:00 ] 127.0.0.1 /tiaozao/htm/
INFO: [ app_begin ] --START--
INFO: Run ReadHtmlCache Behavior [ RunTime:0.002641s ]
INFO: [ app_begin ] --END-- [ RunTime:0.002744s ]
INFO: [ view_template ] --START--
INFO: Run LocationTemplate Behavior [ RunTime:0.001426s ]
INFO: [ view_template ] --END-- [ RunTime:0.001503s ]
INFO: [ view_parse ] --START--
INFO: Run ParseTemplate Behavior [ RunTime:0.014755s ]
INFO: [ view_parse ] --END-- [ RunTime:0.014846s ]
INFO: [ view_filter ] --START--
INFO: Run ContentReplace Behavior [ RunTime:0.000905s ]
INFO: Run TokenBuild Behavior [ RunTime:0.000807s ]
INFO: Run WriteHtmlCache Behavior [ RunTime:0.000684s ]
INFO: Run ShowRuntime Behavior [ RunTime:0.000881s ]
INFO: [ view_filter ] --END-- [ RunTime:0.003456s ]
INFO: [ view_end ] --START--

[ 2013-03-28T23:38:30+08:00 ] 127.0.0.1 /tiaozao/htm/
INFO: [ app_begin ] --START--
INFO: Run ReadHtmlCache Behavior [ RunTime:0.001405s ]
INFO: [ app_begin ] --END-- [ RunTime:0.001516s ]
INFO: [ view_template ] --START--
INFO: Run LocationTemplate Behavior [ RunTime:0.001794s ]
INFO: [ view_template ] --END-- [ RunTime:0.001899s ]
INFO: [ view_parse ] --START--
INFO: Run ParseTemplate Behavior [ RunTime:0.015639s ]
INFO: [ view_parse ] --END-- [ RunTime:0.015740s ]
INFO: [ view_filter ] --START--
INFO: Run ContentReplace Behavior [ RunTime:0.001035s ]
INFO: Run TokenBuild Behavior [ RunTime:0.002365s ]
INFO: Run WriteHtmlCache Behavior [ RunTime:0.000813s ]
INFO: Run ShowRuntime Behavior [ RunTime:0.001049s ]
INFO: [ view_filter ] --END-- [ RunTime:0.005499s ]
INFO: [ view_end ] --START--

[ 2013-03-28T23:40:20+08:00 ] 127.0.0.1 /tiaozao/htm/
INFO: [ app_begin ] --START--
INFO: Run ReadHtmlCache Behavior [ RunTime:0.001210s ]
INFO: [ app_begin ] --END-- [ RunTime:0.001312s ]
INFO: [ view_template ] --START--
INFO: Run LocationTemplate Behavior [ RunTime:0.001677s ]
INFO: [ view_template ] --END-- [ RunTime:0.001781s ]
INFO: [ view_parse ] --START--
INFO: Run ParseTemplate Behavior [ RunTime:0.015877s ]
INFO: [ view_parse ] --END-- [ RunTime:0.015975s ]
INFO: [ view_filter ] --START--
INFO: Run ContentReplace Behavior [ RunTime:0.000910s ]
INFO: Run TokenBuild Behavior [ RunTime:0.000810s ]
INFO: Run WriteHtmlCache Behavior [ RunTime:0.000702s ]
INFO: Run ShowRuntime Behavior [ RunTime:0.001156s ]
INFO: [ view_filter ] --END-- [ RunTime:0.003771s ]
INFO: [ view_end ] --START--

[ 2013-03-28T23:41:19+08:00 ] 127.0.0.1 /tiaozao/htm/
INFO: [ app_begin ] --START--
INFO: Run ReadHtmlCache Behavior [ RunTime:0.001271s ]
INFO: [ app_begin ] --END-- [ RunTime:0.001362s ]
INFO: [ view_template ] --START--
INFO: Run LocationTemplate Behavior [ RunTime:0.001912s ]
INFO: [ view_template ] --END-- [ RunTime:0.002000s ]
INFO: [ view_parse ] --START--
INFO: Run ParseTemplate Behavior [ RunTime:0.016072s ]
INFO: [ view_parse ] --END-- [ RunTime:0.016159s ]
INFO: [ view_filter ] --START--
INFO: Run ContentReplace Behavior [ RunTime:0.001110s ]
INFO: Run TokenBuild Behavior [ RunTime:0.001241s ]
INFO: Run WriteHtmlCache Behavior [ RunTime:0.000887s ]
INFO: Run ShowRuntime Behavior [ RunTime:0.001041s ]
INFO: [ view_filter ] --END-- [ RunTime:0.004509s ]
INFO: [ view_end ] --START--

[ 2013-03-28T23:42:30+08:00 ] 127.0.0.1 /tiaozao/htm/
INFO: [ app_begin ] --START--
INFO: Run ReadHtmlCache Behavior [ RunTime:0.001236s ]
INFO: [ app_begin ] --END-- [ RunTime:0.001338s ]
INFO: [ view_template ] --START--
INFO: Run LocationTemplate Behavior [ RunTime:0.001566s ]
INFO: [ view_template ] --END-- [ RunTime:0.001663s ]
INFO: [ view_parse ] --START--
INFO: Run ParseTemplate Behavior [ RunTime:0.015462s ]
INFO: [ view_parse ] --END-- [ RunTime:0.015555s ]
INFO: [ view_filter ] --START--
INFO: Run ContentReplace Behavior [ RunTime:0.001041s ]
INFO: Run TokenBuild Behavior [ RunTime:0.000892s ]
INFO: Run WriteHtmlCache Behavior [ RunTime:0.000775s ]
INFO: Run ShowRuntime Behavior [ RunTime:0.001318s ]
INFO: [ view_filter ] --END-- [ RunTime:0.004255s ]
INFO: [ view_end ] --START--

[ 2013-03-28T23:42:38+08:00 ] 127.0.0.1 /tiaozao/htm/
INFO: [ app_begin ] --START--
INFO: Run ReadHtmlCache Behavior [ RunTime:0.001473s ]
INFO: [ app_begin ] --END-- [ RunTime:0.001579s ]
INFO: [ view_template ] --START--
INFO: Run LocationTemplate Behavior [ RunTime:0.001559s ]
INFO: [ view_template ] --END-- [ RunTime:0.001650s ]
INFO: [ view_parse ] --START--
INFO: Run ParseTemplate Behavior [ RunTime:0.052482s ]
INFO: [ view_parse ] --END-- [ RunTime:0.052578s ]
INFO: [ view_filter ] --START--
INFO: Run ContentReplace Behavior [ RunTime:0.001023s ]
INFO: Run TokenBuild Behavior [ RunTime:0.000944s ]
INFO: Run WriteHtmlCache Behavior [ RunTime:0.000788s ]
INFO: Run ShowRuntime Behavior [ RunTime:0.000924s ]
INFO: [ view_filter ] --END-- [ RunTime:0.003892s ]
INFO: [ view_end ] --START--

[ 2013-03-28T23:42:46+08:00 ] 127.0.0.1 /tiaozao/htm/
INFO: [ app_begin ] --START--
INFO: Run ReadHtmlCache Behavior [ RunTime:0.001253s ]
INFO: [ app_begin ] --END-- [ RunTime:0.001355s ]
INFO: [ view_template ] --START--
INFO: Run LocationTemplate Behavior [ RunTime:0.001815s ]
INFO: [ view_template ] --END-- [ RunTime:0.001918s ]
INFO: [ view_parse ] --START--
INFO: Run ParseTemplate Behavior [ RunTime:0.015824s ]
INFO: [ view_parse ] --END-- [ RunTime:0.015913s ]
INFO: [ view_filter ] --START--
INFO: Run ContentReplace Behavior [ RunTime:0.000929s ]
INFO: Run TokenBuild Behavior [ RunTime:0.001476s ]
INFO: Run WriteHtmlCache Behavior [ RunTime:0.000811s ]
INFO: Run ShowRuntime Behavior [ RunTime:0.000897s ]
INFO: [ view_filter ] --END-- [ RunTime:0.004308s ]
INFO: [ view_end ] --START--

[ 2013-03-28T23:42:52+08:00 ] 127.0.0.1 /tiaozao/htm/
INFO: [ app_begin ] --START--
INFO: Run ReadHtmlCache Behavior [ RunTime:0.001116s ]
INFO: [ app_begin ] --END-- [ RunTime:0.001202s ]
INFO: [ view_template ] --START--
INFO: Run LocationTemplate Behavior [ RunTime:0.001406s ]
INFO: [ view_template ] --END-- [ RunTime:0.001483s ]
INFO: [ view_parse ] --START--
INFO: Run ParseTemplate Behavior [ RunTime:0.013702s ]
INFO: [ view_parse ] --END-- [ RunTime:0.013787s ]
INFO: [ view_filter ] --START--
INFO: Run ContentReplace Behavior [ RunTime:0.000904s ]
INFO: Run TokenBuild Behavior [ RunTime:0.000839s ]
INFO: Run WriteHtmlCache Behavior [ RunTime:0.000767s ]
INFO: Run ShowRuntime Behavior [ RunTime:0.001001s ]
INFO: [ view_filter ] --END-- [ RunTime:0.003710s ]
INFO: [ view_end ] --START--

[ 2013-03-28T23:44:12+08:00 ] 127.0.0.1 /tiaozao/htm/
INFO: [ app_begin ] --START--
INFO: Run ReadHtmlCache Behavior [ RunTime:0.001006s ]
INFO: [ app_begin ] --END-- [ RunTime:0.001102s ]
INFO: [ view_template ] --START--
INFO: Run LocationTemplate Behavior [ RunTime:0.001173s ]
INFO: [ view_template ] --END-- [ RunTime:0.001268s ]
INFO: [ view_parse ] --START--
INFO: Run ParseTemplate Behavior [ RunTime:0.012829s ]
INFO: [ view_parse ] --END-- [ RunTime:0.012915s ]
INFO: [ view_filter ] --START--
INFO: Run ContentReplace Behavior [ RunTime:0.000805s ]
INFO: Run TokenBuild Behavior [ RunTime:0.000656s ]
INFO: Run WriteHtmlCache Behavior [ RunTime:0.000520s ]
INFO: Run ShowRuntime Behavior [ RunTime:0.001056s ]
INFO: [ view_filter ] --END-- [ RunTime:0.003234s ]
INFO: [ view_end ] --START--

[ 2013-03-28T23:55:57+08:00 ] 127.0.0.1 /tiaozao/htm/
INFO: [ app_begin ] --START--
INFO: Run ReadHtmlCache Behavior [ RunTime:0.001425s ]
INFO: [ app_begin ] --END-- [ RunTime:0.001531s ]
INFO: [ view_template ] --START--
INFO: Run LocationTemplate Behavior [ RunTime:0.001803s ]
INFO: [ view_template ] --END-- [ RunTime:0.001912s ]
INFO: [ view_parse ] --START--
INFO: Run ParseTemplate Behavior [ RunTime:0.016904s ]
INFO: [ view_parse ] --END-- [ RunTime:0.016993s ]
INFO: [ view_filter ] --START--
INFO: Run ContentReplace Behavior [ RunTime:0.000908s ]
INFO: Run TokenBuild Behavior [ RunTime:0.000807s ]
INFO: Run WriteHtmlCache Behavior [ RunTime:0.000684s ]
INFO: Run ShowRuntime Behavior [ RunTime:0.000940s ]
INFO: [ view_filter ] --END-- [ RunTime:0.003519s ]
INFO: [ view_end ] --START--

[ 2013-03-28T23:57:54+08:00 ] 127.0.0.1 /tiaozao/htm/
INFO: [ app_begin ] --START--
INFO: Run ReadHtmlCache Behavior [ RunTime:0.001595s ]
INFO: [ app_begin ] --END-- [ RunTime:0.001695s ]
INFO: [ view_template ] --START--
INFO: Run LocationTemplate Behavior [ RunTime:0.002109s ]
INFO: [ view_template ] --END-- [ RunTime:0.002203s ]
INFO: [ view_parse ] --START--
INFO: Run ParseTemplate Behavior [ RunTime:0.018950s ]
INFO: [ view_parse ] --END-- [ RunTime:0.019247s ]
INFO: [ view_filter ] --START--
INFO: Run ContentReplace Behavior [ RunTime:0.001527s ]
INFO: Run TokenBuild Behavior [ RunTime:0.001033s ]
INFO: Run WriteHtmlCache Behavior [ RunTime:0.000817s ]
INFO: Run ShowRuntime Behavior [ RunTime:0.001024s ]
INFO: [ view_filter ] --END-- [ RunTime:0.004605s ]
INFO: [ view_end ] --START--

[ 2013-03-28T23:59:26+08:00 ] 127.0.0.1 /tiaozao/htm/
INFO: [ app_begin ] --START--
INFO: Run ReadHtmlCache Behavior [ RunTime:0.001208s ]
INFO: [ app_begin ] --END-- [ RunTime:0.001306s ]
INFO: [ view_template ] --START--
INFO: Run LocationTemplate Behavior [ RunTime:0.001757s ]
INFO: [ view_template ] --END-- [ RunTime:0.001854s ]
INFO: [ view_parse ] --START--
INFO: Run ParseTemplate Behavior [ RunTime:0.014113s ]
INFO: [ view_parse ] --END-- [ RunTime:0.014201s ]
INFO: [ view_filter ] --START--
INFO: Run ContentReplace Behavior [ RunTime:0.000903s ]
INFO: Run TokenBuild Behavior [ RunTime:0.000798s ]
INFO: Run WriteHtmlCache Behavior [ RunTime:0.000672s ]
INFO: Run ShowRuntime Behavior [ RunTime:0.001340s ]
INFO: [ view_filter ] --END-- [ RunTime:0.003906s ]
INFO: [ view_end ] --START--

[ 2013-03-28T23:59:44+08:00 ] 127.0.0.1 /tiaozao/htm/
INFO: [ app_begin ] --START--
INFO: Run ReadHtmlCache Behavior [ RunTime:0.001313s ]
INFO: [ app_begin ] --END-- [ RunTime:0.001412s ]
INFO: [ view_template ] --START--
INFO: Run LocationTemplate Behavior [ RunTime:0.001673s ]
INFO: [ view_template ] --END-- [ RunTime:0.001812s ]
INFO: [ view_parse ] --START--
INFO: Run ParseTemplate Behavior [ RunTime:0.013886s ]
INFO: [ view_parse ] --END-- [ RunTime:0.013972s ]
INFO: [ view_filter ] --START--
INFO: Run ContentReplace Behavior [ RunTime:0.001000s ]
INFO: Run TokenBuild Behavior [ RunTime:0.001000s ]
INFO: Run WriteHtmlCache Behavior [ RunTime:0.000827s ]
INFO: Run ShowRuntime Behavior [ RunTime:0.000962s ]
INFO: [ view_filter ] --END-- [ RunTime:0.004031s ]
INFO: [ view_end ] --START--

